[0.806s] Invoking command in '/home/iris/RVI/build/odrive_demo_description': CMAKE_PREFIX_PATH=${CMAKE_PREFIX_PATH}:/opt/ros/humble /usr/bin/cmake /home/iris/RVI/src/odrive_ros2_control/odrive_demo_description -DAMENT_CMAKE_SYMLINK_INSTALL=1 -DCMAKE_INSTALL_PREFIX=/home/iris/RVI/install/odrive_demo_description
[0.875s] -- Found ament_cmake_auto: 1.3.7 (/opt/ros/humble/share/ament_cmake_auto/cmake)
[1.690s] -- Override CMake install command with custom implementation using symlinks instead of copying resources
[2.159s] -- Configuring done
[2.187s] -- Generating done
[2.194s] -- Build files have been written to: /home/iris/RVI/build/odrive_demo_description
[2.212s] Invoked command in '/home/iris/RVI/build/odrive_demo_description' returned '0': CMAKE_PREFIX_PATH=${CMAKE_PREFIX_PATH}:/opt/ros/humble /usr/bin/cmake /home/iris/RVI/src/odrive_ros2_control/odrive_demo_description -DAMENT_CMAKE_SYMLINK_INSTALL=1 -DCMAKE_INSTALL_PREFIX=/home/iris/RVI/install/odrive_demo_description
[2.214s] Invoking command in '/home/iris/RVI/build/odrive_demo_description': CMAKE_PREFIX_PATH=${CMAKE_PREFIX_PATH}:/opt/ros/humble /usr/bin/cmake --build /home/iris/RVI/build/odrive_demo_description -- -j4 -l4
[2.380s] Invoked command in '/home/iris/RVI/build/odrive_demo_description' returned '0': CMAKE_PREFIX_PATH=${CMAKE_PREFIX_PATH}:/opt/ros/humble /usr/bin/cmake --build /home/iris/RVI/build/odrive_demo_description -- -j4 -l4
[2.549s] Invoking command in '/home/iris/RVI/build/odrive_demo_description': CMAKE_PREFIX_PATH=${CMAKE_PREFIX_PATH}:/opt/ros/humble /usr/bin/cmake --install /home/iris/RVI/build/odrive_demo_description
[2.575s] -- Install configuration: ""
[2.580s] -- Execute custom install script
[2.585s] -- Symlinking: /home/iris/RVI/install/odrive_demo_description/share/odrive_demo_description/urdf/odrive.ros2_control.xacro
[2.630s] -- Symlinking: /home/iris/RVI/install/odrive_demo_description/share/odrive_demo_description/urdf/odrive.urdf.xacro
[2.661s] -- Symlinking: /home/iris/RVI/install/odrive_demo_description/share/odrive_demo_description/urdf/odrive_diffbot.urdf.xacro
[2.710s] -- Symlinking: /home/iris/RVI/install/odrive_demo_description/share/odrive_demo_description/urdf/odrive_rrbot.urdf.xacro
[2.750s] -- Symlinking: /home/iris/RVI/install/odrive_demo_description/share/ament_index/resource_index/package_run_dependencies/odrive_demo_description
[2.784s] -- Symlinking: /home/iris/RVI/install/odrive_demo_description/share/ament_index/resource_index/parent_prefix_path/odrive_demo_description
[2.820s] -- Symlinking: /home/iris/RVI/install/odrive_demo_description/share/odrive_demo_description/environment/ament_prefix_path.sh
[2.858s] -- Symlinking: /home/iris/RVI/install/odrive_demo_description/share/odrive_demo_description/environment/ament_prefix_path.dsv
[2.893s] -- Symlinking: /home/iris/RVI/install/odrive_demo_description/share/odrive_demo_description/environment/path.sh
[2.935s] -- Symlinking: /home/iris/RVI/install/odrive_demo_description/share/odrive_demo_description/environment/path.dsv
[2.974s] -- Symlinking: /home/iris/RVI/install/odrive_demo_description/share/odrive_demo_description/local_setup.bash
[3.008s] -- Symlinking: /home/iris/RVI/install/odrive_demo_description/share/odrive_demo_description/local_setup.sh
[3.046s] -- Symlinking: /home/iris/RVI/install/odrive_demo_description/share/odrive_demo_description/local_setup.zsh
[3.082s] -- Symlinking: /home/iris/RVI/install/odrive_demo_description/share/odrive_demo_description/local_setup.dsv
[3.118s] -- Symlinking: /home/iris/RVI/install/odrive_demo_description/share/odrive_demo_description/package.dsv
[3.154s] -- Symlinking: /home/iris/RVI/install/odrive_demo_description/share/ament_index/resource_index/packages/odrive_demo_description
[3.192s] -- Symlinking: /home/iris/RVI/install/odrive_demo_description/share/odrive_demo_description/cmake/odrive_demo_descriptionConfig.cmake
[3.232s] -- Symlinking: /home/iris/RVI/install/odrive_demo_description/share/odrive_demo_description/cmake/odrive_demo_descriptionConfig-version.cmake
[3.270s] -- Symlinking: /home/iris/RVI/install/odrive_demo_description/share/odrive_demo_description/package.xml
[3.314s] Invoked command in '/home/iris/RVI/build/odrive_demo_description' returned '0': CMAKE_PREFIX_PATH=${CMAKE_PREFIX_PATH}:/opt/ros/humble /usr/bin/cmake --install /home/iris/RVI/build/odrive_demo_description
