[0.312s] Invoking command in '/home/iris/RVI/build/odrive_demo_bringup': CMAKE_PREFIX_PATH=/home/iris/RVI/install/odrive_demo_description:/home/iris/RVI/install/odrive_ros2_control:/home/iris/RVI/install/odrive_hardware_interface:/home/iris/RVI/install/odrive_demo_bringup:/opt/ros/humble /usr/bin/cmake --build /home/iris/RVI/build/odrive_demo_bringup -- -j4 -l4
[0.785s] Invoked command in '/home/iris/RVI/build/odrive_demo_bringup' returned '0': CMAKE_PREFIX_PATH=/home/iris/RVI/install/odrive_demo_description:/home/iris/RVI/install/odrive_ros2_control:/home/iris/RVI/install/odrive_hardware_interface:/home/iris/RVI/install/odrive_demo_bringup:/opt/ros/humble /usr/bin/cmake --build /home/iris/RVI/build/odrive_demo_bringup -- -j4 -l4
[0.905s] Invoking command in '/home/iris/RVI/build/odrive_demo_bringup': CMAKE_PREFIX_PATH=/home/iris/RVI/install/odrive_demo_description:/home/iris/RVI/install/odrive_ros2_control:/home/iris/RVI/install/odrive_hardware_interface:/home/iris/RVI/install/odrive_demo_bringup:/opt/ros/humble /usr/bin/cmake --install /home/iris/RVI/build/odrive_demo_bringup
[0.943s] -- Install configuration: ""
[0.947s] -- Up-to-date: /home/iris/RVI/install/odrive_demo_bringup/share/odrive_demo_bringup/config
[0.951s] -- Up-to-date: /home/iris/RVI/install/odrive_demo_bringup/share/odrive_demo_bringup/config/diffbot_controllers.yaml
[0.954s] -- Up-to-date: /home/iris/RVI/install/odrive_demo_bringup/share/odrive_demo_bringup/config/rrbot_controllers.yaml
[0.955s] -- Up-to-date: /home/iris/RVI/install/odrive_demo_bringup/share/odrive_demo_bringup/config/odrive_multi_interface_forward_controllers.yaml
[0.960s] -- Up-to-date: /home/iris/RVI/install/odrive_demo_bringup/share/odrive_demo_bringup/launch
[0.962s] -- Up-to-date: /home/iris/RVI/install/odrive_demo_bringup/share/odrive_demo_bringup/launch/odrive_multi_interface.launch.py
[0.963s] -- Up-to-date: /home/iris/RVI/install/odrive_demo_bringup/share/odrive_demo_bringup/launch/odrive_rrbot.launch.py
[0.964s] -- Up-to-date: /home/iris/RVI/install/odrive_demo_bringup/share/odrive_demo_bringup/launch/odrive_diffbot.launch.py
[0.965s] -- Up-to-date: /home/iris/RVI/install/odrive_demo_bringup/share/ament_index/resource_index/package_run_dependencies/odrive_demo_bringup
[0.967s] -- Up-to-date: /home/iris/RVI/install/odrive_demo_bringup/share/ament_index/resource_index/parent_prefix_path/odrive_demo_bringup
[0.967s] -- Up-to-date: /home/iris/RVI/install/odrive_demo_bringup/share/odrive_demo_bringup/environment/ament_prefix_path.sh
[0.968s] -- Up-to-date: /home/iris/RVI/install/odrive_demo_bringup/share/odrive_demo_bringup/environment/ament_prefix_path.dsv
[0.969s] -- Up-to-date: /home/iris/RVI/install/odrive_demo_bringup/share/odrive_demo_bringup/environment/path.sh
[0.970s] -- Up-to-date: /home/iris/RVI/install/odrive_demo_bringup/share/odrive_demo_bringup/environment/path.dsv
[0.970s] -- Up-to-date: /home/iris/RVI/install/odrive_demo_bringup/share/odrive_demo_bringup/local_setup.bash
[0.971s] -- Up-to-date: /home/iris/RVI/install/odrive_demo_bringup/share/odrive_demo_bringup/local_setup.sh
[0.971s] -- Up-to-date: /home/iris/RVI/install/odrive_demo_bringup/share/odrive_demo_bringup/local_setup.zsh
[0.972s] -- Up-to-date: /home/iris/RVI/install/odrive_demo_bringup/share/odrive_demo_bringup/local_setup.dsv
[0.972s] -- Installing: /home/iris/RVI/install/odrive_demo_bringup/share/odrive_demo_bringup/package.dsv
[0.972s] -- Up-to-date: /home/iris/RVI/install/odrive_demo_bringup/share/ament_index/resource_index/packages/odrive_demo_bringup
[0.972s] -- Up-to-date: /home/iris/RVI/install/odrive_demo_bringup/share/odrive_demo_bringup/cmake/odrive_demo_bringupConfig.cmake
[0.973s] -- Up-to-date: /home/iris/RVI/install/odrive_demo_bringup/share/odrive_demo_bringup/cmake/odrive_demo_bringupConfig-version.cmake
[0.974s] -- Up-to-date: /home/iris/RVI/install/odrive_demo_bringup/share/odrive_demo_bringup/package.xml
[1.343s] Invoked command in '/home/iris/RVI/build/odrive_demo_bringup' returned '0': CMAKE_PREFIX_PATH=/home/iris/RVI/install/odrive_demo_description:/home/iris/RVI/install/odrive_ros2_control:/home/iris/RVI/install/odrive_hardware_interface:/home/iris/RVI/install/odrive_demo_bringup:/opt/ros/humble /usr/bin/cmake --install /home/iris/RVI/build/odrive_demo_bringup
