[0.823s] Invoking command in '/home/iris/RVI/build/odrive_demo_description': CMAKE_PREFIX_PATH=${CMAKE_PREFIX_PATH}:/opt/ros/humble /usr/bin/cmake /home/iris/RVI/src/odrive_ros2_control/odrive_demo_description -DCMAKE_INSTALL_PREFIX=/home/iris/RVI/install/odrive_demo_description
[0.878s] -- Found ament_cmake_auto: 1.3.7 (/opt/ros/humble/share/ament_cmake_auto/cmake)
[1.635s] -- Override CMake install command with custom implementation using symlinks instead of copying resources
[2.118s] -- Configuring done
[2.167s] -- Generating done
[2.176s] -- Build files have been written to: /home/iris/RVI/build/odrive_demo_description
[2.211s] Invoked command in '/home/iris/RVI/build/odrive_demo_description' returned '0': CMAKE_PREFIX_PATH=${CMAKE_PREFIX_PATH}:/opt/ros/humble /usr/bin/cmake /home/iris/RVI/src/odrive_ros2_control/odrive_demo_description -DCMAKE_INSTALL_PREFIX=/home/iris/RVI/install/odrive_demo_description
[2.213s] Invoking command in '/home/iris/RVI/build/odrive_demo_description': CMAKE_PREFIX_PATH=${CMAKE_PREFIX_PATH}:/opt/ros/humble /usr/bin/cmake --build /home/iris/RVI/build/odrive_demo_description -- -j4 -l4
[2.388s] Invoked command in '/home/iris/RVI/build/odrive_demo_description' returned '0': CMAKE_PREFIX_PATH=${CMAKE_PREFIX_PATH}:/opt/ros/humble /usr/bin/cmake --build /home/iris/RVI/build/odrive_demo_description -- -j4 -l4
[2.540s] Invoking command in '/home/iris/RVI/build/odrive_demo_description': CMAKE_PREFIX_PATH=${CMAKE_PREFIX_PATH}:/opt/ros/humble /usr/bin/cmake --install /home/iris/RVI/build/odrive_demo_description
[2.574s] -- Install configuration: ""
[2.577s] -- Execute custom install script
[2.583s] -- Up-to-date symlink: /home/iris/RVI/install/odrive_demo_description/share/odrive_demo_description/urdf/odrive.ros2_control.xacro
[2.585s] -- Up-to-date symlink: /home/iris/RVI/install/odrive_demo_description/share/odrive_demo_description/urdf/odrive.urdf.xacro
[2.587s] -- Up-to-date symlink: /home/iris/RVI/install/odrive_demo_description/share/odrive_demo_description/urdf/odrive_diffbot.urdf.xacro
[2.589s] -- Up-to-date symlink: /home/iris/RVI/install/odrive_demo_description/share/odrive_demo_description/urdf/odrive_rrbot.urdf.xacro
[2.592s] -- Up-to-date symlink: /home/iris/RVI/install/odrive_demo_description/share/ament_index/resource_index/package_run_dependencies/odrive_demo_description
[2.594s] -- Up-to-date symlink: /home/iris/RVI/install/odrive_demo_description/share/ament_index/resource_index/parent_prefix_path/odrive_demo_description
[2.597s] -- Up-to-date symlink: /home/iris/RVI/install/odrive_demo_description/share/odrive_demo_description/environment/ament_prefix_path.sh
[2.599s] -- Up-to-date symlink: /home/iris/RVI/install/odrive_demo_description/share/odrive_demo_description/environment/ament_prefix_path.dsv
[2.602s] -- Up-to-date symlink: /home/iris/RVI/install/odrive_demo_description/share/odrive_demo_description/environment/path.sh
[2.605s] -- Up-to-date symlink: /home/iris/RVI/install/odrive_demo_description/share/odrive_demo_description/environment/path.dsv
[2.607s] -- Up-to-date symlink: /home/iris/RVI/install/odrive_demo_description/share/odrive_demo_description/local_setup.bash
[2.610s] -- Up-to-date symlink: /home/iris/RVI/install/odrive_demo_description/share/odrive_demo_description/local_setup.sh
[2.612s] -- Up-to-date symlink: /home/iris/RVI/install/odrive_demo_description/share/odrive_demo_description/local_setup.zsh
[2.614s] -- Up-to-date symlink: /home/iris/RVI/install/odrive_demo_description/share/odrive_demo_description/local_setup.dsv
[2.616s] -- Symlinking: /home/iris/RVI/install/odrive_demo_description/share/odrive_demo_description/package.dsv
[2.666s] -- Up-to-date symlink: /home/iris/RVI/install/odrive_demo_description/share/ament_index/resource_index/packages/odrive_demo_description
[2.669s] -- Up-to-date symlink: /home/iris/RVI/install/odrive_demo_description/share/odrive_demo_description/cmake/odrive_demo_descriptionConfig.cmake
[2.671s] -- Up-to-date symlink: /home/iris/RVI/install/odrive_demo_description/share/odrive_demo_description/cmake/odrive_demo_descriptionConfig-version.cmake
[2.674s] -- Up-to-date symlink: /home/iris/RVI/install/odrive_demo_description/share/odrive_demo_description/package.xml
[2.692s] Invoked command in '/home/iris/RVI/build/odrive_demo_description' returned '0': CMAKE_PREFIX_PATH=${CMAKE_PREFIX_PATH}:/opt/ros/humble /usr/bin/cmake --install /home/iris/RVI/build/odrive_demo_description
