[0.437s] Invoking command in '/home/iris/RVI/build/odrive_demo_bringup': CMAKE_PREFIX_PATH=/home/iris/RVI/install/odrive_demo_description:/home/iris/RVI/install/odrive_ros2_control:/home/iris/RVI/install/odrive_hardware_interface:/home/iris/RVI/install/odrive_demo_bringup:/home/iris/RVI/install/r6:/opt/ros/humble /usr/bin/cmake --build /home/iris/RVI/build/odrive_demo_bringup -- -j4 -l4
[0.745s] Invoked command in '/home/iris/RVI/build/odrive_demo_bringup' returned '0': CMAKE_PREFIX_PATH=/home/iris/RVI/install/odrive_demo_description:/home/iris/RVI/install/odrive_ros2_control:/home/iris/RVI/install/odrive_hardware_interface:/home/iris/RVI/install/odrive_demo_bringup:/home/iris/RVI/install/r6:/opt/ros/humble /usr/bin/cmake --build /home/iris/RVI/build/odrive_demo_bringup -- -j4 -l4
[0.964s] Invoking command in '/home/iris/RVI/build/odrive_demo_bringup': CMAKE_PREFIX_PATH=/home/iris/RVI/install/odrive_demo_description:/home/iris/RVI/install/odrive_ros2_control:/home/iris/RVI/install/odrive_hardware_interface:/home/iris/RVI/install/odrive_demo_bringup:/home/iris/RVI/install/r6:/opt/ros/humble /usr/bin/cmake --install /home/iris/RVI/build/odrive_demo_bringup
[1.011s] -- Install configuration: ""
[1.012s] -- Up-to-date: /home/iris/RVI/install/odrive_demo_bringup/share/odrive_demo_bringup/config
[1.014s] -- Up-to-date: /home/iris/RVI/install/odrive_demo_bringup/share/odrive_demo_bringup/config/diffbot_controllers.yaml
[1.015s] -- Up-to-date: /home/iris/RVI/install/odrive_demo_bringup/share/odrive_demo_bringup/config/rrbot_controllers.yaml
[1.015s] -- Up-to-date: /home/iris/RVI/install/odrive_demo_bringup/share/odrive_demo_bringup/config/odrive_multi_interface_forward_controllers.yaml
[1.016s] -- Up-to-date: /home/iris/RVI/install/odrive_demo_bringup/share/odrive_demo_bringup/launch
[1.017s] -- Up-to-date: /home/iris/RVI/install/odrive_demo_bringup/share/odrive_demo_bringup/launch/odrive_multi_interface.launch.py
[1.017s] -- Up-to-date: /home/iris/RVI/install/odrive_demo_bringup/share/odrive_demo_bringup/launch/odrive_rrbot.launch.py
[1.023s] -- Up-to-date: /home/iris/RVI/install/odrive_demo_bringup/share/odrive_demo_bringup/launch/odrive_diffbot.launch.py
[1.026s] -- Up-to-date: /home/iris/RVI/install/odrive_demo_bringup/share/ament_index/resource_index/package_run_dependencies/odrive_demo_bringup
[1.030s] -- Up-to-date: /home/iris/RVI/install/odrive_demo_bringup/share/ament_index/resource_index/parent_prefix_path/odrive_demo_bringup
[1.035s] -- Up-to-date: /home/iris/RVI/install/odrive_demo_bringup/share/odrive_demo_bringup/environment/ament_prefix_path.sh
[1.039s] -- Up-to-date: /home/iris/RVI/install/odrive_demo_bringup/share/odrive_demo_bringup/environment/ament_prefix_path.dsv
[1.039s] -- Up-to-date: /home/iris/RVI/install/odrive_demo_bringup/share/odrive_demo_bringup/environment/path.sh
[1.045s] -- Up-to-date: /home/iris/RVI/install/odrive_demo_bringup/share/odrive_demo_bringup/environment/path.dsv
[1.046s] -- Up-to-date: /home/iris/RVI/install/odrive_demo_bringup/share/odrive_demo_bringup/local_setup.bash
[1.047s] -- Up-to-date: /home/iris/RVI/install/odrive_demo_bringup/share/odrive_demo_bringup/local_setup.sh
[1.047s] -- Up-to-date: /home/iris/RVI/install/odrive_demo_bringup/share/odrive_demo_bringup/local_setup.zsh
[1.064s] -- Up-to-date: /home/iris/RVI/install/odrive_demo_bringup/share/odrive_demo_bringup/local_setup.dsv
[1.066s] -- Installing: /home/iris/RVI/install/odrive_demo_bringup/share/odrive_demo_bringup/package.dsv
[1.071s] -- Up-to-date: /home/iris/RVI/install/odrive_demo_bringup/share/ament_index/resource_index/packages/odrive_demo_bringup
[1.071s] -- Up-to-date: /home/iris/RVI/install/odrive_demo_bringup/share/odrive_demo_bringup/cmake/odrive_demo_bringupConfig.cmake
[1.072s] -- Up-to-date: /home/iris/RVI/install/odrive_demo_bringup/share/odrive_demo_bringup/cmake/odrive_demo_bringupConfig-version.cmake
[1.073s] -- Up-to-date: /home/iris/RVI/install/odrive_demo_bringup/share/odrive_demo_bringup/package.xml
[1.073s] Invoked command in '/home/iris/RVI/build/odrive_demo_bringup' returned '0': CMAKE_PREFIX_PATH=/home/iris/RVI/install/odrive_demo_description:/home/iris/RVI/install/odrive_ros2_control:/home/iris/RVI/install/odrive_hardware_interface:/home/iris/RVI/install/odrive_demo_bringup:/home/iris/RVI/install/r6:/opt/ros/humble /usr/bin/cmake --install /home/iris/RVI/build/odrive_demo_bringup
