[0.991s] Invoking command in '/home/iris/RVI/build/odrive_demo_bringup': CMAKE_PREFIX_PATH=/home/iris/RVI/install/odrive_demo_description:/home/iris/RVI/install/odrive_ros2_control:/home/iris/RVI/install/odrive_hardware_interface:/home/iris/RVI/install/odrive_demo_bringup:/home/iris/RVI/install/r6:/opt/ros/humble /usr/bin/cmake --build /home/iris/RVI/build/odrive_demo_bringup -- -j4 -l4
[1.265s] Invoked command in '/home/iris/RVI/build/odrive_demo_bringup' returned '0': CMAKE_PREFIX_PATH=/home/iris/RVI/install/odrive_demo_description:/home/iris/RVI/install/odrive_ros2_control:/home/iris/RVI/install/odrive_hardware_interface:/home/iris/RVI/install/odrive_demo_bringup:/home/iris/RVI/install/r6:/opt/ros/humble /usr/bin/cmake --build /home/iris/RVI/build/odrive_demo_bringup -- -j4 -l4
[1.437s] Invoking command in '/home/iris/RVI/build/odrive_demo_bringup': CMAKE_PREFIX_PATH=/home/iris/RVI/install/odrive_demo_description:/home/iris/RVI/install/odrive_ros2_control:/home/iris/RVI/install/odrive_hardware_interface:/home/iris/RVI/install/odrive_demo_bringup:/home/iris/RVI/install/r6:/opt/ros/humble /usr/bin/cmake --install /home/iris/RVI/build/odrive_demo_bringup
[1.481s] -- Install configuration: ""
[1.482s] -- Up-to-date: /home/iris/RVI/install/odrive_demo_bringup/share/odrive_demo_bringup/config
[1.489s] -- Up-to-date: /home/iris/RVI/install/odrive_demo_bringup/share/odrive_demo_bringup/config/diffbot_controllers.yaml
[1.490s] -- Up-to-date: /home/iris/RVI/install/odrive_demo_bringup/share/odrive_demo_bringup/config/rrbot_controllers.yaml
[1.491s] -- Up-to-date: /home/iris/RVI/install/odrive_demo_bringup/share/odrive_demo_bringup/config/odrive_multi_interface_forward_controllers.yaml
[1.491s] -- Up-to-date: /home/iris/RVI/install/odrive_demo_bringup/share/odrive_demo_bringup/launch
[1.492s] -- Up-to-date: /home/iris/RVI/install/odrive_demo_bringup/share/odrive_demo_bringup/launch/odrive_multi_interface.launch.py
[1.493s] -- Up-to-date: /home/iris/RVI/install/odrive_demo_bringup/share/odrive_demo_bringup/launch/odrive_rrbot.launch.py
[1.493s] -- Up-to-date: /home/iris/RVI/install/odrive_demo_bringup/share/odrive_demo_bringup/launch/odrive_diffbot.launch.py
[1.495s] -- Up-to-date: /home/iris/RVI/install/odrive_demo_bringup/share/ament_index/resource_index/package_run_dependencies/odrive_demo_bringup
[1.495s] -- Up-to-date: /home/iris/RVI/install/odrive_demo_bringup/share/ament_index/resource_index/parent_prefix_path/odrive_demo_bringup
[1.495s] -- Up-to-date: /home/iris/RVI/install/odrive_demo_bringup/share/odrive_demo_bringup/environment/ament_prefix_path.sh
[1.496s] -- Up-to-date: /home/iris/RVI/install/odrive_demo_bringup/share/odrive_demo_bringup/environment/ament_prefix_path.dsv
[1.499s] -- Up-to-date: /home/iris/RVI/install/odrive_demo_bringup/share/odrive_demo_bringup/environment/path.sh
[1.500s] -- Up-to-date: /home/iris/RVI/install/odrive_demo_bringup/share/odrive_demo_bringup/environment/path.dsv
[1.502s] -- Up-to-date: /home/iris/RVI/install/odrive_demo_bringup/share/odrive_demo_bringup/local_setup.bash
[1.502s] -- Up-to-date: /home/iris/RVI/install/odrive_demo_bringup/share/odrive_demo_bringup/local_setup.sh
[1.503s] -- Up-to-date: /home/iris/RVI/install/odrive_demo_bringup/share/odrive_demo_bringup/local_setup.zsh
[1.503s] -- Up-to-date: /home/iris/RVI/install/odrive_demo_bringup/share/odrive_demo_bringup/local_setup.dsv
[1.507s] -- Installing: /home/iris/RVI/install/odrive_demo_bringup/share/odrive_demo_bringup/package.dsv
[1.507s] -- Up-to-date: /home/iris/RVI/install/odrive_demo_bringup/share/ament_index/resource_index/packages/odrive_demo_bringup
[1.508s] -- Up-to-date: /home/iris/RVI/install/odrive_demo_bringup/share/odrive_demo_bringup/cmake/odrive_demo_bringupConfig.cmake
[1.509s] -- Up-to-date: /home/iris/RVI/install/odrive_demo_bringup/share/odrive_demo_bringup/cmake/odrive_demo_bringupConfig-version.cmake
[1.509s] -- Up-to-date: /home/iris/RVI/install/odrive_demo_bringup/share/odrive_demo_bringup/package.xml
[1.518s] Invoked command in '/home/iris/RVI/build/odrive_demo_bringup' returned '0': CMAKE_PREFIX_PATH=/home/iris/RVI/install/odrive_demo_description:/home/iris/RVI/install/odrive_ros2_control:/home/iris/RVI/install/odrive_hardware_interface:/home/iris/RVI/install/odrive_demo_bringup:/home/iris/RVI/install/r6:/opt/ros/humble /usr/bin/cmake --install /home/iris/RVI/build/odrive_demo_bringup
