[0.617s] Invoking command in '/home/iris/RVI/build/odrive_demo_description': CMAKE_PREFIX_PATH=${CMAKE_PREFIX_PATH}:/opt/ros/humble /usr/bin/cmake --build /home/iris/RVI/build/odrive_demo_description -- -j4 -l4
[0.854s] Invoked command in '/home/iris/RVI/build/odrive_demo_description' returned '0': CMAKE_PREFIX_PATH=${CMAKE_PREFIX_PATH}:/opt/ros/humble /usr/bin/cmake --build /home/iris/RVI/build/odrive_demo_description -- -j4 -l4
[1.027s] Invoking command in '/home/iris/RVI/build/odrive_demo_description': CMAKE_PREFIX_PATH=${CMAKE_PREFIX_PATH}:/opt/ros/humble /usr/bin/cmake --install /home/iris/RVI/build/odrive_demo_description
[1.063s] -- Install configuration: ""
[1.064s] -- Up-to-date: /home/iris/RVI/install/odrive_demo_description/share/odrive_demo_description/urdf
[1.066s] -- Up-to-date: /home/iris/RVI/install/odrive_demo_description/share/odrive_demo_description/urdf/odrive.urdf.xacro
[1.067s] -- Up-to-date: /home/iris/RVI/install/odrive_demo_description/share/odrive_demo_description/urdf/odrive.ros2_control.xacro
[1.070s] -- Up-to-date: /home/iris/RVI/install/odrive_demo_description/share/odrive_demo_description/urdf/odrive_rrbot.urdf.xacro
[1.071s] -- Up-to-date: /home/iris/RVI/install/odrive_demo_description/share/odrive_demo_description/urdf/odrive_diffbot.urdf.xacro
[1.071s] -- Up-to-date: /home/iris/RVI/install/odrive_demo_description/share/ament_index/resource_index/package_run_dependencies/odrive_demo_description
[1.072s] -- Up-to-date: /home/iris/RVI/install/odrive_demo_description/share/ament_index/resource_index/parent_prefix_path/odrive_demo_description
[1.072s] -- Up-to-date: /home/iris/RVI/install/odrive_demo_description/share/odrive_demo_description/environment/ament_prefix_path.sh
[1.073s] -- Up-to-date: /home/iris/RVI/install/odrive_demo_description/share/odrive_demo_description/environment/ament_prefix_path.dsv
[1.074s] -- Up-to-date: /home/iris/RVI/install/odrive_demo_description/share/odrive_demo_description/environment/path.sh
[1.075s] -- Up-to-date: /home/iris/RVI/install/odrive_demo_description/share/odrive_demo_description/environment/path.dsv
[1.075s] -- Up-to-date: /home/iris/RVI/install/odrive_demo_description/share/odrive_demo_description/local_setup.bash
[1.077s] -- Up-to-date: /home/iris/RVI/install/odrive_demo_description/share/odrive_demo_description/local_setup.sh
[1.079s] -- Up-to-date: /home/iris/RVI/install/odrive_demo_description/share/odrive_demo_description/local_setup.zsh
[1.080s] -- Up-to-date: /home/iris/RVI/install/odrive_demo_description/share/odrive_demo_description/local_setup.dsv
[1.082s] -- Installing: /home/iris/RVI/install/odrive_demo_description/share/odrive_demo_description/package.dsv
[1.083s] -- Up-to-date: /home/iris/RVI/install/odrive_demo_description/share/ament_index/resource_index/packages/odrive_demo_description
[1.083s] -- Up-to-date: /home/iris/RVI/install/odrive_demo_description/share/odrive_demo_description/cmake/odrive_demo_descriptionConfig.cmake
[1.084s] -- Up-to-date: /home/iris/RVI/install/odrive_demo_description/share/odrive_demo_description/cmake/odrive_demo_descriptionConfig-version.cmake
[1.085s] -- Up-to-date: /home/iris/RVI/install/odrive_demo_description/share/odrive_demo_description/package.xml
[1.097s] Invoked command in '/home/iris/RVI/build/odrive_demo_description' returned '0': CMAKE_PREFIX_PATH=${CMAKE_PREFIX_PATH}:/opt/ros/humble /usr/bin/cmake --install /home/iris/RVI/build/odrive_demo_description
