[0.341s] Invoking command in '/home/iris/RVI/build/odrive_ros2_control': CMAKE_PREFIX_PATH=/home/iris/RVI/install/odrive_demo_bringup:/home/iris/RVI/install/odrive_hardware_interface:/home/iris/RVI/install/odrive_demo_description:/home/iris/RVI/install/odrive_ros2_control:/opt/ros/humble /usr/bin/cmake --build /home/iris/RVI/build/odrive_ros2_control -- -j4 -l4
[0.498s] Invoked command in '/home/iris/RVI/build/odrive_ros2_control' returned '0': CMAKE_PREFIX_PATH=/home/iris/RVI/install/odrive_demo_bringup:/home/iris/RVI/install/odrive_hardware_interface:/home/iris/RVI/install/odrive_demo_description:/home/iris/RVI/install/odrive_ros2_control:/opt/ros/humble /usr/bin/cmake --build /home/iris/RVI/build/odrive_ros2_control -- -j4 -l4
[0.616s] Invoking command in '/home/iris/RVI/build/odrive_ros2_control': CMAKE_PREFIX_PATH=/home/iris/RVI/install/odrive_demo_bringup:/home/iris/RVI/install/odrive_hardware_interface:/home/iris/RVI/install/odrive_demo_description:/home/iris/RVI/install/odrive_ros2_control:/opt/ros/humble /usr/bin/cmake --install /home/iris/RVI/build/odrive_ros2_control
[0.647s] -- Install configuration: ""
[0.647s] -- Up-to-date: /home/iris/RVI/install/odrive_ros2_control/share/ament_index/resource_index/package_run_dependencies/odrive_ros2_control
[0.648s] -- Up-to-date: /home/iris/RVI/install/odrive_ros2_control/share/ament_index/resource_index/parent_prefix_path/odrive_ros2_control
[0.649s] -- Up-to-date: /home/iris/RVI/install/odrive_ros2_control/share/odrive_ros2_control/environment/ament_prefix_path.sh
[0.650s] -- Up-to-date: /home/iris/RVI/install/odrive_ros2_control/share/odrive_ros2_control/environment/ament_prefix_path.dsv
[0.651s] -- Up-to-date: /home/iris/RVI/install/odrive_ros2_control/share/odrive_ros2_control/environment/path.sh
[0.651s] -- Up-to-date: /home/iris/RVI/install/odrive_ros2_control/share/odrive_ros2_control/environment/path.dsv
[0.652s] -- Up-to-date: /home/iris/RVI/install/odrive_ros2_control/share/odrive_ros2_control/local_setup.bash
[0.653s] -- Up-to-date: /home/iris/RVI/install/odrive_ros2_control/share/odrive_ros2_control/local_setup.sh
[0.654s] -- Up-to-date: /home/iris/RVI/install/odrive_ros2_control/share/odrive_ros2_control/local_setup.zsh
[0.655s] -- Up-to-date: /home/iris/RVI/install/odrive_ros2_control/share/odrive_ros2_control/local_setup.dsv
[0.656s] -- Up-to-date: /home/iris/RVI/install/odrive_ros2_control/share/odrive_ros2_control/package.dsv
[0.657s] -- Up-to-date: /home/iris/RVI/install/odrive_ros2_control/share/ament_index/resource_index/packages/odrive_ros2_control
[0.658s] -- Up-to-date: /home/iris/RVI/install/odrive_ros2_control/share/odrive_ros2_control/cmake/odrive_ros2_controlConfig.cmake
[0.660s] -- Up-to-date: /home/iris/RVI/install/odrive_ros2_control/share/odrive_ros2_control/cmake/odrive_ros2_controlConfig-version.cmake
[0.661s] -- Up-to-date: /home/iris/RVI/install/odrive_ros2_control/share/odrive_ros2_control/package.xml
[0.662s] Invoked command in '/home/iris/RVI/build/odrive_ros2_control' returned '0': CMAKE_PREFIX_PATH=/home/iris/RVI/install/odrive_demo_bringup:/home/iris/RVI/install/odrive_hardware_interface:/home/iris/RVI/install/odrive_demo_description:/home/iris/RVI/install/odrive_ros2_control:/opt/ros/humble /usr/bin/cmake --install /home/iris/RVI/build/odrive_ros2_control
