[0.623s] Invoking command in '/home/iris/RVI/build/odrive_demo_description': CMAKE_PREFIX_PATH=/opt/ros/humble /usr/bin/cmake --build /home/iris/RVI/build/odrive_demo_description -- -j4 -l4
[0.777s] Invoked command in '/home/iris/RVI/build/odrive_demo_description' returned '0': CMAKE_PREFIX_PATH=/opt/ros/humble /usr/bin/cmake --build /home/iris/RVI/build/odrive_demo_description -- -j4 -l4
[0.947s] Invoking command in '/home/iris/RVI/build/odrive_demo_description': CMAKE_PREFIX_PATH=/opt/ros/humble /usr/bin/cmake --install /home/iris/RVI/build/odrive_demo_description
[0.979s] -- Install configuration: ""
[0.980s] -- Up-to-date: /home/iris/RVI/install/odrive_demo_description/share/odrive_demo_description/urdf
[0.981s] -- Up-to-date: /home/iris/RVI/install/odrive_demo_description/share/odrive_demo_description/urdf/odrive.urdf.xacro
[0.983s] -- Up-to-date: /home/iris/RVI/install/odrive_demo_description/share/odrive_demo_description/urdf/odrive.ros2_control.xacro
[0.984s] -- Up-to-date: /home/iris/RVI/install/odrive_demo_description/share/odrive_demo_description/urdf/odrive_rrbot.urdf.xacro
[0.985s] -- Up-to-date: /home/iris/RVI/install/odrive_demo_description/share/odrive_demo_description/urdf/odrive_diffbot.urdf.xacro
[0.987s] -- Up-to-date: /home/iris/RVI/install/odrive_demo_description/share/ament_index/resource_index/package_run_dependencies/odrive_demo_description
[0.988s] -- Up-to-date: /home/iris/RVI/install/odrive_demo_description/share/ament_index/resource_index/parent_prefix_path/odrive_demo_description
[0.990s] -- Up-to-date: /home/iris/RVI/install/odrive_demo_description/share/odrive_demo_description/environment/ament_prefix_path.sh
[0.991s] -- Up-to-date: /home/iris/RVI/install/odrive_demo_description/share/odrive_demo_description/environment/ament_prefix_path.dsv
[0.993s] -- Up-to-date: /home/iris/RVI/install/odrive_demo_description/share/odrive_demo_description/environment/path.sh
[0.994s] -- Up-to-date: /home/iris/RVI/install/odrive_demo_description/share/odrive_demo_description/environment/path.dsv
[0.996s] -- Up-to-date: /home/iris/RVI/install/odrive_demo_description/share/odrive_demo_description/local_setup.bash
[0.998s] -- Up-to-date: /home/iris/RVI/install/odrive_demo_description/share/odrive_demo_description/local_setup.sh
[1.000s] -- Up-to-date: /home/iris/RVI/install/odrive_demo_description/share/odrive_demo_description/local_setup.zsh
[1.003s] -- Up-to-date: /home/iris/RVI/install/odrive_demo_description/share/odrive_demo_description/local_setup.dsv
[1.004s] -- Installing: /home/iris/RVI/install/odrive_demo_description/share/odrive_demo_description/package.dsv
[1.004s] -- Up-to-date: /home/iris/RVI/install/odrive_demo_description/share/ament_index/resource_index/packages/odrive_demo_description
[1.005s] -- Up-to-date: /home/iris/RVI/install/odrive_demo_description/share/odrive_demo_description/cmake/odrive_demo_descriptionConfig.cmake
[1.011s] -- Up-to-date: /home/iris/RVI/install/odrive_demo_description/share/odrive_demo_description/cmake/odrive_demo_descriptionConfig-version.cmake
[1.012s] -- Up-to-date: /home/iris/RVI/install/odrive_demo_description/share/odrive_demo_description/package.xml
[1.015s] Invoked command in '/home/iris/RVI/build/odrive_demo_description' returned '0': CMAKE_PREFIX_PATH=/opt/ros/humble /usr/bin/cmake --install /home/iris/RVI/build/odrive_demo_description
