[0.326s] Invoking command in '/home/iris/RVI/build/odrive_ros2_control': AMENT_PREFIX_PATH=/home/iris/RVI/install/odrive_demo_bringup:/home/iris/RVI/install/odrive_hardware_interface:/home/iris/RVI/install/odrive_demo_description:${AMENT_PREFIX_PATH} CMAKE_PREFIX_PATH=/home/iris/RVI/install/odrive_demo_bringup:/home/iris/RVI/install/odrive_hardware_interface:/home/iris/RVI/install/odrive_demo_description:/opt/ros/humble LD_LIBRARY_PATH=/home/iris/RVI/install/odrive_hardware_interface/lib:${LD_LIBRARY_PATH} /usr/bin/cmake --build /home/iris/RVI/build/odrive_ros2_control -- -j4 -l4
[0.489s] Invoked command in '/home/iris/RVI/build/odrive_ros2_control' returned '0': AMENT_PREFIX_PATH=/home/iris/RVI/install/odrive_demo_bringup:/home/iris/RVI/install/odrive_hardware_interface:/home/iris/RVI/install/odrive_demo_description:${AMENT_PREFIX_PATH} CMAKE_PREFIX_PATH=/home/iris/RVI/install/odrive_demo_bringup:/home/iris/RVI/install/odrive_hardware_interface:/home/iris/RVI/install/odrive_demo_description:/opt/ros/humble LD_LIBRARY_PATH=/home/iris/RVI/install/odrive_hardware_interface/lib:${LD_LIBRARY_PATH} /usr/bin/cmake --build /home/iris/RVI/build/odrive_ros2_control -- -j4 -l4
[0.595s] Invoking command in '/home/iris/RVI/build/odrive_ros2_control': AMENT_PREFIX_PATH=/home/iris/RVI/install/odrive_demo_bringup:/home/iris/RVI/install/odrive_hardware_interface:/home/iris/RVI/install/odrive_demo_description:${AMENT_PREFIX_PATH} CMAKE_PREFIX_PATH=/home/iris/RVI/install/odrive_demo_bringup:/home/iris/RVI/install/odrive_hardware_interface:/home/iris/RVI/install/odrive_demo_description:/opt/ros/humble LD_LIBRARY_PATH=/home/iris/RVI/install/odrive_hardware_interface/lib:${LD_LIBRARY_PATH} /usr/bin/cmake --install /home/iris/RVI/build/odrive_ros2_control
[0.622s] -- Install configuration: ""
[0.623s] -- Up-to-date: /home/iris/RVI/install/odrive_ros2_control/share/ament_index/resource_index/package_run_dependencies/odrive_ros2_control
[0.624s] -- Up-to-date: /home/iris/RVI/install/odrive_ros2_control/share/ament_index/resource_index/parent_prefix_path/odrive_ros2_control
[0.625s] -- Up-to-date: /home/iris/RVI/install/odrive_ros2_control/share/odrive_ros2_control/environment/ament_prefix_path.sh
[0.626s] -- Up-to-date: /home/iris/RVI/install/odrive_ros2_control/share/odrive_ros2_control/environment/ament_prefix_path.dsv
[0.627s] -- Up-to-date: /home/iris/RVI/install/odrive_ros2_control/share/odrive_ros2_control/environment/path.sh
[0.627s] -- Up-to-date: /home/iris/RVI/install/odrive_ros2_control/share/odrive_ros2_control/environment/path.dsv
[0.628s] -- Up-to-date: /home/iris/RVI/install/odrive_ros2_control/share/odrive_ros2_control/local_setup.bash
[0.628s] -- Up-to-date: /home/iris/RVI/install/odrive_ros2_control/share/odrive_ros2_control/local_setup.sh
[0.628s] -- Up-to-date: /home/iris/RVI/install/odrive_ros2_control/share/odrive_ros2_control/local_setup.zsh
[0.629s] -- Up-to-date: /home/iris/RVI/install/odrive_ros2_control/share/odrive_ros2_control/local_setup.dsv
[0.630s] -- Installing: /home/iris/RVI/install/odrive_ros2_control/share/odrive_ros2_control/package.dsv
[0.630s] -- Up-to-date: /home/iris/RVI/install/odrive_ros2_control/share/ament_index/resource_index/packages/odrive_ros2_control
[0.635s] -- Up-to-date: /home/iris/RVI/install/odrive_ros2_control/share/odrive_ros2_control/cmake/odrive_ros2_controlConfig.cmake
[0.637s] -- Up-to-date: /home/iris/RVI/install/odrive_ros2_control/share/odrive_ros2_control/cmake/odrive_ros2_controlConfig-version.cmake
[0.642s] -- Up-to-date: /home/iris/RVI/install/odrive_ros2_control/share/odrive_ros2_control/package.xml
[0.643s] Invoked command in '/home/iris/RVI/build/odrive_ros2_control' returned '0': AMENT_PREFIX_PATH=/home/iris/RVI/install/odrive_demo_bringup:/home/iris/RVI/install/odrive_hardware_interface:/home/iris/RVI/install/odrive_demo_description:${AMENT_PREFIX_PATH} CMAKE_PREFIX_PATH=/home/iris/RVI/install/odrive_demo_bringup:/home/iris/RVI/install/odrive_hardware_interface:/home/iris/RVI/install/odrive_demo_description:/opt/ros/humble LD_LIBRARY_PATH=/home/iris/RVI/install/odrive_hardware_interface/lib:${LD_LIBRARY_PATH} /usr/bin/cmake --install /home/iris/RVI/build/odrive_ros2_control
