[6.590s] DEBUG:colcon:Command line arguments: ['/usr/bin/colcon', 'build']
[6.591s] DEBUG:colcon:Parsed command line arguments: Namespace(log_base=None, log_level=None, verb_name='build', build_base='build', install_base='install', merge_install=False, symlink_install=False, test_result_base=None, continue_on_error=False, executor='parallel', parallel_workers=4, event_handlers=None, ignore_user_meta=False, metas=['./colcon.meta'], base_paths=['.'], packages_ignore=None, packages_ignore_regex=None, paths=None, packages_up_to=None, packages_up_to_regex=None, packages_above=None, packages_above_and_dependencies=None, packages_above_depth=None, packages_select_by_dep=None, packages_skip_by_dep=None, packages_skip_up_to=None, packages_select_build_failed=False, packages_skip_build_finished=False, packages_select_test_failures=False, packages_skip_test_passed=False, packages_select=None, packages_skip=None, packages_select_regex=None, packages_skip_regex=None, packages_start=None, packages_end=None, allow_overriding=[], cmake_args=None, cmake_target=None, cmake_target_skip_unavailable=False, cmake_clean_cache=False, cmake_clean_first=False, cmake_force_configure=False, ament_cmake_args=None, catkin_cmake_args=None, catkin_skip_building_tests=False, verb_parser=<colcon_defaults.argument_parser.defaults.DefaultArgumentsDecorator object at 0xffff94787fd0>, verb_extension=<colcon_core.verb.build.BuildVerb object at 0xffff94caf520>, main=<bound method BuildVerb.main of <colcon_core.verb.build.BuildVerb object at 0xffff94caf520>>)
[6.905s] Level 1:colcon.colcon_core.package_discovery:discover_packages(colcon_meta) check parameters
[6.905s] Level 1:colcon.colcon_core.package_discovery:discover_packages(recursive) check parameters
[6.906s] Level 1:colcon.colcon_core.package_discovery:discover_packages(ignore) check parameters
[6.906s] Level 1:colcon.colcon_core.package_discovery:discover_packages(path) check parameters
[6.906s] Level 1:colcon.colcon_core.package_discovery:discover_packages(colcon_meta) discover
[6.906s] Level 1:colcon.colcon_core.package_discovery:discover_packages(recursive) discover
[6.907s] INFO:colcon.colcon_core.package_discovery:Crawling recursively for packages in '/home/iris/RVI'
[6.908s] Level 1:colcon.colcon_core.package_identification:_identify(.) by extensions ['ignore', 'ignore_ament_install']
[6.908s] Level 1:colcon.colcon_core.package_identification:_identify(.) by extension 'ignore'
[6.909s] Level 1:colcon.colcon_core.package_identification:_identify(.) by extension 'ignore_ament_install'
[6.909s] Level 1:colcon.colcon_core.package_identification:_identify(.) by extensions ['colcon_pkg']
[6.910s] Level 1:colcon.colcon_core.package_identification:_identify(.) by extension 'colcon_pkg'
[6.910s] Level 1:colcon.colcon_core.package_identification:_identify(.) by extensions ['colcon_meta']
[6.911s] Level 1:colcon.colcon_core.package_identification:_identify(.) by extension 'colcon_meta'
[6.911s] Level 1:colcon.colcon_core.package_identification:_identify(.) by extensions ['ros']
[6.911s] Level 1:colcon.colcon_core.package_identification:_identify(.) by extension 'ros'
[6.969s] Level 1:colcon.colcon_core.package_identification:_identify(.) by extensions ['cmake', 'python']
[6.969s] Level 1:colcon.colcon_core.package_identification:_identify(.) by extension 'cmake'
[6.970s] Level 1:colcon.colcon_core.package_identification:_identify(.) by extension 'python'
[6.970s] Level 1:colcon.colcon_core.package_identification:_identify(.) by extensions ['python_setup_py']
[6.971s] Level 1:colcon.colcon_core.package_identification:_identify(.) by extension 'python_setup_py'
[6.972s] Level 1:colcon.colcon_core.package_identification:_identify(build) by extensions ['ignore', 'ignore_ament_install']
[6.973s] Level 1:colcon.colcon_core.package_identification:_identify(build) by extension 'ignore'
[6.973s] Level 1:colcon.colcon_core.package_identification:_identify(build) ignored
[6.975s] Level 1:colcon.colcon_core.package_identification:_identify(install) by extensions ['ignore', 'ignore_ament_install']
[6.975s] Level 1:colcon.colcon_core.package_identification:_identify(install) by extension 'ignore'
[6.976s] Level 1:colcon.colcon_core.package_identification:_identify(install) ignored
[6.977s] Level 1:colcon.colcon_core.package_identification:_identify(log) by extensions ['ignore', 'ignore_ament_install']
[6.978s] Level 1:colcon.colcon_core.package_identification:_identify(log) by extension 'ignore'
[6.978s] Level 1:colcon.colcon_core.package_identification:_identify(log) ignored
[6.979s] Level 1:colcon.colcon_core.package_identification:_identify(src) by extensions ['ignore', 'ignore_ament_install']
[6.980s] Level 1:colcon.colcon_core.package_identification:_identify(src) by extension 'ignore'
[6.980s] Level 1:colcon.colcon_core.package_identification:_identify(src) by extension 'ignore_ament_install'
[6.981s] Level 1:colcon.colcon_core.package_identification:_identify(src) by extensions ['colcon_pkg']
[6.981s] Level 1:colcon.colcon_core.package_identification:_identify(src) by extension 'colcon_pkg'
[6.982s] Level 1:colcon.colcon_core.package_identification:_identify(src) by extensions ['colcon_meta']
[6.982s] Level 1:colcon.colcon_core.package_identification:_identify(src) by extension 'colcon_meta'
[6.983s] Level 1:colcon.colcon_core.package_identification:_identify(src) by extensions ['ros']
[6.983s] Level 1:colcon.colcon_core.package_identification:_identify(src) by extension 'ros'
[6.984s] Level 1:colcon.colcon_core.package_identification:_identify(src) by extensions ['cmake', 'python']
[6.984s] Level 1:colcon.colcon_core.package_identification:_identify(src) by extension 'cmake'
[6.984s] Level 1:colcon.colcon_core.package_identification:_identify(src) by extension 'python'
[6.984s] Level 1:colcon.colcon_core.package_identification:_identify(src) by extensions ['python_setup_py']
[6.985s] Level 1:colcon.colcon_core.package_identification:_identify(src) by extension 'python_setup_py'
[6.985s] Level 1:colcon.colcon_core.package_identification:_identify(src/odrive_ros2_control) by extensions ['ignore', 'ignore_ament_install']
[6.986s] Level 1:colcon.colcon_core.package_identification:_identify(src/odrive_ros2_control) by extension 'ignore'
[6.986s] Level 1:colcon.colcon_core.package_identification:_identify(src/odrive_ros2_control) by extension 'ignore_ament_install'
[6.987s] Level 1:colcon.colcon_core.package_identification:_identify(src/odrive_ros2_control) by extensions ['colcon_pkg']
[6.987s] Level 1:colcon.colcon_core.package_identification:_identify(src/odrive_ros2_control) by extension 'colcon_pkg'
[6.988s] Level 1:colcon.colcon_core.package_identification:_identify(src/odrive_ros2_control) by extensions ['colcon_meta']
[6.988s] Level 1:colcon.colcon_core.package_identification:_identify(src/odrive_ros2_control) by extension 'colcon_meta'
[6.988s] Level 1:colcon.colcon_core.package_identification:_identify(src/odrive_ros2_control) by extensions ['ros']
[6.989s] Level 1:colcon.colcon_core.package_identification:_identify(src/odrive_ros2_control) by extension 'ros'
[6.989s] Level 1:colcon.colcon_core.package_identification:_identify(src/odrive_ros2_control) by extensions ['cmake', 'python']
[6.990s] Level 1:colcon.colcon_core.package_identification:_identify(src/odrive_ros2_control) by extension 'cmake'
[6.990s] Level 1:colcon.colcon_core.package_identification:_identify(src/odrive_ros2_control) by extension 'python'
[6.991s] Level 1:colcon.colcon_core.package_identification:_identify(src/odrive_ros2_control) by extensions ['python_setup_py']
[6.991s] Level 1:colcon.colcon_core.package_identification:_identify(src/odrive_ros2_control) by extension 'python_setup_py'
[6.992s] Level 1:colcon.colcon_core.package_identification:_identify(src/odrive_ros2_control/odrive_demo_bringup) by extensions ['ignore', 'ignore_ament_install']
[6.992s] Level 1:colcon.colcon_core.package_identification:_identify(src/odrive_ros2_control/odrive_demo_bringup) by extension 'ignore'
[6.993s] Level 1:colcon.colcon_core.package_identification:_identify(src/odrive_ros2_control/odrive_demo_bringup) by extension 'ignore_ament_install'
[6.993s] Level 1:colcon.colcon_core.package_identification:_identify(src/odrive_ros2_control/odrive_demo_bringup) by extensions ['colcon_pkg']
[6.994s] Level 1:colcon.colcon_core.package_identification:_identify(src/odrive_ros2_control/odrive_demo_bringup) by extension 'colcon_pkg'
[6.994s] Level 1:colcon.colcon_core.package_identification:_identify(src/odrive_ros2_control/odrive_demo_bringup) by extensions ['colcon_meta']
[6.994s] Level 1:colcon.colcon_core.package_identification:_identify(src/odrive_ros2_control/odrive_demo_bringup) by extension 'colcon_meta'
[6.994s] Level 1:colcon.colcon_core.package_identification:_identify(src/odrive_ros2_control/odrive_demo_bringup) by extensions ['ros']
[6.995s] Level 1:colcon.colcon_core.package_identification:_identify(src/odrive_ros2_control/odrive_demo_bringup) by extension 'ros'
[7.006s] DEBUG:colcon.colcon_core.package_identification:Package 'src/odrive_ros2_control/odrive_demo_bringup' with type 'ros.ament_cmake' and name 'odrive_demo_bringup'
[7.007s] Level 1:colcon.colcon_core.package_identification:_identify(src/odrive_ros2_control/odrive_demo_description) by extensions ['ignore', 'ignore_ament_install']
[7.008s] Level 1:colcon.colcon_core.package_identification:_identify(src/odrive_ros2_control/odrive_demo_description) by extension 'ignore'
[7.008s] Level 1:colcon.colcon_core.package_identification:_identify(src/odrive_ros2_control/odrive_demo_description) by extension 'ignore_ament_install'
[7.009s] Level 1:colcon.colcon_core.package_identification:_identify(src/odrive_ros2_control/odrive_demo_description) by extensions ['colcon_pkg']
[7.009s] Level 1:colcon.colcon_core.package_identification:_identify(src/odrive_ros2_control/odrive_demo_description) by extension 'colcon_pkg'
[7.009s] Level 1:colcon.colcon_core.package_identification:_identify(src/odrive_ros2_control/odrive_demo_description) by extensions ['colcon_meta']
[7.010s] Level 1:colcon.colcon_core.package_identification:_identify(src/odrive_ros2_control/odrive_demo_description) by extension 'colcon_meta'
[7.010s] Level 1:colcon.colcon_core.package_identification:_identify(src/odrive_ros2_control/odrive_demo_description) by extensions ['ros']
[7.011s] Level 1:colcon.colcon_core.package_identification:_identify(src/odrive_ros2_control/odrive_demo_description) by extension 'ros'
[7.013s] DEBUG:colcon.colcon_core.package_identification:Package 'src/odrive_ros2_control/odrive_demo_description' with type 'ros.ament_cmake' and name 'odrive_demo_description'
[7.014s] Level 1:colcon.colcon_core.package_identification:_identify(src/odrive_ros2_control/odrive_hardware_interface) by extensions ['ignore', 'ignore_ament_install']
[7.015s] Level 1:colcon.colcon_core.package_identification:_identify(src/odrive_ros2_control/odrive_hardware_interface) by extension 'ignore'
[7.015s] Level 1:colcon.colcon_core.package_identification:_identify(src/odrive_ros2_control/odrive_hardware_interface) by extension 'ignore_ament_install'
[7.015s] Level 1:colcon.colcon_core.package_identification:_identify(src/odrive_ros2_control/odrive_hardware_interface) by extensions ['colcon_pkg']
[7.015s] Level 1:colcon.colcon_core.package_identification:_identify(src/odrive_ros2_control/odrive_hardware_interface) by extension 'colcon_pkg'
[7.016s] Level 1:colcon.colcon_core.package_identification:_identify(src/odrive_ros2_control/odrive_hardware_interface) by extensions ['colcon_meta']
[7.016s] Level 1:colcon.colcon_core.package_identification:_identify(src/odrive_ros2_control/odrive_hardware_interface) by extension 'colcon_meta'
[7.016s] Level 1:colcon.colcon_core.package_identification:_identify(src/odrive_ros2_control/odrive_hardware_interface) by extensions ['ros']
[7.016s] Level 1:colcon.colcon_core.package_identification:_identify(src/odrive_ros2_control/odrive_hardware_interface) by extension 'ros'
[7.020s] DEBUG:colcon.colcon_core.package_identification:Package 'src/odrive_ros2_control/odrive_hardware_interface' with type 'ros.ament_cmake' and name 'odrive_hardware_interface'
[7.021s] Level 1:colcon.colcon_core.package_identification:_identify(src/odrive_ros2_control/odrive_ros2_control) by extensions ['ignore', 'ignore_ament_install']
[7.021s] Level 1:colcon.colcon_core.package_identification:_identify(src/odrive_ros2_control/odrive_ros2_control) by extension 'ignore'
[7.022s] Level 1:colcon.colcon_core.package_identification:_identify(src/odrive_ros2_control/odrive_ros2_control) by extension 'ignore_ament_install'
[7.022s] Level 1:colcon.colcon_core.package_identification:_identify(src/odrive_ros2_control/odrive_ros2_control) by extensions ['colcon_pkg']
[7.023s] Level 1:colcon.colcon_core.package_identification:_identify(src/odrive_ros2_control/odrive_ros2_control) by extension 'colcon_pkg'
[7.023s] Level 1:colcon.colcon_core.package_identification:_identify(src/odrive_ros2_control/odrive_ros2_control) by extensions ['colcon_meta']
[7.023s] Level 1:colcon.colcon_core.package_identification:_identify(src/odrive_ros2_control/odrive_ros2_control) by extension 'colcon_meta'
[7.024s] Level 1:colcon.colcon_core.package_identification:_identify(src/odrive_ros2_control/odrive_ros2_control) by extensions ['ros']
[7.024s] Level 1:colcon.colcon_core.package_identification:_identify(src/odrive_ros2_control/odrive_ros2_control) by extension 'ros'
[7.026s] DEBUG:colcon.colcon_core.package_identification:Package 'src/odrive_ros2_control/odrive_ros2_control' with type 'ros.ament_cmake' and name 'odrive_ros2_control'
[7.027s] Level 1:colcon.colcon_core.package_identification:_identify(src/r6) by extensions ['ignore', 'ignore_ament_install']
[7.028s] Level 1:colcon.colcon_core.package_identification:_identify(src/r6) by extension 'ignore'
[7.029s] Level 1:colcon.colcon_core.package_identification:_identify(src/r6) by extension 'ignore_ament_install'
[7.029s] Level 1:colcon.colcon_core.package_identification:_identify(src/r6) by extensions ['colcon_pkg']
[7.030s] Level 1:colcon.colcon_core.package_identification:_identify(src/r6) by extension 'colcon_pkg'
[7.030s] Level 1:colcon.colcon_core.package_identification:_identify(src/r6) by extensions ['colcon_meta']
[7.030s] Level 1:colcon.colcon_core.package_identification:_identify(src/r6) by extension 'colcon_meta'
[7.031s] Level 1:colcon.colcon_core.package_identification:_identify(src/r6) by extensions ['ros']
[7.031s] Level 1:colcon.colcon_core.package_identification:_identify(src/r6) by extension 'ros'
[7.034s] DEBUG:colcon.colcon_core.package_identification:Package 'src/r6' with type 'ros.ament_python' and name 'r6'
[7.034s] Level 1:colcon.colcon_core.package_discovery:discover_packages(recursive) using defaults
[7.034s] Level 1:colcon.colcon_core.package_discovery:discover_packages(ignore) discover
[7.034s] Level 1:colcon.colcon_core.package_discovery:discover_packages(ignore) using defaults
[7.035s] Level 1:colcon.colcon_core.package_discovery:discover_packages(path) discover
[7.035s] Level 1:colcon.colcon_core.package_discovery:discover_packages(path) using defaults
[7.682s] Level 1:colcon.colcon_core.package_discovery:discover_packages(prefix_path) check parameters
[7.682s] Level 1:colcon.colcon_core.package_discovery:discover_packages(prefix_path) discover
[7.908s] DEBUG:colcon.colcon_installed_package_information.package_discovery:Found 240 installed packages in /opt/ros/humble
[7.915s] Level 1:colcon.colcon_core.package_discovery:discover_packages(prefix_path) using defaults
[8.446s] Level 5:colcon.colcon_core.verb:set package 'odrive_demo_description' build argument 'cmake_args' from command line to 'None'
[8.446s] Level 5:colcon.colcon_core.verb:set package 'odrive_demo_description' build argument 'cmake_target' from command line to 'None'
[8.446s] Level 5:colcon.colcon_core.verb:set package 'odrive_demo_description' build argument 'cmake_target_skip_unavailable' from command line to 'False'
[8.446s] Level 5:colcon.colcon_core.verb:set package 'odrive_demo_description' build argument 'cmake_clean_cache' from command line to 'False'
[8.446s] Level 5:colcon.colcon_core.verb:set package 'odrive_demo_description' build argument 'cmake_clean_first' from command line to 'False'
[8.447s] Level 5:colcon.colcon_core.verb:set package 'odrive_demo_description' build argument 'cmake_force_configure' from command line to 'False'
[8.447s] Level 5:colcon.colcon_core.verb:set package 'odrive_demo_description' build argument 'ament_cmake_args' from command line to 'None'
[8.447s] Level 5:colcon.colcon_core.verb:set package 'odrive_demo_description' build argument 'catkin_cmake_args' from command line to 'None'
[8.448s] Level 5:colcon.colcon_core.verb:set package 'odrive_demo_description' build argument 'catkin_skip_building_tests' from command line to 'False'
[8.448s] DEBUG:colcon.colcon_core.verb:Building package 'odrive_demo_description' with the following arguments: {'ament_cmake_args': None, 'build_base': '/home/iris/RVI/build/odrive_demo_description', 'catkin_cmake_args': None, 'catkin_skip_building_tests': False, 'cmake_args': None, 'cmake_clean_cache': False, 'cmake_clean_first': False, 'cmake_force_configure': False, 'cmake_target': None, 'cmake_target_skip_unavailable': False, 'install_base': '/home/iris/RVI/install/odrive_demo_description', 'merge_install': False, 'path': '/home/iris/RVI/src/odrive_ros2_control/odrive_demo_description', 'symlink_install': False, 'test_result_base': None}
[8.554s] Level 5:colcon.colcon_core.verb:set package 'odrive_hardware_interface' build argument 'cmake_args' from command line to 'None'
[8.555s] Level 5:colcon.colcon_core.verb:set package 'odrive_hardware_interface' build argument 'cmake_target' from command line to 'None'
[8.555s] Level 5:colcon.colcon_core.verb:set package 'odrive_hardware_interface' build argument 'cmake_target_skip_unavailable' from command line to 'False'
[8.555s] Level 5:colcon.colcon_core.verb:set package 'odrive_hardware_interface' build argument 'cmake_clean_cache' from command line to 'False'
[8.556s] Level 5:colcon.colcon_core.verb:set package 'odrive_hardware_interface' build argument 'cmake_clean_first' from command line to 'False'
[8.556s] Level 5:colcon.colcon_core.verb:set package 'odrive_hardware_interface' build argument 'cmake_force_configure' from command line to 'False'
[8.556s] Level 5:colcon.colcon_core.verb:set package 'odrive_hardware_interface' build argument 'ament_cmake_args' from command line to 'None'
[8.556s] Level 5:colcon.colcon_core.verb:set package 'odrive_hardware_interface' build argument 'catkin_cmake_args' from command line to 'None'
[8.557s] Level 5:colcon.colcon_core.verb:set package 'odrive_hardware_interface' build argument 'catkin_skip_building_tests' from command line to 'False'
[8.557s] DEBUG:colcon.colcon_core.verb:Building package 'odrive_hardware_interface' with the following arguments: {'ament_cmake_args': None, 'build_base': '/home/iris/RVI/build/odrive_hardware_interface', 'catkin_cmake_args': None, 'catkin_skip_building_tests': False, 'cmake_args': None, 'cmake_clean_cache': False, 'cmake_clean_first': False, 'cmake_force_configure': False, 'cmake_target': None, 'cmake_target_skip_unavailable': False, 'install_base': '/home/iris/RVI/install/odrive_hardware_interface', 'merge_install': False, 'path': '/home/iris/RVI/src/odrive_ros2_control/odrive_hardware_interface', 'symlink_install': False, 'test_result_base': None}
[8.667s] Level 5:colcon.colcon_core.verb:set package 'r6' build argument 'cmake_args' from command line to 'None'
[8.667s] Level 5:colcon.colcon_core.verb:set package 'r6' build argument 'cmake_target' from command line to 'None'
[8.668s] Level 5:colcon.colcon_core.verb:set package 'r6' build argument 'cmake_target_skip_unavailable' from command line to 'False'
[8.668s] Level 5:colcon.colcon_core.verb:set package 'r6' build argument 'cmake_clean_cache' from command line to 'False'
[8.668s] Level 5:colcon.colcon_core.verb:set package 'r6' build argument 'cmake_clean_first' from command line to 'False'
[8.668s] Level 5:colcon.colcon_core.verb:set package 'r6' build argument 'cmake_force_configure' from command line to 'False'
[8.668s] Level 5:colcon.colcon_core.verb:set package 'r6' build argument 'ament_cmake_args' from command line to 'None'
[8.668s] Level 5:colcon.colcon_core.verb:set package 'r6' build argument 'catkin_cmake_args' from command line to 'None'
[8.668s] Level 5:colcon.colcon_core.verb:set package 'r6' build argument 'catkin_skip_building_tests' from command line to 'False'
[8.669s] DEBUG:colcon.colcon_core.verb:Building package 'r6' with the following arguments: {'ament_cmake_args': None, 'build_base': '/home/iris/RVI/build/r6', 'catkin_cmake_args': None, 'catkin_skip_building_tests': False, 'cmake_args': None, 'cmake_clean_cache': False, 'cmake_clean_first': False, 'cmake_force_configure': False, 'cmake_target': None, 'cmake_target_skip_unavailable': False, 'install_base': '/home/iris/RVI/install/r6', 'merge_install': False, 'path': '/home/iris/RVI/src/r6', 'symlink_install': False, 'test_result_base': None}
[8.776s] Level 5:colcon.colcon_core.verb:set package 'odrive_demo_bringup' build argument 'cmake_args' from command line to 'None'
[8.776s] Level 5:colcon.colcon_core.verb:set package 'odrive_demo_bringup' build argument 'cmake_target' from command line to 'None'
[8.776s] Level 5:colcon.colcon_core.verb:set package 'odrive_demo_bringup' build argument 'cmake_target_skip_unavailable' from command line to 'False'
[8.776s] Level 5:colcon.colcon_core.verb:set package 'odrive_demo_bringup' build argument 'cmake_clean_cache' from command line to 'False'
[8.776s] Level 5:colcon.colcon_core.verb:set package 'odrive_demo_bringup' build argument 'cmake_clean_first' from command line to 'False'
[8.777s] Level 5:colcon.colcon_core.verb:set package 'odrive_demo_bringup' build argument 'cmake_force_configure' from command line to 'False'
[8.777s] Level 5:colcon.colcon_core.verb:set package 'odrive_demo_bringup' build argument 'ament_cmake_args' from command line to 'None'
[8.777s] Level 5:colcon.colcon_core.verb:set package 'odrive_demo_bringup' build argument 'catkin_cmake_args' from command line to 'None'
[8.777s] Level 5:colcon.colcon_core.verb:set package 'odrive_demo_bringup' build argument 'catkin_skip_building_tests' from command line to 'False'
[8.777s] DEBUG:colcon.colcon_core.verb:Building package 'odrive_demo_bringup' with the following arguments: {'ament_cmake_args': None, 'build_base': '/home/iris/RVI/build/odrive_demo_bringup', 'catkin_cmake_args': None, 'catkin_skip_building_tests': False, 'cmake_args': None, 'cmake_clean_cache': False, 'cmake_clean_first': False, 'cmake_force_configure': False, 'cmake_target': None, 'cmake_target_skip_unavailable': False, 'install_base': '/home/iris/RVI/install/odrive_demo_bringup', 'merge_install': False, 'path': '/home/iris/RVI/src/odrive_ros2_control/odrive_demo_bringup', 'symlink_install': False, 'test_result_base': None}
[8.879s] Level 5:colcon.colcon_core.verb:set package 'odrive_ros2_control' build argument 'cmake_args' from command line to 'None'
[8.880s] Level 5:colcon.colcon_core.verb:set package 'odrive_ros2_control' build argument 'cmake_target' from command line to 'None'
[8.880s] Level 5:colcon.colcon_core.verb:set package 'odrive_ros2_control' build argument 'cmake_target_skip_unavailable' from command line to 'False'
[8.880s] Level 5:colcon.colcon_core.verb:set package 'odrive_ros2_control' build argument 'cmake_clean_cache' from command line to 'False'
[8.880s] Level 5:colcon.colcon_core.verb:set package 'odrive_ros2_control' build argument 'cmake_clean_first' from command line to 'False'
[8.881s] Level 5:colcon.colcon_core.verb:set package 'odrive_ros2_control' build argument 'cmake_force_configure' from command line to 'False'
[8.881s] Level 5:colcon.colcon_core.verb:set package 'odrive_ros2_control' build argument 'ament_cmake_args' from command line to 'None'
[8.881s] Level 5:colcon.colcon_core.verb:set package 'odrive_ros2_control' build argument 'catkin_cmake_args' from command line to 'None'
[8.881s] Level 5:colcon.colcon_core.verb:set package 'odrive_ros2_control' build argument 'catkin_skip_building_tests' from command line to 'False'
[8.882s] DEBUG:colcon.colcon_core.verb:Building package 'odrive_ros2_control' with the following arguments: {'ament_cmake_args': None, 'build_base': '/home/iris/RVI/build/odrive_ros2_control', 'catkin_cmake_args': None, 'catkin_skip_building_tests': False, 'cmake_args': None, 'cmake_clean_cache': False, 'cmake_clean_first': False, 'cmake_force_configure': False, 'cmake_target': None, 'cmake_target_skip_unavailable': False, 'install_base': '/home/iris/RVI/install/odrive_ros2_control', 'merge_install': False, 'path': '/home/iris/RVI/src/odrive_ros2_control/odrive_ros2_control', 'symlink_install': False, 'test_result_base': None}
[9.011s] INFO:colcon.colcon_core.executor:Executing jobs using 'parallel' executor
[9.131s] DEBUG:colcon.colcon_parallel_executor.executor.parallel:run_until_complete
[9.133s] INFO:colcon.colcon_ros.task.ament_cmake.build:Building ROS package in '/home/iris/RVI/src/odrive_ros2_control/odrive_demo_description' with build type 'ament_cmake'
[9.134s] INFO:colcon.colcon_cmake.task.cmake.build:Building CMake package in '/home/iris/RVI/src/odrive_ros2_control/odrive_demo_description'
[9.254s] INFO:colcon.colcon_core.plugin_system:Skipping extension 'colcon_core.shell.bat': Not used on non-Windows systems
[9.255s] INFO:colcon.colcon_core.shell:Skip shell extension 'powershell' for command environment: Not usable outside of PowerShell
[9.255s] DEBUG:colcon.colcon_core.shell:Skip shell extension 'dsv' for command environment
[9.478s] INFO:colcon.colcon_ros.task.ament_cmake.build:Building ROS package in '/home/iris/RVI/src/odrive_ros2_control/odrive_hardware_interface' with build type 'ament_cmake'
[9.479s] INFO:colcon.colcon_cmake.task.cmake.build:Building CMake package in '/home/iris/RVI/src/odrive_ros2_control/odrive_hardware_interface'
[9.586s] INFO:colcon.colcon_core.shell:Skip shell extension 'powershell' for command environment: Not usable outside of PowerShell
[9.586s] DEBUG:colcon.colcon_core.shell:Skip shell extension 'dsv' for command environment
[9.814s] INFO:colcon.colcon_ros.task.ament_python.build:Building ROS package in '/home/iris/RVI/src/r6' with build type 'ament_python'
[9.815s] Level 1:colcon.colcon_core.shell:create_environment_hook('r6', 'ament_prefix_path')
[9.921s] INFO:colcon.colcon_core.shell:Creating environment hook '/home/iris/RVI/install/r6/share/r6/hook/ament_prefix_path.ps1'
[9.924s] INFO:colcon.colcon_core.shell:Creating environment descriptor '/home/iris/RVI/install/r6/share/r6/hook/ament_prefix_path.dsv'
[9.927s] INFO:colcon.colcon_core.shell:Creating environment hook '/home/iris/RVI/install/r6/share/r6/hook/ament_prefix_path.sh'
[10.032s] INFO:colcon.colcon_core.shell:Skip shell extension 'powershell' for command environment: Not usable outside of PowerShell
[10.033s] DEBUG:colcon.colcon_core.shell:Skip shell extension 'dsv' for command environment
[10.400s] DEBUG:colcon.colcon_core.event_handler.log_command:Invoking command in '/home/iris/RVI/build/odrive_demo_description': CMAKE_PREFIX_PATH=/opt/ros/humble /usr/bin/cmake --build /home/iris/RVI/build/odrive_demo_description -- -j4 -l4
[10.438s] DEBUG:colcon.colcon_core.event_handler.log_command:Invoking command in '/home/iris/RVI/build/odrive_hardware_interface': CMAKE_PREFIX_PATH=/opt/ros/humble /usr/bin/cmake --build /home/iris/RVI/build/odrive_hardware_interface -- -j4 -l4
[12.108s] INFO:colcon.colcon_core.task.python.build:Building Python package in '/home/iris/RVI/src/r6'
[12.203s] INFO:colcon.colcon_core.shell:Skip shell extension 'powershell' for command environment: Not usable outside of PowerShell
[12.204s] DEBUG:colcon.colcon_core.shell:Skip shell extension 'dsv' for command environment
[12.420s] DEBUG:colcon.colcon_core.event_handler.log_command:Invoked command in '/home/iris/RVI/build/odrive_demo_description' returned '0': CMAKE_PREFIX_PATH=/opt/ros/humble /usr/bin/cmake --build /home/iris/RVI/build/odrive_demo_description -- -j4 -l4
[12.471s] DEBUG:colcon.colcon_core.event_handler.log_command:Invoked command in '/home/iris/RVI/build/odrive_hardware_interface' returned '0': CMAKE_PREFIX_PATH=/opt/ros/humble /usr/bin/cmake --build /home/iris/RVI/build/odrive_hardware_interface -- -j4 -l4
[12.676s] DEBUG:colcon.colcon_core.event_handler.log_command:Invoking command in '/home/iris/RVI/build/odrive_demo_description': CMAKE_PREFIX_PATH=/opt/ros/humble /usr/bin/cmake --install /home/iris/RVI/build/odrive_demo_description
[12.701s] DEBUG:colcon.colcon_core.event_handler.log_command:Invoking command in '/home/iris/RVI/build/odrive_hardware_interface': CMAKE_PREFIX_PATH=/opt/ros/humble /usr/bin/cmake --install /home/iris/RVI/build/odrive_hardware_interface
[12.750s] Level 1:colcon.colcon_core.environment:create_environment_scripts_only(odrive_demo_description)
[12.769s] DEBUG:colcon.colcon_core.event_handler.log_command:Invoked command in '/home/iris/RVI/build/odrive_demo_description' returned '0': CMAKE_PREFIX_PATH=/opt/ros/humble /usr/bin/cmake --install /home/iris/RVI/build/odrive_demo_description
[12.944s] Level 1:colcon.colcon_core.environment:checking '/home/iris/RVI/install/odrive_demo_description' for CMake module files
[12.948s] Level 1:colcon.colcon_core.environment:checking '/home/iris/RVI/install/odrive_demo_description' for CMake config files
[12.954s] Level 1:colcon.colcon_core.shell:create_environment_hook('odrive_demo_description', 'cmake_prefix_path')
[13.131s] INFO:colcon.colcon_core.shell:Creating environment hook '/home/iris/RVI/install/odrive_demo_description/share/odrive_demo_description/hook/cmake_prefix_path.ps1'
[13.135s] INFO:colcon.colcon_core.shell:Creating environment descriptor '/home/iris/RVI/install/odrive_demo_description/share/odrive_demo_description/hook/cmake_prefix_path.dsv'
[13.139s] INFO:colcon.colcon_core.shell:Creating environment hook '/home/iris/RVI/install/odrive_demo_description/share/odrive_demo_description/hook/cmake_prefix_path.sh'
[13.146s] Level 1:colcon.colcon_core.environment:checking '/home/iris/RVI/install/odrive_demo_description/bin'
[13.146s] Level 1:colcon.colcon_core.environment:checking '/home/iris/RVI/install/odrive_demo_description/lib/pkgconfig/odrive_demo_description.pc'
[13.148s] Level 1:colcon.colcon_core.environment:checking '/home/iris/RVI/install/odrive_demo_description/lib/python3.10/site-packages'
[13.150s] Level 1:colcon.colcon_core.environment:checking '/home/iris/RVI/install/odrive_demo_description/bin'
[13.287s] INFO:colcon.colcon_core.shell:Creating package script '/home/iris/RVI/install/odrive_demo_description/share/odrive_demo_description/package.ps1'
[13.294s] INFO:colcon.colcon_core.shell:Creating package descriptor '/home/iris/RVI/install/odrive_demo_description/share/odrive_demo_description/package.dsv'
[13.298s] INFO:colcon.colcon_core.shell:Creating package script '/home/iris/RVI/install/odrive_demo_description/share/odrive_demo_description/package.sh'
[13.306s] INFO:colcon.colcon_core.shell:Creating package script '/home/iris/RVI/install/odrive_demo_description/share/odrive_demo_description/package.bash'
[13.311s] INFO:colcon.colcon_core.shell:Creating package script '/home/iris/RVI/install/odrive_demo_description/share/odrive_demo_description/package.zsh'
[13.317s] Level 1:colcon.colcon_core.environment:create_file_with_runtime_dependencies(/home/iris/RVI/install/odrive_demo_description/share/colcon-core/packages/odrive_demo_description)
[13.335s] Level 1:colcon.colcon_core.environment:create_environment_scripts_only(odrive_hardware_interface)
[13.341s] DEBUG:colcon.colcon_core.event_handler.log_command:Invoked command in '/home/iris/RVI/build/odrive_hardware_interface' returned '0': CMAKE_PREFIX_PATH=/opt/ros/humble /usr/bin/cmake --install /home/iris/RVI/build/odrive_hardware_interface
[13.475s] Level 1:colcon.colcon_core.environment:checking '/home/iris/RVI/install/odrive_hardware_interface' for CMake module files
[13.480s] Level 1:colcon.colcon_core.environment:checking '/home/iris/RVI/install/odrive_hardware_interface' for CMake config files
[13.485s] Level 1:colcon.colcon_core.shell:create_environment_hook('odrive_hardware_interface', 'cmake_prefix_path')
[13.676s] INFO:colcon.colcon_core.shell:Creating environment hook '/home/iris/RVI/install/odrive_hardware_interface/share/odrive_hardware_interface/hook/cmake_prefix_path.ps1'
[13.680s] INFO:colcon.colcon_core.shell:Creating environment descriptor '/home/iris/RVI/install/odrive_hardware_interface/share/odrive_hardware_interface/hook/cmake_prefix_path.dsv'
[13.684s] INFO:colcon.colcon_core.shell:Creating environment hook '/home/iris/RVI/install/odrive_hardware_interface/share/odrive_hardware_interface/hook/cmake_prefix_path.sh'
[13.689s] Level 1:colcon.colcon_core.environment:checking '/home/iris/RVI/install/odrive_hardware_interface/lib'
[13.691s] Level 1:colcon.colcon_core.shell:create_environment_hook('odrive_hardware_interface', 'ld_library_path_lib')
[13.818s] INFO:colcon.colcon_core.shell:Creating environment hook '/home/iris/RVI/install/odrive_hardware_interface/share/odrive_hardware_interface/hook/ld_library_path_lib.ps1'
[13.822s] INFO:colcon.colcon_core.shell:Creating environment descriptor '/home/iris/RVI/install/odrive_hardware_interface/share/odrive_hardware_interface/hook/ld_library_path_lib.dsv'
[13.827s] INFO:colcon.colcon_core.shell:Creating environment hook '/home/iris/RVI/install/odrive_hardware_interface/share/odrive_hardware_interface/hook/ld_library_path_lib.sh'
[13.833s] Level 1:colcon.colcon_core.environment:checking '/home/iris/RVI/install/odrive_hardware_interface/bin'
[13.833s] Level 1:colcon.colcon_core.environment:checking '/home/iris/RVI/install/odrive_hardware_interface/lib/pkgconfig/odrive_hardware_interface.pc'
[13.834s] Level 1:colcon.colcon_core.environment:checking '/home/iris/RVI/install/odrive_hardware_interface/lib/python3.10/site-packages'
[13.836s] Level 1:colcon.colcon_core.environment:checking '/home/iris/RVI/install/odrive_hardware_interface/bin'
[14.010s] INFO:colcon.colcon_core.shell:Creating package script '/home/iris/RVI/install/odrive_hardware_interface/share/odrive_hardware_interface/package.ps1'
[14.016s] INFO:colcon.colcon_core.shell:Creating package descriptor '/home/iris/RVI/install/odrive_hardware_interface/share/odrive_hardware_interface/package.dsv'
[14.022s] INFO:colcon.colcon_core.shell:Creating package script '/home/iris/RVI/install/odrive_hardware_interface/share/odrive_hardware_interface/package.sh'
[14.026s] INFO:colcon.colcon_core.shell:Creating package script '/home/iris/RVI/install/odrive_hardware_interface/share/odrive_hardware_interface/package.bash'
[14.028s] INFO:colcon.colcon_core.shell:Creating package script '/home/iris/RVI/install/odrive_hardware_interface/share/odrive_hardware_interface/package.zsh'
[14.033s] Level 1:colcon.colcon_core.environment:create_file_with_runtime_dependencies(/home/iris/RVI/install/odrive_hardware_interface/share/colcon-core/packages/odrive_hardware_interface)
[14.241s] Level 1:colcon.colcon_core.environment:create_environment_scripts_only(odrive_demo_description)
[14.394s] Level 1:colcon.colcon_core.environment:checking '/home/iris/RVI/install/odrive_demo_description' for CMake module files
[14.397s] Level 1:colcon.colcon_core.environment:checking '/home/iris/RVI/install/odrive_demo_description' for CMake config files
[14.400s] Level 1:colcon.colcon_core.shell:create_environment_hook('odrive_demo_description', 'cmake_prefix_path')
[14.652s] INFO:colcon.colcon_core.shell:Creating environment hook '/home/iris/RVI/install/odrive_demo_description/share/odrive_demo_description/hook/cmake_prefix_path.ps1'
[14.657s] INFO:colcon.colcon_core.shell:Creating environment descriptor '/home/iris/RVI/install/odrive_demo_description/share/odrive_demo_description/hook/cmake_prefix_path.dsv'
[14.663s] INFO:colcon.colcon_core.shell:Creating environment hook '/home/iris/RVI/install/odrive_demo_description/share/odrive_demo_description/hook/cmake_prefix_path.sh'
[14.669s] Level 1:colcon.colcon_core.environment:checking '/home/iris/RVI/install/odrive_demo_description/bin'
[14.671s] Level 1:colcon.colcon_core.environment:checking '/home/iris/RVI/install/odrive_demo_description/lib/pkgconfig/odrive_demo_description.pc'
[14.672s] Level 1:colcon.colcon_core.environment:checking '/home/iris/RVI/install/odrive_demo_description/lib/python3.10/site-packages'
[14.674s] Level 1:colcon.colcon_core.environment:checking '/home/iris/RVI/install/odrive_demo_description/bin'
[14.899s] INFO:colcon.colcon_core.shell:Creating package script '/home/iris/RVI/install/odrive_demo_description/share/odrive_demo_description/package.ps1'
[14.903s] INFO:colcon.colcon_core.shell:Creating package descriptor '/home/iris/RVI/install/odrive_demo_description/share/odrive_demo_description/package.dsv'
[14.906s] INFO:colcon.colcon_core.shell:Creating package script '/home/iris/RVI/install/odrive_demo_description/share/odrive_demo_description/package.sh'
[14.910s] INFO:colcon.colcon_core.shell:Creating package script '/home/iris/RVI/install/odrive_demo_description/share/odrive_demo_description/package.bash'
[14.913s] INFO:colcon.colcon_core.shell:Creating package script '/home/iris/RVI/install/odrive_demo_description/share/odrive_demo_description/package.zsh'
[14.915s] Level 1:colcon.colcon_core.environment:create_file_with_runtime_dependencies(/home/iris/RVI/install/odrive_demo_description/share/colcon-core/packages/odrive_demo_description)
[14.920s] INFO:colcon.colcon_ros.task.ament_cmake.build:Building ROS package in '/home/iris/RVI/src/odrive_ros2_control/odrive_demo_bringup' with build type 'ament_cmake'
[14.921s] INFO:colcon.colcon_cmake.task.cmake.build:Building CMake package in '/home/iris/RVI/src/odrive_ros2_control/odrive_demo_bringup'
[15.064s] INFO:colcon.colcon_core.shell:Skip shell extension 'powershell' for command environment: Not usable outside of PowerShell
[15.064s] DEBUG:colcon.colcon_core.shell:Skip shell extension 'dsv' for command environment
[15.594s] Level 1:colcon.colcon_core.environment:create_environment_scripts_only(odrive_hardware_interface)
[15.714s] Level 1:colcon.colcon_core.environment:checking '/home/iris/RVI/install/odrive_hardware_interface' for CMake module files
[15.718s] Level 1:colcon.colcon_core.environment:checking '/home/iris/RVI/install/odrive_hardware_interface' for CMake config files
[15.721s] Level 1:colcon.colcon_core.shell:create_environment_hook('odrive_hardware_interface', 'cmake_prefix_path')
[15.836s] INFO:colcon.colcon_core.shell:Creating environment hook '/home/iris/RVI/install/odrive_hardware_interface/share/odrive_hardware_interface/hook/cmake_prefix_path.ps1'
[15.838s] INFO:colcon.colcon_core.shell:Creating environment descriptor '/home/iris/RVI/install/odrive_hardware_interface/share/odrive_hardware_interface/hook/cmake_prefix_path.dsv'
[15.842s] INFO:colcon.colcon_core.shell:Creating environment hook '/home/iris/RVI/install/odrive_hardware_interface/share/odrive_hardware_interface/hook/cmake_prefix_path.sh'
[15.845s] Level 1:colcon.colcon_core.environment:checking '/home/iris/RVI/install/odrive_hardware_interface/lib'
[15.846s] Level 1:colcon.colcon_core.shell:create_environment_hook('odrive_hardware_interface', 'ld_library_path_lib')
[15.959s] INFO:colcon.colcon_core.shell:Creating environment hook '/home/iris/RVI/install/odrive_hardware_interface/share/odrive_hardware_interface/hook/ld_library_path_lib.ps1'
[15.962s] INFO:colcon.colcon_core.shell:Creating environment descriptor '/home/iris/RVI/install/odrive_hardware_interface/share/odrive_hardware_interface/hook/ld_library_path_lib.dsv'
[15.965s] INFO:colcon.colcon_core.shell:Creating environment hook '/home/iris/RVI/install/odrive_hardware_interface/share/odrive_hardware_interface/hook/ld_library_path_lib.sh'
[15.967s] Level 1:colcon.colcon_core.environment:checking '/home/iris/RVI/install/odrive_hardware_interface/bin'
[15.968s] Level 1:colcon.colcon_core.environment:checking '/home/iris/RVI/install/odrive_hardware_interface/lib/pkgconfig/odrive_hardware_interface.pc'
[15.969s] Level 1:colcon.colcon_core.environment:checking '/home/iris/RVI/install/odrive_hardware_interface/lib/python3.10/site-packages'
[15.971s] Level 1:colcon.colcon_core.environment:checking '/home/iris/RVI/install/odrive_hardware_interface/bin'
[16.198s] INFO:colcon.colcon_core.shell:Creating package script '/home/iris/RVI/install/odrive_hardware_interface/share/odrive_hardware_interface/package.ps1'
[16.207s] INFO:colcon.colcon_core.shell:Creating package descriptor '/home/iris/RVI/install/odrive_hardware_interface/share/odrive_hardware_interface/package.dsv'
[16.212s] INFO:colcon.colcon_core.shell:Creating package script '/home/iris/RVI/install/odrive_hardware_interface/share/odrive_hardware_interface/package.sh'
[16.217s] INFO:colcon.colcon_core.shell:Creating package script '/home/iris/RVI/install/odrive_hardware_interface/share/odrive_hardware_interface/package.bash'
[16.224s] INFO:colcon.colcon_core.shell:Creating package script '/home/iris/RVI/install/odrive_hardware_interface/share/odrive_hardware_interface/package.zsh'
[16.228s] Level 1:colcon.colcon_core.environment:create_file_with_runtime_dependencies(/home/iris/RVI/install/odrive_hardware_interface/share/colcon-core/packages/odrive_hardware_interface)
[16.256s] DEBUG:colcon.colcon_core.event_handler.log_command:Invoking command in '/home/iris/RVI/build/odrive_demo_bringup': AMENT_PREFIX_PATH=/home/iris/RVI/install/odrive_demo_description:${AMENT_PREFIX_PATH} CMAKE_PREFIX_PATH=/home/iris/RVI/install/odrive_demo_description:/opt/ros/humble /usr/bin/cmake --build /home/iris/RVI/build/odrive_demo_bringup -- -j4 -l4
[16.295s] DEBUG:colcon.colcon_core.event_handler.log_command:Invoking command in '/home/iris/RVI/src/r6': PYTHONPATH=/home/iris/RVI/build/r6/prefix_override:/home/iris/RVI/install/r6/lib/python3.10/site-packages:${PYTHONPATH} /usr/bin/python3 setup.py egg_info --egg-base ../../build/r6 build --build-base /home/iris/RVI/build/r6/build install --record /home/iris/RVI/build/r6/install.log --single-version-externally-managed
[16.495s] DEBUG:colcon.colcon_core.event_handler.log_command:Invoked command in '/home/iris/RVI/build/odrive_demo_bringup' returned '0': AMENT_PREFIX_PATH=/home/iris/RVI/install/odrive_demo_description:${AMENT_PREFIX_PATH} CMAKE_PREFIX_PATH=/home/iris/RVI/install/odrive_demo_description:/opt/ros/humble /usr/bin/cmake --build /home/iris/RVI/build/odrive_demo_bringup -- -j4 -l4
[16.679s] DEBUG:colcon.colcon_core.event_handler.log_command:Invoking command in '/home/iris/RVI/build/odrive_demo_bringup': AMENT_PREFIX_PATH=/home/iris/RVI/install/odrive_demo_description:${AMENT_PREFIX_PATH} CMAKE_PREFIX_PATH=/home/iris/RVI/install/odrive_demo_description:/opt/ros/humble /usr/bin/cmake --install /home/iris/RVI/build/odrive_demo_bringup
[16.751s] Level 1:colcon.colcon_core.environment:create_environment_scripts_only(odrive_demo_bringup)
[16.769s] DEBUG:colcon.colcon_core.event_handler.log_command:Invoked command in '/home/iris/RVI/build/odrive_demo_bringup' returned '0': AMENT_PREFIX_PATH=/home/iris/RVI/install/odrive_demo_description:${AMENT_PREFIX_PATH} CMAKE_PREFIX_PATH=/home/iris/RVI/install/odrive_demo_description:/opt/ros/humble /usr/bin/cmake --install /home/iris/RVI/build/odrive_demo_bringup
[16.900s] Level 1:colcon.colcon_core.environment:checking '/home/iris/RVI/install/odrive_demo_bringup' for CMake module files
[16.904s] Level 1:colcon.colcon_core.environment:checking '/home/iris/RVI/install/odrive_demo_bringup' for CMake config files
[16.909s] Level 1:colcon.colcon_core.shell:create_environment_hook('odrive_demo_bringup', 'cmake_prefix_path')
[17.070s] INFO:colcon.colcon_core.shell:Creating environment hook '/home/iris/RVI/install/odrive_demo_bringup/share/odrive_demo_bringup/hook/cmake_prefix_path.ps1'
[17.075s] INFO:colcon.colcon_core.shell:Creating environment descriptor '/home/iris/RVI/install/odrive_demo_bringup/share/odrive_demo_bringup/hook/cmake_prefix_path.dsv'
[17.079s] INFO:colcon.colcon_core.shell:Creating environment hook '/home/iris/RVI/install/odrive_demo_bringup/share/odrive_demo_bringup/hook/cmake_prefix_path.sh'
[17.084s] Level 1:colcon.colcon_core.environment:checking '/home/iris/RVI/install/odrive_demo_bringup/bin'
[17.086s] Level 1:colcon.colcon_core.environment:checking '/home/iris/RVI/install/odrive_demo_bringup/lib/pkgconfig/odrive_demo_bringup.pc'
[17.087s] Level 1:colcon.colcon_core.environment:checking '/home/iris/RVI/install/odrive_demo_bringup/lib/python3.10/site-packages'
[17.090s] Level 1:colcon.colcon_core.environment:checking '/home/iris/RVI/install/odrive_demo_bringup/bin'
[17.209s] INFO:colcon.colcon_core.shell:Creating package script '/home/iris/RVI/install/odrive_demo_bringup/share/odrive_demo_bringup/package.ps1'
[17.213s] INFO:colcon.colcon_core.shell:Creating package descriptor '/home/iris/RVI/install/odrive_demo_bringup/share/odrive_demo_bringup/package.dsv'
[17.223s] INFO:colcon.colcon_core.shell:Creating package script '/home/iris/RVI/install/odrive_demo_bringup/share/odrive_demo_bringup/package.sh'
[17.227s] INFO:colcon.colcon_core.shell:Creating package script '/home/iris/RVI/install/odrive_demo_bringup/share/odrive_demo_bringup/package.bash'
[17.232s] INFO:colcon.colcon_core.shell:Creating package script '/home/iris/RVI/install/odrive_demo_bringup/share/odrive_demo_bringup/package.zsh'
[17.236s] Level 1:colcon.colcon_core.environment:create_file_with_runtime_dependencies(/home/iris/RVI/install/odrive_demo_bringup/share/colcon-core/packages/odrive_demo_bringup)
[17.529s] Level 1:colcon.colcon_core.environment:create_environment_scripts_only(odrive_demo_bringup)
[17.638s] Level 1:colcon.colcon_core.environment:checking '/home/iris/RVI/install/odrive_demo_bringup' for CMake module files
[17.642s] Level 1:colcon.colcon_core.environment:checking '/home/iris/RVI/install/odrive_demo_bringup' for CMake config files
[17.646s] Level 1:colcon.colcon_core.shell:create_environment_hook('odrive_demo_bringup', 'cmake_prefix_path')
[17.763s] INFO:colcon.colcon_core.shell:Creating environment hook '/home/iris/RVI/install/odrive_demo_bringup/share/odrive_demo_bringup/hook/cmake_prefix_path.ps1'
[17.767s] INFO:colcon.colcon_core.shell:Creating environment descriptor '/home/iris/RVI/install/odrive_demo_bringup/share/odrive_demo_bringup/hook/cmake_prefix_path.dsv'
[17.771s] INFO:colcon.colcon_core.shell:Creating environment hook '/home/iris/RVI/install/odrive_demo_bringup/share/odrive_demo_bringup/hook/cmake_prefix_path.sh'
[17.776s] Level 1:colcon.colcon_core.environment:checking '/home/iris/RVI/install/odrive_demo_bringup/bin'
[17.776s] Level 1:colcon.colcon_core.environment:checking '/home/iris/RVI/install/odrive_demo_bringup/lib/pkgconfig/odrive_demo_bringup.pc'
[17.778s] Level 1:colcon.colcon_core.environment:checking '/home/iris/RVI/install/odrive_demo_bringup/lib/python3.10/site-packages'
[17.780s] Level 1:colcon.colcon_core.environment:checking '/home/iris/RVI/install/odrive_demo_bringup/bin'
[17.920s] INFO:colcon.colcon_core.shell:Creating package script '/home/iris/RVI/install/odrive_demo_bringup/share/odrive_demo_bringup/package.ps1'
[17.924s] INFO:colcon.colcon_core.shell:Creating package descriptor '/home/iris/RVI/install/odrive_demo_bringup/share/odrive_demo_bringup/package.dsv'
[17.929s] INFO:colcon.colcon_core.shell:Creating package script '/home/iris/RVI/install/odrive_demo_bringup/share/odrive_demo_bringup/package.sh'
[17.934s] INFO:colcon.colcon_core.shell:Creating package script '/home/iris/RVI/install/odrive_demo_bringup/share/odrive_demo_bringup/package.bash'
[17.938s] INFO:colcon.colcon_core.shell:Creating package script '/home/iris/RVI/install/odrive_demo_bringup/share/odrive_demo_bringup/package.zsh'
[17.943s] Level 1:colcon.colcon_core.environment:create_file_with_runtime_dependencies(/home/iris/RVI/install/odrive_demo_bringup/share/colcon-core/packages/odrive_demo_bringup)
[17.950s] INFO:colcon.colcon_ros.task.ament_cmake.build:Building ROS package in '/home/iris/RVI/src/odrive_ros2_control/odrive_ros2_control' with build type 'ament_cmake'
[17.952s] INFO:colcon.colcon_cmake.task.cmake.build:Building CMake package in '/home/iris/RVI/src/odrive_ros2_control/odrive_ros2_control'
[18.078s] INFO:colcon.colcon_core.shell:Skip shell extension 'powershell' for command environment: Not usable outside of PowerShell
[18.092s] DEBUG:colcon.colcon_core.shell:Skip shell extension 'dsv' for command environment
[18.504s] DEBUG:colcon.colcon_core.event_handler.log_command:Invoked command in '/home/iris/RVI/src/r6' returned '0': PYTHONPATH=/home/iris/RVI/build/r6/prefix_override:/home/iris/RVI/install/r6/lib/python3.10/site-packages:${PYTHONPATH} /usr/bin/python3 setup.py egg_info --egg-base ../../build/r6 build --build-base /home/iris/RVI/build/r6/build install --record /home/iris/RVI/build/r6/install.log --single-version-externally-managed
[18.603s] Level 1:colcon.colcon_core.environment:checking '/home/iris/RVI/install/r6' for CMake module files
[18.605s] Level 1:colcon.colcon_core.environment:checking '/home/iris/RVI/install/r6' for CMake config files
[18.609s] Level 1:colcon.colcon_core.environment:checking '/home/iris/RVI/install/r6/lib'
[18.609s] Level 1:colcon.colcon_core.environment:checking '/home/iris/RVI/install/r6/bin'
[18.610s] Level 1:colcon.colcon_core.environment:checking '/home/iris/RVI/install/r6/lib/pkgconfig/r6.pc'
[18.611s] Level 1:colcon.colcon_core.environment:checking '/home/iris/RVI/install/r6/lib/python3.10/site-packages'
[18.612s] Level 1:colcon.colcon_core.shell:create_environment_hook('r6', 'pythonpath')
[18.709s] INFO:colcon.colcon_core.shell:Creating environment hook '/home/iris/RVI/install/r6/share/r6/hook/pythonpath.ps1'
[18.712s] INFO:colcon.colcon_core.shell:Creating environment descriptor '/home/iris/RVI/install/r6/share/r6/hook/pythonpath.dsv'
[18.714s] INFO:colcon.colcon_core.shell:Creating environment hook '/home/iris/RVI/install/r6/share/r6/hook/pythonpath.sh'
[18.716s] Level 1:colcon.colcon_core.environment:checking '/home/iris/RVI/install/r6/bin'
[18.717s] Level 1:colcon.colcon_core.environment:create_environment_scripts_only(r6)
[18.812s] INFO:colcon.colcon_core.shell:Creating package script '/home/iris/RVI/install/r6/share/r6/package.ps1'
[18.815s] INFO:colcon.colcon_core.shell:Creating package descriptor '/home/iris/RVI/install/r6/share/r6/package.dsv'
[18.817s] INFO:colcon.colcon_core.shell:Creating package script '/home/iris/RVI/install/r6/share/r6/package.sh'
[18.819s] INFO:colcon.colcon_core.shell:Creating package script '/home/iris/RVI/install/r6/share/r6/package.bash'
[18.821s] INFO:colcon.colcon_core.shell:Creating package script '/home/iris/RVI/install/r6/share/r6/package.zsh'
[18.823s] Level 1:colcon.colcon_core.environment:create_file_with_runtime_dependencies(/home/iris/RVI/install/r6/share/colcon-core/packages/r6)
[18.843s] DEBUG:colcon.colcon_core.event_handler.log_command:Invoking command in '/home/iris/RVI/build/odrive_ros2_control': AMENT_PREFIX_PATH=/home/iris/RVI/install/odrive_demo_bringup:/home/iris/RVI/install/odrive_hardware_interface:/home/iris/RVI/install/odrive_demo_description:${AMENT_PREFIX_PATH} CMAKE_PREFIX_PATH=/home/iris/RVI/install/odrive_demo_bringup:/home/iris/RVI/install/odrive_hardware_interface:/home/iris/RVI/install/odrive_demo_description:/opt/ros/humble LD_LIBRARY_PATH=/home/iris/RVI/install/odrive_hardware_interface/lib:${LD_LIBRARY_PATH} /usr/bin/cmake --build /home/iris/RVI/build/odrive_ros2_control -- -j4 -l4
[19.053s] DEBUG:colcon.colcon_core.event_handler.log_command:Invoked command in '/home/iris/RVI/build/odrive_ros2_control' returned '0': AMENT_PREFIX_PATH=/home/iris/RVI/install/odrive_demo_bringup:/home/iris/RVI/install/odrive_hardware_interface:/home/iris/RVI/install/odrive_demo_description:${AMENT_PREFIX_PATH} CMAKE_PREFIX_PATH=/home/iris/RVI/install/odrive_demo_bringup:/home/iris/RVI/install/odrive_hardware_interface:/home/iris/RVI/install/odrive_demo_description:/opt/ros/humble LD_LIBRARY_PATH=/home/iris/RVI/install/odrive_hardware_interface/lib:${LD_LIBRARY_PATH} /usr/bin/cmake --build /home/iris/RVI/build/odrive_ros2_control -- -j4 -l4
[19.184s] DEBUG:colcon.colcon_core.event_handler.log_command:Invoking command in '/home/iris/RVI/build/odrive_ros2_control': AMENT_PREFIX_PATH=/home/iris/RVI/install/odrive_demo_bringup:/home/iris/RVI/install/odrive_hardware_interface:/home/iris/RVI/install/odrive_demo_description:${AMENT_PREFIX_PATH} CMAKE_PREFIX_PATH=/home/iris/RVI/install/odrive_demo_bringup:/home/iris/RVI/install/odrive_hardware_interface:/home/iris/RVI/install/odrive_demo_description:/opt/ros/humble LD_LIBRARY_PATH=/home/iris/RVI/install/odrive_hardware_interface/lib:${LD_LIBRARY_PATH} /usr/bin/cmake --install /home/iris/RVI/build/odrive_ros2_control
[19.228s] Level 1:colcon.colcon_core.environment:create_environment_scripts_only(odrive_ros2_control)
[19.245s] DEBUG:colcon.colcon_core.event_handler.log_command:Invoked command in '/home/iris/RVI/build/odrive_ros2_control' returned '0': AMENT_PREFIX_PATH=/home/iris/RVI/install/odrive_demo_bringup:/home/iris/RVI/install/odrive_hardware_interface:/home/iris/RVI/install/odrive_demo_description:${AMENT_PREFIX_PATH} CMAKE_PREFIX_PATH=/home/iris/RVI/install/odrive_demo_bringup:/home/iris/RVI/install/odrive_hardware_interface:/home/iris/RVI/install/odrive_demo_description:/opt/ros/humble LD_LIBRARY_PATH=/home/iris/RVI/install/odrive_hardware_interface/lib:${LD_LIBRARY_PATH} /usr/bin/cmake --install /home/iris/RVI/build/odrive_ros2_control
[19.328s] Level 1:colcon.colcon_core.environment:checking '/home/iris/RVI/install/odrive_ros2_control' for CMake module files
[19.331s] Level 1:colcon.colcon_core.environment:checking '/home/iris/RVI/install/odrive_ros2_control' for CMake config files
[19.333s] Level 1:colcon.colcon_core.shell:create_environment_hook('odrive_ros2_control', 'cmake_prefix_path')
[19.425s] INFO:colcon.colcon_core.shell:Creating environment hook '/home/iris/RVI/install/odrive_ros2_control/share/odrive_ros2_control/hook/cmake_prefix_path.ps1'
[19.428s] INFO:colcon.colcon_core.shell:Creating environment descriptor '/home/iris/RVI/install/odrive_ros2_control/share/odrive_ros2_control/hook/cmake_prefix_path.dsv'
[19.430s] INFO:colcon.colcon_core.shell:Creating environment hook '/home/iris/RVI/install/odrive_ros2_control/share/odrive_ros2_control/hook/cmake_prefix_path.sh'
[19.433s] Level 1:colcon.colcon_core.environment:checking '/home/iris/RVI/install/odrive_ros2_control/bin'
[19.434s] Level 1:colcon.colcon_core.environment:checking '/home/iris/RVI/install/odrive_ros2_control/lib/pkgconfig/odrive_ros2_control.pc'
[19.435s] Level 1:colcon.colcon_core.environment:checking '/home/iris/RVI/install/odrive_ros2_control/lib/python3.10/site-packages'
[19.436s] Level 1:colcon.colcon_core.environment:checking '/home/iris/RVI/install/odrive_ros2_control/bin'
[19.529s] INFO:colcon.colcon_core.shell:Creating package script '/home/iris/RVI/install/odrive_ros2_control/share/odrive_ros2_control/package.ps1'
[19.532s] INFO:colcon.colcon_core.shell:Creating package descriptor '/home/iris/RVI/install/odrive_ros2_control/share/odrive_ros2_control/package.dsv'
[19.534s] INFO:colcon.colcon_core.shell:Creating package script '/home/iris/RVI/install/odrive_ros2_control/share/odrive_ros2_control/package.sh'
[19.537s] INFO:colcon.colcon_core.shell:Creating package script '/home/iris/RVI/install/odrive_ros2_control/share/odrive_ros2_control/package.bash'
[19.539s] INFO:colcon.colcon_core.shell:Creating package script '/home/iris/RVI/install/odrive_ros2_control/share/odrive_ros2_control/package.zsh'
[19.542s] Level 1:colcon.colcon_core.environment:create_file_with_runtime_dependencies(/home/iris/RVI/install/odrive_ros2_control/share/colcon-core/packages/odrive_ros2_control)
[19.776s] Level 1:colcon.colcon_core.environment:create_environment_scripts_only(odrive_ros2_control)
[19.871s] Level 1:colcon.colcon_core.environment:checking '/home/iris/RVI/install/odrive_ros2_control' for CMake module files
[19.875s] Level 1:colcon.colcon_core.environment:checking '/home/iris/RVI/install/odrive_ros2_control' for CMake config files
[19.877s] Level 1:colcon.colcon_core.shell:create_environment_hook('odrive_ros2_control', 'cmake_prefix_path')
[19.987s] INFO:colcon.colcon_core.shell:Creating environment hook '/home/iris/RVI/install/odrive_ros2_control/share/odrive_ros2_control/hook/cmake_prefix_path.ps1'
[19.989s] INFO:colcon.colcon_core.shell:Creating environment descriptor '/home/iris/RVI/install/odrive_ros2_control/share/odrive_ros2_control/hook/cmake_prefix_path.dsv'
[19.992s] INFO:colcon.colcon_core.shell:Creating environment hook '/home/iris/RVI/install/odrive_ros2_control/share/odrive_ros2_control/hook/cmake_prefix_path.sh'
[19.995s] Level 1:colcon.colcon_core.environment:checking '/home/iris/RVI/install/odrive_ros2_control/bin'
[19.996s] Level 1:colcon.colcon_core.environment:checking '/home/iris/RVI/install/odrive_ros2_control/lib/pkgconfig/odrive_ros2_control.pc'
[19.997s] Level 1:colcon.colcon_core.environment:checking '/home/iris/RVI/install/odrive_ros2_control/lib/python3.10/site-packages'
[19.999s] Level 1:colcon.colcon_core.environment:checking '/home/iris/RVI/install/odrive_ros2_control/bin'
[20.116s] INFO:colcon.colcon_core.shell:Creating package script '/home/iris/RVI/install/odrive_ros2_control/share/odrive_ros2_control/package.ps1'
[20.121s] INFO:colcon.colcon_core.shell:Creating package descriptor '/home/iris/RVI/install/odrive_ros2_control/share/odrive_ros2_control/package.dsv'
[20.126s] INFO:colcon.colcon_core.shell:Creating package script '/home/iris/RVI/install/odrive_ros2_control/share/odrive_ros2_control/package.sh'
[20.129s] INFO:colcon.colcon_core.shell:Creating package script '/home/iris/RVI/install/odrive_ros2_control/share/odrive_ros2_control/package.bash'
[20.133s] INFO:colcon.colcon_core.shell:Creating package script '/home/iris/RVI/install/odrive_ros2_control/share/odrive_ros2_control/package.zsh'
[20.136s] Level 1:colcon.colcon_core.environment:create_file_with_runtime_dependencies(/home/iris/RVI/install/odrive_ros2_control/share/colcon-core/packages/odrive_ros2_control)
[20.139s] DEBUG:colcon.colcon_parallel_executor.executor.parallel:closing loop
[20.140s] DEBUG:colcon.colcon_parallel_executor.executor.parallel:loop closed
[20.141s] DEBUG:colcon.colcon_parallel_executor.executor.parallel:run_until_complete finished with '0'
[20.141s] DEBUG:colcon.colcon_core.event_reactor:joining thread
[20.323s] INFO:colcon.colcon_core.plugin_system:Skipping extension 'colcon_notification.desktop_notification.terminal_notifier': Not used on non-Darwin systems
[20.324s] INFO:colcon.colcon_core.plugin_system:Skipping extension 'colcon_notification.desktop_notification.win32': Not used on non-Windows systems
[20.324s] INFO:colcon.colcon_notification.desktop_notification:Sending desktop notification using 'notify2'
[20.392s] DEBUG:colcon.colcon_core.event_reactor:joined thread
[20.503s] INFO:colcon.colcon_core.shell:Creating prefix script '/home/iris/RVI/install/local_setup.ps1'
[20.507s] INFO:colcon.colcon_core.shell:Creating prefix util module '/home/iris/RVI/install/_local_setup_util_ps1.py'
[20.513s] INFO:colcon.colcon_core.shell:Creating prefix chain script '/home/iris/RVI/install/setup.ps1'
[20.604s] INFO:colcon.colcon_core.shell:Creating prefix script '/home/iris/RVI/install/local_setup.sh'
[20.607s] INFO:colcon.colcon_core.shell:Creating prefix util module '/home/iris/RVI/install/_local_setup_util_sh.py'
[20.610s] INFO:colcon.colcon_core.shell:Creating prefix chain script '/home/iris/RVI/install/setup.sh'
[20.702s] INFO:colcon.colcon_core.shell:Creating prefix script '/home/iris/RVI/install/local_setup.bash'
[20.705s] INFO:colcon.colcon_core.shell:Creating prefix chain script '/home/iris/RVI/install/setup.bash'
[20.803s] INFO:colcon.colcon_core.shell:Creating prefix script '/home/iris/RVI/install/local_setup.zsh'
[20.805s] INFO:colcon.colcon_core.shell:Creating prefix chain script '/home/iris/RVI/install/setup.zsh'
