[5.785s] Invoking command in '/home/iris/RVI/src/r6': PYTHONPATH=/home/iris/RVI/build/r6/prefix_override:/home/iris/RVI/install/r6/lib/python3.10/site-packages:${PYTHONPATH} /usr/bin/python3 setup.py egg_info --egg-base ../../build/r6 build --build-base /home/iris/RVI/build/r6/build install --record /home/iris/RVI/build/r6/install.log --single-version-externally-managed
[7.489s] running egg_info
[7.491s] writing ../../build/r6/r6.egg-info/PKG-INFO
[7.494s] writing dependency_links to ../../build/r6/r6.egg-info/dependency_links.txt
[7.495s] writing entry points to ../../build/r6/r6.egg-info/entry_points.txt
[7.498s] writing requirements to ../../build/r6/r6.egg-info/requires.txt
[7.503s] writing top-level names to ../../build/r6/r6.egg-info/top_level.txt
[7.508s] reading manifest file '../../build/r6/r6.egg-info/SOURCES.txt'
[7.509s] adding license file 'LICENSE'
[7.512s] writing manifest file '../../build/r6/r6.egg-info/SOURCES.txt'
[7.514s] running build
[7.521s] running build_py
[7.522s] running install
[7.522s] /usr/lib/python3/dist-packages/setuptools/command/install.py:34: SetuptoolsDeprecationWarning: setup.py install is deprecated. Use build and pip and other standards-based tools.
[7.523s]   warnings.warn(
[7.523s] running install_lib
[7.539s] running install_data
[7.540s] running install_egg_info
[7.540s] removing '/home/iris/RVI/install/r6/lib/python3.10/site-packages/r6-0.0.0-py3.10.egg-info' (and everything under it)
[7.549s] Copying ../../build/r6/r6.egg-info to /home/iris/RVI/install/r6/lib/python3.10/site-packages/r6-0.0.0-py3.10.egg-info
[7.555s] running install_scripts
[7.639s] writing list of installed files to '/home/iris/RVI/build/r6/install.log'
[8.025s] Invoked command in '/home/iris/RVI/src/r6' returned '0': PYTHONPATH=/home/iris/RVI/build/r6/prefix_override:/home/iris/RVI/install/r6/lib/python3.10/site-packages:${PYTHONPATH} /usr/bin/python3 setup.py egg_info --egg-base ../../build/r6 build --build-base /home/iris/RVI/build/r6/build install --record /home/iris/RVI/build/r6/install.log --single-version-externally-managed
