[0.863s] Invoking command in '/home/iris/RVI/build/odrive_ros2_control': CMAKE_PREFIX_PATH=/home/iris/RVI/install/odrive_demo_bringup:/home/iris/RVI/install/odrive_hardware_interface:/home/iris/RVI/install/odrive_demo_description:/home/iris/RVI/install/odrive_ros2_control:/home/iris/RVI/install/r6:/opt/ros/humble /usr/bin/cmake --build /home/iris/RVI/build/odrive_ros2_control -- -j4 -l4
[1.033s] Invoked command in '/home/iris/RVI/build/odrive_ros2_control' returned '0': CMAKE_PREFIX_PATH=/home/iris/RVI/install/odrive_demo_bringup:/home/iris/RVI/install/odrive_hardware_interface:/home/iris/RVI/install/odrive_demo_description:/home/iris/RVI/install/odrive_ros2_control:/home/iris/RVI/install/r6:/opt/ros/humble /usr/bin/cmake --build /home/iris/RVI/build/odrive_ros2_control -- -j4 -l4
[1.185s] Invoking command in '/home/iris/RVI/build/odrive_ros2_control': CMAKE_PREFIX_PATH=/home/iris/RVI/install/odrive_demo_bringup:/home/iris/RVI/install/odrive_hardware_interface:/home/iris/RVI/install/odrive_demo_description:/home/iris/RVI/install/odrive_ros2_control:/home/iris/RVI/install/r6:/opt/ros/humble /usr/bin/cmake --install /home/iris/RVI/build/odrive_ros2_control
[1.230s] -- Install configuration: ""
[1.234s] -- Up-to-date: /home/iris/RVI/install/odrive_ros2_control/share/ament_index/resource_index/package_run_dependencies/odrive_ros2_control
[1.235s] -- Up-to-date: /home/iris/RVI/install/odrive_ros2_control/share/ament_index/resource_index/parent_prefix_path/odrive_ros2_control
[1.235s] -- Up-to-date: /home/iris/RVI/install/odrive_ros2_control/share/odrive_ros2_control/environment/ament_prefix_path.sh
[1.236s] -- Up-to-date: /home/iris/RVI/install/odrive_ros2_control/share/odrive_ros2_control/environment/ament_prefix_path.dsv
[1.236s] -- Up-to-date: /home/iris/RVI/install/odrive_ros2_control/share/odrive_ros2_control/environment/path.sh
[1.237s] -- Up-to-date: /home/iris/RVI/install/odrive_ros2_control/share/odrive_ros2_control/environment/path.dsv
[1.242s] -- Up-to-date: /home/iris/RVI/install/odrive_ros2_control/share/odrive_ros2_control/local_setup.bash
[1.246s] -- Up-to-date: /home/iris/RVI/install/odrive_ros2_control/share/odrive_ros2_control/local_setup.sh
[1.251s] -- Up-to-date: /home/iris/RVI/install/odrive_ros2_control/share/odrive_ros2_control/local_setup.zsh
[1.260s] -- Up-to-date: /home/iris/RVI/install/odrive_ros2_control/share/odrive_ros2_control/local_setup.dsv
[1.261s] -- Installing: /home/iris/RVI/install/odrive_ros2_control/share/odrive_ros2_control/package.dsv
[1.262s] -- Up-to-date: /home/iris/RVI/install/odrive_ros2_control/share/ament_index/resource_index/packages/odrive_ros2_control
[1.262s] -- Up-to-date: /home/iris/RVI/install/odrive_ros2_control/share/odrive_ros2_control/cmake/odrive_ros2_controlConfig.cmake
[1.263s] -- Up-to-date: /home/iris/RVI/install/odrive_ros2_control/share/odrive_ros2_control/cmake/odrive_ros2_controlConfig-version.cmake
[1.263s] -- Up-to-date: /home/iris/RVI/install/odrive_ros2_control/share/odrive_ros2_control/package.xml
[1.264s] Invoked command in '/home/iris/RVI/build/odrive_ros2_control' returned '0': CMAKE_PREFIX_PATH=/home/iris/RVI/install/odrive_demo_bringup:/home/iris/RVI/install/odrive_hardware_interface:/home/iris/RVI/install/odrive_demo_description:/home/iris/RVI/install/odrive_ros2_control:/home/iris/RVI/install/r6:/opt/ros/humble /usr/bin/cmake --install /home/iris/RVI/build/odrive_ros2_control
