[0.561s] Invoking command in '/home/iris/RVI/build/odrive_hardware_interface': CMAKE_PREFIX_PATH=${CMAKE_PREFIX_PATH}:/opt/ros/humble /usr/bin/cmake /home/iris/RVI/src/odrive_ros2_control/odrive_hardware_interface -DAMENT_CMAKE_SYMLINK_INSTALL=1 -DCMAKE_INSTALL_PREFIX=/home/iris/RVI/install/odrive_hardware_interface
[0.616s] -- Found ament_cmake_auto: 1.3.7 (/opt/ros/humble/share/ament_cmake_auto/cmake)
[1.384s] -- Override CMake install command with custom implementation using symlinks instead of copying resources
[2.114s] -- Found rosidl_generator_c: 3.1.5 (/opt/ros/humble/share/rosidl_generator_c/cmake)
[2.135s] -- Found rosidl_adapter: 3.1.5 (/opt/ros/humble/share/rosidl_adapter/cmake)
[2.180s] -- Found rosidl_generator_cpp: 3.1.5 (/opt/ros/humble/share/rosidl_generator_cpp/cmake)
[2.260s] -- Using all available rosidl_typesupport_c: rosidl_typesupport_fastrtps_c;rosidl_typesupport_introspection_c
[2.364s] -- Using all available rosidl_typesupport_cpp: rosidl_typesupport_fastrtps_cpp;rosidl_typesupport_introspection_cpp
[5.589s] -- Found rmw_implementation_cmake: 6.1.1 (/opt/ros/humble/share/rmw_implementation_cmake/cmake)
[5.601s] -- Found rmw_fastrtps_cpp: 6.2.6 (/opt/ros/humble/share/rmw_fastrtps_cpp/cmake)
[5.801s] -- Found TinyXML2 via Config file: TinyXML2_DIR-NOTFOUND
[5.850s] -- Found TinyXML2 via Config file: TinyXML2_DIR-NOTFOUND
[5.955s] -- Found TinyXML2 via Config file: TinyXML2_DIR-NOTFOUND
[5.989s] -- Found TinyXML2 via Config file: TinyXML2_DIR-NOTFOUND
[6.030s] -- Using RMW implementation 'rmw_fastrtps_cpp' as default
[7.215s] -- Found ament_lint_auto: 0.12.10 (/opt/ros/humble/share/ament_lint_auto/cmake)
[7.287s] -- Added test 'copyright' to check source files copyright and LICENSE
[7.298s] -- Added test 'cppcheck' to perform static code analysis on C / C++ code
[7.299s] -- Configured cppcheck include dirs: /home/iris/RVI/src/odrive_ros2_control/odrive_hardware_interface/include
[7.300s] -- Configured cppcheck exclude dirs and/or files: 
[7.309s] -- Added test 'cpplint' to check C / C++ code against the Google style
[7.310s] -- Configured cpplint exclude dirs and/or files: 
[7.314s] -- Added test 'lint_cmake' to check CMake code style
[7.324s] -- Added test 'uncrustify' to check C / C++ code style
[7.325s] -- Configured uncrustify additional arguments: 
[7.330s] -- Added test 'xmllint' to check XML markup files
[7.356s] -- Configuring done
[7.771s] -- Generating done
[7.783s] -- Build files have been written to: /home/iris/RVI/build/odrive_hardware_interface
[7.818s] Invoked command in '/home/iris/RVI/build/odrive_hardware_interface' returned '0': CMAKE_PREFIX_PATH=${CMAKE_PREFIX_PATH}:/opt/ros/humble /usr/bin/cmake /home/iris/RVI/src/odrive_ros2_control/odrive_hardware_interface -DAMENT_CMAKE_SYMLINK_INSTALL=1 -DCMAKE_INSTALL_PREFIX=/home/iris/RVI/install/odrive_hardware_interface
[7.828s] Invoking command in '/home/iris/RVI/build/odrive_hardware_interface': CMAKE_PREFIX_PATH=${CMAKE_PREFIX_PATH}:/opt/ros/humble /usr/bin/cmake --build /home/iris/RVI/build/odrive_hardware_interface -- -j4 -l4
[8.010s] [35m[1mConsolidate compiler generated dependencies of target odrive_usb[0m
[8.076s] [ 25%] [32m[1mLinking CXX shared library libodrive_usb.so[0m
[8.804s] [ 50%] Built target odrive_usb
[8.854s] [35m[1mConsolidate compiler generated dependencies of target odrive_hardware_interface[0m
[8.953s] [ 75%] [32m[1mLinking CXX shared library libodrive_hardware_interface.so[0m
[10.027s] [100%] Built target odrive_hardware_interface
[10.066s] Invoked command in '/home/iris/RVI/build/odrive_hardware_interface' returned '0': CMAKE_PREFIX_PATH=${CMAKE_PREFIX_PATH}:/opt/ros/humble /usr/bin/cmake --build /home/iris/RVI/build/odrive_hardware_interface -- -j4 -l4
[10.214s] Invoking command in '/home/iris/RVI/build/odrive_hardware_interface': CMAKE_PREFIX_PATH=${CMAKE_PREFIX_PATH}:/opt/ros/humble /usr/bin/cmake --install /home/iris/RVI/build/odrive_hardware_interface
[10.243s] -- Install configuration: ""
[10.244s] -- Execute custom install script
[10.245s] -- Symlinking: /home/iris/RVI/install/odrive_hardware_interface/share/odrive_hardware_interface//odrive_hardware_interface.xml
[10.279s] -- Symlinking: /home/iris/RVI/install/odrive_hardware_interface/include/odrive_hardware_interface/odrive_endpoints.hpp
[10.313s] -- Symlinking: /home/iris/RVI/install/odrive_hardware_interface/include/odrive_hardware_interface/odrive_hardware_interface.hpp
[10.344s] -- Symlinking: /home/iris/RVI/install/odrive_hardware_interface/include/odrive_hardware_interface/odrive_usb.hpp
[10.375s] -- Symlinking: /home/iris/RVI/install/odrive_hardware_interface/include/odrive_hardware_interface/visibility_control.hpp
[10.406s] -- Symlinking: /home/iris/RVI/install/odrive_hardware_interface/share/odrive_hardware_interface/environment/library_path.sh
[10.440s] -- Symlinking: /home/iris/RVI/install/odrive_hardware_interface/share/odrive_hardware_interface/environment/library_path.dsv
[10.473s] -- Symlinking: /home/iris/RVI/install/odrive_hardware_interface/lib/libodrive_usb.so
[10.505s] -- Symlinking: /home/iris/RVI/install/odrive_hardware_interface/lib/libodrive_hardware_interface.so
[10.537s] -- Symlinking: /home/iris/RVI/install/odrive_hardware_interface/share/ament_index/resource_index/package_run_dependencies/odrive_hardware_interface
[10.570s] -- Symlinking: /home/iris/RVI/install/odrive_hardware_interface/share/ament_index/resource_index/parent_prefix_path/odrive_hardware_interface
[10.603s] -- Symlinking: /home/iris/RVI/install/odrive_hardware_interface/share/odrive_hardware_interface/environment/ament_prefix_path.sh
[10.634s] -- Symlinking: /home/iris/RVI/install/odrive_hardware_interface/share/odrive_hardware_interface/environment/ament_prefix_path.dsv
[10.666s] -- Symlinking: /home/iris/RVI/install/odrive_hardware_interface/share/odrive_hardware_interface/environment/path.sh
[10.699s] -- Symlinking: /home/iris/RVI/install/odrive_hardware_interface/share/odrive_hardware_interface/environment/path.dsv
[10.732s] -- Symlinking: /home/iris/RVI/install/odrive_hardware_interface/share/odrive_hardware_interface/local_setup.bash
[10.764s] -- Symlinking: /home/iris/RVI/install/odrive_hardware_interface/share/odrive_hardware_interface/local_setup.sh
[10.796s] -- Symlinking: /home/iris/RVI/install/odrive_hardware_interface/share/odrive_hardware_interface/local_setup.zsh
[10.827s] -- Symlinking: /home/iris/RVI/install/odrive_hardware_interface/share/odrive_hardware_interface/local_setup.dsv
[10.858s] -- Symlinking: /home/iris/RVI/install/odrive_hardware_interface/share/odrive_hardware_interface/package.dsv
[10.890s] -- Symlinking: /home/iris/RVI/install/odrive_hardware_interface/share/ament_index/resource_index/packages/odrive_hardware_interface
[10.922s] -- Symlinking: /home/iris/RVI/install/odrive_hardware_interface/share/ament_index/resource_index/hardware_interface__pluginlib__plugin/odrive_hardware_interface
[10.956s] -- Symlinking: /home/iris/RVI/install/odrive_hardware_interface/share/odrive_hardware_interface/cmake/ament_cmake_export_dependencies-extras.cmake
[10.988s] -- Symlinking: /home/iris/RVI/install/odrive_hardware_interface/share/odrive_hardware_interface/cmake/ament_cmake_export_include_directories-extras.cmake
[11.020s] -- Symlinking: /home/iris/RVI/install/odrive_hardware_interface/share/odrive_hardware_interface/cmake/ament_cmake_export_libraries-extras.cmake
[11.051s] -- Symlinking: /home/iris/RVI/install/odrive_hardware_interface/share/odrive_hardware_interface/cmake/odrive_hardware_interfaceConfig.cmake
[11.083s] -- Symlinking: /home/iris/RVI/install/odrive_hardware_interface/share/odrive_hardware_interface/cmake/odrive_hardware_interfaceConfig-version.cmake
[11.115s] -- Symlinking: /home/iris/RVI/install/odrive_hardware_interface/share/odrive_hardware_interface/package.xml
[11.153s] Invoked command in '/home/iris/RVI/build/odrive_hardware_interface' returned '0': CMAKE_PREFIX_PATH=${CMAKE_PREFIX_PATH}:/opt/ros/humble /usr/bin/cmake --install /home/iris/RVI/build/odrive_hardware_interface
