[0.801s] Invoking command in '/home/iris/RVI/build/odrive_demo_description': CMAKE_PREFIX_PATH=${CMAKE_PREFIX_PATH}:/opt/ros/humble /usr/bin/cmake --build /home/iris/RVI/build/odrive_demo_description -- -j4 -l4
[0.968s] Invoked command in '/home/iris/RVI/build/odrive_demo_description' returned '0': CMAKE_PREFIX_PATH=${CMAKE_PREFIX_PATH}:/opt/ros/humble /usr/bin/cmake --build /home/iris/RVI/build/odrive_demo_description -- -j4 -l4
[1.124s] Invoking command in '/home/iris/RVI/build/odrive_demo_description': CMAKE_PREFIX_PATH=${CMAKE_PREFIX_PATH}:/opt/ros/humble /usr/bin/cmake --install /home/iris/RVI/build/odrive_demo_description
[1.152s] -- Install configuration: ""
[1.155s] -- Execute custom install script
[1.160s] -- Up-to-date symlink: /home/iris/RVI/install/odrive_demo_description/share/odrive_demo_description/urdf/odrive.ros2_control.xacro
[1.164s] -- Up-to-date symlink: /home/iris/RVI/install/odrive_demo_description/share/odrive_demo_description/urdf/odrive.urdf.xacro
[1.171s] -- Up-to-date symlink: /home/iris/RVI/install/odrive_demo_description/share/odrive_demo_description/urdf/odrive_diffbot.urdf.xacro
[1.172s] -- Up-to-date symlink: /home/iris/RVI/install/odrive_demo_description/share/odrive_demo_description/urdf/odrive_rrbot.urdf.xacro
[1.173s] -- Up-to-date symlink: /home/iris/RVI/install/odrive_demo_description/share/ament_index/resource_index/package_run_dependencies/odrive_demo_description
[1.173s] -- Up-to-date symlink: /home/iris/RVI/install/odrive_demo_description/share/ament_index/resource_index/parent_prefix_path/odrive_demo_description
[1.175s] -- Up-to-date symlink: /home/iris/RVI/install/odrive_demo_description/share/odrive_demo_description/environment/ament_prefix_path.sh
[1.175s] -- Up-to-date symlink: /home/iris/RVI/install/odrive_demo_description/share/odrive_demo_description/environment/ament_prefix_path.dsv
[1.176s] -- Up-to-date symlink: /home/iris/RVI/install/odrive_demo_description/share/odrive_demo_description/environment/path.sh
[1.177s] -- Up-to-date symlink: /home/iris/RVI/install/odrive_demo_description/share/odrive_demo_description/environment/path.dsv
[1.178s] -- Up-to-date symlink: /home/iris/RVI/install/odrive_demo_description/share/odrive_demo_description/local_setup.bash
[1.178s] -- Up-to-date symlink: /home/iris/RVI/install/odrive_demo_description/share/odrive_demo_description/local_setup.sh
[1.179s] -- Up-to-date symlink: /home/iris/RVI/install/odrive_demo_description/share/odrive_demo_description/local_setup.zsh
[1.180s] -- Up-to-date symlink: /home/iris/RVI/install/odrive_demo_description/share/odrive_demo_description/local_setup.dsv
[1.180s] -- Symlinking: /home/iris/RVI/install/odrive_demo_description/share/odrive_demo_description/package.dsv
[1.222s] -- Up-to-date symlink: /home/iris/RVI/install/odrive_demo_description/share/ament_index/resource_index/packages/odrive_demo_description
[1.226s] -- Up-to-date symlink: /home/iris/RVI/install/odrive_demo_description/share/odrive_demo_description/cmake/odrive_demo_descriptionConfig.cmake
[1.229s] -- Up-to-date symlink: /home/iris/RVI/install/odrive_demo_description/share/odrive_demo_description/cmake/odrive_demo_descriptionConfig-version.cmake
[1.235s] -- Up-to-date symlink: /home/iris/RVI/install/odrive_demo_description/share/odrive_demo_description/package.xml
[1.238s] Invoked command in '/home/iris/RVI/build/odrive_demo_description' returned '0': CMAKE_PREFIX_PATH=${CMAKE_PREFIX_PATH}:/opt/ros/humble /usr/bin/cmake --install /home/iris/RVI/build/odrive_demo_description
