[5.726s] DEBUG:colcon:Command line arguments: ['/usr/bin/colcon', 'build']
[5.726s] DEBUG:colcon:Parsed command line arguments: Namespace(log_base=None, log_level=None, verb_name='build', build_base='build', install_base='install', merge_install=False, symlink_install=False, test_result_base=None, continue_on_error=False, executor='parallel', parallel_workers=4, event_handlers=None, ignore_user_meta=False, metas=['./colcon.meta'], base_paths=['.'], packages_ignore=None, packages_ignore_regex=None, paths=None, packages_up_to=None, packages_up_to_regex=None, packages_above=None, packages_above_and_dependencies=None, packages_above_depth=None, packages_select_by_dep=None, packages_skip_by_dep=None, packages_skip_up_to=None, packages_select_build_failed=False, packages_skip_build_finished=False, packages_select_test_failures=False, packages_skip_test_passed=False, packages_select=None, packages_skip=None, packages_select_regex=None, packages_skip_regex=None, packages_start=None, packages_end=None, allow_overriding=[], cmake_args=None, cmake_target=None, cmake_target_skip_unavailable=False, cmake_clean_cache=False, cmake_clean_first=False, cmake_force_configure=False, ament_cmake_args=None, catkin_cmake_args=None, catkin_skip_building_tests=False, verb_parser=<colcon_defaults.argument_parser.defaults.DefaultArgumentsDecorator object at 0xffff86ba00a0>, verb_extension=<colcon_core.verb.build.BuildVerb object at 0xffff870cb970>, main=<bound method BuildVerb.main of <colcon_core.verb.build.BuildVerb object at 0xffff870cb970>>)
[5.995s] Level 1:colcon.colcon_core.package_discovery:discover_packages(colcon_meta) check parameters
[5.996s] Level 1:colcon.colcon_core.package_discovery:discover_packages(recursive) check parameters
[5.996s] Level 1:colcon.colcon_core.package_discovery:discover_packages(ignore) check parameters
[5.996s] Level 1:colcon.colcon_core.package_discovery:discover_packages(path) check parameters
[5.997s] Level 1:colcon.colcon_core.package_discovery:discover_packages(colcon_meta) discover
[5.997s] Level 1:colcon.colcon_core.package_discovery:discover_packages(recursive) discover
[5.997s] INFO:colcon.colcon_core.package_discovery:Crawling recursively for packages in '/home/iris/RVI'
[5.998s] Level 1:colcon.colcon_core.package_identification:_identify(.) by extensions ['ignore', 'ignore_ament_install']
[5.999s] Level 1:colcon.colcon_core.package_identification:_identify(.) by extension 'ignore'
[5.999s] Level 1:colcon.colcon_core.package_identification:_identify(.) by extension 'ignore_ament_install'
[6.000s] Level 1:colcon.colcon_core.package_identification:_identify(.) by extensions ['colcon_pkg']
[6.000s] Level 1:colcon.colcon_core.package_identification:_identify(.) by extension 'colcon_pkg'
[6.000s] Level 1:colcon.colcon_core.package_identification:_identify(.) by extensions ['colcon_meta']
[6.000s] Level 1:colcon.colcon_core.package_identification:_identify(.) by extension 'colcon_meta'
[6.000s] Level 1:colcon.colcon_core.package_identification:_identify(.) by extensions ['ros']
[6.001s] Level 1:colcon.colcon_core.package_identification:_identify(.) by extension 'ros'
[6.051s] Level 1:colcon.colcon_core.package_identification:_identify(.) by extensions ['cmake', 'python']
[6.051s] Level 1:colcon.colcon_core.package_identification:_identify(.) by extension 'cmake'
[6.052s] Level 1:colcon.colcon_core.package_identification:_identify(.) by extension 'python'
[6.052s] Level 1:colcon.colcon_core.package_identification:_identify(.) by extensions ['python_setup_py']
[6.053s] Level 1:colcon.colcon_core.package_identification:_identify(.) by extension 'python_setup_py'
[6.054s] Level 1:colcon.colcon_core.package_identification:_identify(build) by extensions ['ignore', 'ignore_ament_install']
[6.054s] Level 1:colcon.colcon_core.package_identification:_identify(build) by extension 'ignore'
[6.055s] Level 1:colcon.colcon_core.package_identification:_identify(build) ignored
[6.056s] Level 1:colcon.colcon_core.package_identification:_identify(install) by extensions ['ignore', 'ignore_ament_install']
[6.056s] Level 1:colcon.colcon_core.package_identification:_identify(install) by extension 'ignore'
[6.056s] Level 1:colcon.colcon_core.package_identification:_identify(install) ignored
[6.057s] Level 1:colcon.colcon_core.package_identification:_identify(log) by extensions ['ignore', 'ignore_ament_install']
[6.058s] Level 1:colcon.colcon_core.package_identification:_identify(log) by extension 'ignore'
[6.058s] Level 1:colcon.colcon_core.package_identification:_identify(log) ignored
[6.059s] Level 1:colcon.colcon_core.package_identification:_identify(src) by extensions ['ignore', 'ignore_ament_install']
[6.059s] Level 1:colcon.colcon_core.package_identification:_identify(src) by extension 'ignore'
[6.060s] Level 1:colcon.colcon_core.package_identification:_identify(src) by extension 'ignore_ament_install'
[6.060s] Level 1:colcon.colcon_core.package_identification:_identify(src) by extensions ['colcon_pkg']
[6.060s] Level 1:colcon.colcon_core.package_identification:_identify(src) by extension 'colcon_pkg'
[6.060s] Level 1:colcon.colcon_core.package_identification:_identify(src) by extensions ['colcon_meta']
[6.060s] Level 1:colcon.colcon_core.package_identification:_identify(src) by extension 'colcon_meta'
[6.061s] Level 1:colcon.colcon_core.package_identification:_identify(src) by extensions ['ros']
[6.061s] Level 1:colcon.colcon_core.package_identification:_identify(src) by extension 'ros'
[6.061s] Level 1:colcon.colcon_core.package_identification:_identify(src) by extensions ['cmake', 'python']
[6.061s] Level 1:colcon.colcon_core.package_identification:_identify(src) by extension 'cmake'
[6.062s] Level 1:colcon.colcon_core.package_identification:_identify(src) by extension 'python'
[6.062s] Level 1:colcon.colcon_core.package_identification:_identify(src) by extensions ['python_setup_py']
[6.062s] Level 1:colcon.colcon_core.package_identification:_identify(src) by extension 'python_setup_py'
[6.063s] Level 1:colcon.colcon_core.package_identification:_identify(src/odrive_ros2_control) by extensions ['ignore', 'ignore_ament_install']
[6.064s] Level 1:colcon.colcon_core.package_identification:_identify(src/odrive_ros2_control) by extension 'ignore'
[6.064s] Level 1:colcon.colcon_core.package_identification:_identify(src/odrive_ros2_control) by extension 'ignore_ament_install'
[6.064s] Level 1:colcon.colcon_core.package_identification:_identify(src/odrive_ros2_control) by extensions ['colcon_pkg']
[6.065s] Level 1:colcon.colcon_core.package_identification:_identify(src/odrive_ros2_control) by extension 'colcon_pkg'
[6.065s] Level 1:colcon.colcon_core.package_identification:_identify(src/odrive_ros2_control) by extensions ['colcon_meta']
[6.065s] Level 1:colcon.colcon_core.package_identification:_identify(src/odrive_ros2_control) by extension 'colcon_meta'
[6.066s] Level 1:colcon.colcon_core.package_identification:_identify(src/odrive_ros2_control) by extensions ['ros']
[6.066s] Level 1:colcon.colcon_core.package_identification:_identify(src/odrive_ros2_control) by extension 'ros'
[6.066s] Level 1:colcon.colcon_core.package_identification:_identify(src/odrive_ros2_control) by extensions ['cmake', 'python']
[6.066s] Level 1:colcon.colcon_core.package_identification:_identify(src/odrive_ros2_control) by extension 'cmake'
[6.067s] Level 1:colcon.colcon_core.package_identification:_identify(src/odrive_ros2_control) by extension 'python'
[6.067s] Level 1:colcon.colcon_core.package_identification:_identify(src/odrive_ros2_control) by extensions ['python_setup_py']
[6.067s] Level 1:colcon.colcon_core.package_identification:_identify(src/odrive_ros2_control) by extension 'python_setup_py'
[6.068s] Level 1:colcon.colcon_core.package_identification:_identify(src/odrive_ros2_control/odrive_demo_bringup) by extensions ['ignore', 'ignore_ament_install']
[6.069s] Level 1:colcon.colcon_core.package_identification:_identify(src/odrive_ros2_control/odrive_demo_bringup) by extension 'ignore'
[6.069s] Level 1:colcon.colcon_core.package_identification:_identify(src/odrive_ros2_control/odrive_demo_bringup) by extension 'ignore_ament_install'
[6.069s] Level 1:colcon.colcon_core.package_identification:_identify(src/odrive_ros2_control/odrive_demo_bringup) by extensions ['colcon_pkg']
[6.070s] Level 1:colcon.colcon_core.package_identification:_identify(src/odrive_ros2_control/odrive_demo_bringup) by extension 'colcon_pkg'
[6.070s] Level 1:colcon.colcon_core.package_identification:_identify(src/odrive_ros2_control/odrive_demo_bringup) by extensions ['colcon_meta']
[6.070s] Level 1:colcon.colcon_core.package_identification:_identify(src/odrive_ros2_control/odrive_demo_bringup) by extension 'colcon_meta'
[6.070s] Level 1:colcon.colcon_core.package_identification:_identify(src/odrive_ros2_control/odrive_demo_bringup) by extensions ['ros']
[6.071s] Level 1:colcon.colcon_core.package_identification:_identify(src/odrive_ros2_control/odrive_demo_bringup) by extension 'ros'
[6.081s] DEBUG:colcon.colcon_core.package_identification:Package 'src/odrive_ros2_control/odrive_demo_bringup' with type 'ros.ament_cmake' and name 'odrive_demo_bringup'
[6.081s] Level 1:colcon.colcon_core.package_identification:_identify(src/odrive_ros2_control/odrive_demo_description) by extensions ['ignore', 'ignore_ament_install']
[6.082s] Level 1:colcon.colcon_core.package_identification:_identify(src/odrive_ros2_control/odrive_demo_description) by extension 'ignore'
[6.082s] Level 1:colcon.colcon_core.package_identification:_identify(src/odrive_ros2_control/odrive_demo_description) by extension 'ignore_ament_install'
[6.083s] Level 1:colcon.colcon_core.package_identification:_identify(src/odrive_ros2_control/odrive_demo_description) by extensions ['colcon_pkg']
[6.083s] Level 1:colcon.colcon_core.package_identification:_identify(src/odrive_ros2_control/odrive_demo_description) by extension 'colcon_pkg'
[6.083s] Level 1:colcon.colcon_core.package_identification:_identify(src/odrive_ros2_control/odrive_demo_description) by extensions ['colcon_meta']
[6.084s] Level 1:colcon.colcon_core.package_identification:_identify(src/odrive_ros2_control/odrive_demo_description) by extension 'colcon_meta'
[6.084s] Level 1:colcon.colcon_core.package_identification:_identify(src/odrive_ros2_control/odrive_demo_description) by extensions ['ros']
[6.084s] Level 1:colcon.colcon_core.package_identification:_identify(src/odrive_ros2_control/odrive_demo_description) by extension 'ros'
[6.086s] DEBUG:colcon.colcon_core.package_identification:Package 'src/odrive_ros2_control/odrive_demo_description' with type 'ros.ament_cmake' and name 'odrive_demo_description'
[6.087s] Level 1:colcon.colcon_core.package_identification:_identify(src/odrive_ros2_control/odrive_hardware_interface) by extensions ['ignore', 'ignore_ament_install']
[6.088s] Level 1:colcon.colcon_core.package_identification:_identify(src/odrive_ros2_control/odrive_hardware_interface) by extension 'ignore'
[6.088s] Level 1:colcon.colcon_core.package_identification:_identify(src/odrive_ros2_control/odrive_hardware_interface) by extension 'ignore_ament_install'
[6.089s] Level 1:colcon.colcon_core.package_identification:_identify(src/odrive_ros2_control/odrive_hardware_interface) by extensions ['colcon_pkg']
[6.089s] Level 1:colcon.colcon_core.package_identification:_identify(src/odrive_ros2_control/odrive_hardware_interface) by extension 'colcon_pkg'
[6.089s] Level 1:colcon.colcon_core.package_identification:_identify(src/odrive_ros2_control/odrive_hardware_interface) by extensions ['colcon_meta']
[6.089s] Level 1:colcon.colcon_core.package_identification:_identify(src/odrive_ros2_control/odrive_hardware_interface) by extension 'colcon_meta'
[6.090s] Level 1:colcon.colcon_core.package_identification:_identify(src/odrive_ros2_control/odrive_hardware_interface) by extensions ['ros']
[6.090s] Level 1:colcon.colcon_core.package_identification:_identify(src/odrive_ros2_control/odrive_hardware_interface) by extension 'ros'
[6.093s] DEBUG:colcon.colcon_core.package_identification:Package 'src/odrive_ros2_control/odrive_hardware_interface' with type 'ros.ament_cmake' and name 'odrive_hardware_interface'
[6.094s] Level 1:colcon.colcon_core.package_identification:_identify(src/odrive_ros2_control/odrive_ros2_control) by extensions ['ignore', 'ignore_ament_install']
[6.094s] Level 1:colcon.colcon_core.package_identification:_identify(src/odrive_ros2_control/odrive_ros2_control) by extension 'ignore'
[6.095s] Level 1:colcon.colcon_core.package_identification:_identify(src/odrive_ros2_control/odrive_ros2_control) by extension 'ignore_ament_install'
[6.095s] Level 1:colcon.colcon_core.package_identification:_identify(src/odrive_ros2_control/odrive_ros2_control) by extensions ['colcon_pkg']
[6.095s] Level 1:colcon.colcon_core.package_identification:_identify(src/odrive_ros2_control/odrive_ros2_control) by extension 'colcon_pkg'
[6.096s] Level 1:colcon.colcon_core.package_identification:_identify(src/odrive_ros2_control/odrive_ros2_control) by extensions ['colcon_meta']
[6.096s] Level 1:colcon.colcon_core.package_identification:_identify(src/odrive_ros2_control/odrive_ros2_control) by extension 'colcon_meta'
[6.096s] Level 1:colcon.colcon_core.package_identification:_identify(src/odrive_ros2_control/odrive_ros2_control) by extensions ['ros']
[6.096s] Level 1:colcon.colcon_core.package_identification:_identify(src/odrive_ros2_control/odrive_ros2_control) by extension 'ros'
[6.099s] DEBUG:colcon.colcon_core.package_identification:Package 'src/odrive_ros2_control/odrive_ros2_control' with type 'ros.ament_cmake' and name 'odrive_ros2_control'
[6.100s] Level 1:colcon.colcon_core.package_identification:_identify(src/r6) by extensions ['ignore', 'ignore_ament_install']
[6.100s] Level 1:colcon.colcon_core.package_identification:_identify(src/r6) by extension 'ignore'
[6.100s] Level 1:colcon.colcon_core.package_identification:_identify(src/r6) by extension 'ignore_ament_install'
[6.101s] Level 1:colcon.colcon_core.package_identification:_identify(src/r6) by extensions ['colcon_pkg']
[6.101s] Level 1:colcon.colcon_core.package_identification:_identify(src/r6) by extension 'colcon_pkg'
[6.101s] Level 1:colcon.colcon_core.package_identification:_identify(src/r6) by extensions ['colcon_meta']
[6.101s] Level 1:colcon.colcon_core.package_identification:_identify(src/r6) by extension 'colcon_meta'
[6.101s] Level 1:colcon.colcon_core.package_identification:_identify(src/r6) by extensions ['ros']
[6.102s] Level 1:colcon.colcon_core.package_identification:_identify(src/r6) by extension 'ros'
[6.104s] DEBUG:colcon.colcon_core.package_identification:Package 'src/r6' with type 'ros.ament_python' and name 'r6'
[6.104s] Level 1:colcon.colcon_core.package_discovery:discover_packages(recursive) using defaults
[6.105s] Level 1:colcon.colcon_core.package_discovery:discover_packages(ignore) discover
[6.105s] Level 1:colcon.colcon_core.package_discovery:discover_packages(ignore) using defaults
[6.105s] Level 1:colcon.colcon_core.package_discovery:discover_packages(path) discover
[6.105s] Level 1:colcon.colcon_core.package_discovery:discover_packages(path) using defaults
[6.613s] Level 1:colcon.colcon_core.package_discovery:discover_packages(prefix_path) check parameters
[6.614s] Level 1:colcon.colcon_core.package_discovery:discover_packages(prefix_path) discover
[6.789s] DEBUG:colcon.colcon_installed_package_information.package_discovery:Found 5 installed packages in /home/iris/RVI/install
[6.879s] DEBUG:colcon.colcon_installed_package_information.package_discovery:Found 240 installed packages in /opt/ros/humble
[6.885s] Level 1:colcon.colcon_core.package_discovery:discover_packages(prefix_path) using defaults
[7.314s] Level 5:colcon.colcon_core.verb:set package 'odrive_demo_description' build argument 'cmake_args' from command line to 'None'
[7.315s] Level 5:colcon.colcon_core.verb:set package 'odrive_demo_description' build argument 'cmake_target' from command line to 'None'
[7.315s] Level 5:colcon.colcon_core.verb:set package 'odrive_demo_description' build argument 'cmake_target_skip_unavailable' from command line to 'False'
[7.315s] Level 5:colcon.colcon_core.verb:set package 'odrive_demo_description' build argument 'cmake_clean_cache' from command line to 'False'
[7.315s] Level 5:colcon.colcon_core.verb:set package 'odrive_demo_description' build argument 'cmake_clean_first' from command line to 'False'
[7.315s] Level 5:colcon.colcon_core.verb:set package 'odrive_demo_description' build argument 'cmake_force_configure' from command line to 'False'
[7.315s] Level 5:colcon.colcon_core.verb:set package 'odrive_demo_description' build argument 'ament_cmake_args' from command line to 'None'
[7.316s] Level 5:colcon.colcon_core.verb:set package 'odrive_demo_description' build argument 'catkin_cmake_args' from command line to 'None'
[7.316s] Level 5:colcon.colcon_core.verb:set package 'odrive_demo_description' build argument 'catkin_skip_building_tests' from command line to 'False'
[7.316s] DEBUG:colcon.colcon_core.verb:Building package 'odrive_demo_description' with the following arguments: {'ament_cmake_args': None, 'build_base': '/home/iris/RVI/build/odrive_demo_description', 'catkin_cmake_args': None, 'catkin_skip_building_tests': False, 'cmake_args': None, 'cmake_clean_cache': False, 'cmake_clean_first': False, 'cmake_force_configure': False, 'cmake_target': None, 'cmake_target_skip_unavailable': False, 'install_base': '/home/iris/RVI/install/odrive_demo_description', 'merge_install': False, 'path': '/home/iris/RVI/src/odrive_ros2_control/odrive_demo_description', 'symlink_install': False, 'test_result_base': None}
[7.400s] Level 5:colcon.colcon_core.verb:set package 'odrive_hardware_interface' build argument 'cmake_args' from command line to 'None'
[7.400s] Level 5:colcon.colcon_core.verb:set package 'odrive_hardware_interface' build argument 'cmake_target' from command line to 'None'
[7.401s] Level 5:colcon.colcon_core.verb:set package 'odrive_hardware_interface' build argument 'cmake_target_skip_unavailable' from command line to 'False'
[7.401s] Level 5:colcon.colcon_core.verb:set package 'odrive_hardware_interface' build argument 'cmake_clean_cache' from command line to 'False'
[7.401s] Level 5:colcon.colcon_core.verb:set package 'odrive_hardware_interface' build argument 'cmake_clean_first' from command line to 'False'
[7.401s] Level 5:colcon.colcon_core.verb:set package 'odrive_hardware_interface' build argument 'cmake_force_configure' from command line to 'False'
[7.401s] Level 5:colcon.colcon_core.verb:set package 'odrive_hardware_interface' build argument 'ament_cmake_args' from command line to 'None'
[7.401s] Level 5:colcon.colcon_core.verb:set package 'odrive_hardware_interface' build argument 'catkin_cmake_args' from command line to 'None'
[7.401s] Level 5:colcon.colcon_core.verb:set package 'odrive_hardware_interface' build argument 'catkin_skip_building_tests' from command line to 'False'
[7.401s] DEBUG:colcon.colcon_core.verb:Building package 'odrive_hardware_interface' with the following arguments: {'ament_cmake_args': None, 'build_base': '/home/iris/RVI/build/odrive_hardware_interface', 'catkin_cmake_args': None, 'catkin_skip_building_tests': False, 'cmake_args': None, 'cmake_clean_cache': False, 'cmake_clean_first': False, 'cmake_force_configure': False, 'cmake_target': None, 'cmake_target_skip_unavailable': False, 'install_base': '/home/iris/RVI/install/odrive_hardware_interface', 'merge_install': False, 'path': '/home/iris/RVI/src/odrive_ros2_control/odrive_hardware_interface', 'symlink_install': False, 'test_result_base': None}
[7.485s] Level 5:colcon.colcon_core.verb:set package 'r6' build argument 'cmake_args' from command line to 'None'
[7.486s] Level 5:colcon.colcon_core.verb:set package 'r6' build argument 'cmake_target' from command line to 'None'
[7.486s] Level 5:colcon.colcon_core.verb:set package 'r6' build argument 'cmake_target_skip_unavailable' from command line to 'False'
[7.486s] Level 5:colcon.colcon_core.verb:set package 'r6' build argument 'cmake_clean_cache' from command line to 'False'
[7.486s] Level 5:colcon.colcon_core.verb:set package 'r6' build argument 'cmake_clean_first' from command line to 'False'
[7.486s] Level 5:colcon.colcon_core.verb:set package 'r6' build argument 'cmake_force_configure' from command line to 'False'
[7.486s] Level 5:colcon.colcon_core.verb:set package 'r6' build argument 'ament_cmake_args' from command line to 'None'
[7.486s] Level 5:colcon.colcon_core.verb:set package 'r6' build argument 'catkin_cmake_args' from command line to 'None'
[7.487s] Level 5:colcon.colcon_core.verb:set package 'r6' build argument 'catkin_skip_building_tests' from command line to 'False'
[7.487s] DEBUG:colcon.colcon_core.verb:Building package 'r6' with the following arguments: {'ament_cmake_args': None, 'build_base': '/home/iris/RVI/build/r6', 'catkin_cmake_args': None, 'catkin_skip_building_tests': False, 'cmake_args': None, 'cmake_clean_cache': False, 'cmake_clean_first': False, 'cmake_force_configure': False, 'cmake_target': None, 'cmake_target_skip_unavailable': False, 'install_base': '/home/iris/RVI/install/r6', 'merge_install': False, 'path': '/home/iris/RVI/src/r6', 'symlink_install': False, 'test_result_base': None}
[7.571s] Level 5:colcon.colcon_core.verb:set package 'odrive_demo_bringup' build argument 'cmake_args' from command line to 'None'
[7.571s] Level 5:colcon.colcon_core.verb:set package 'odrive_demo_bringup' build argument 'cmake_target' from command line to 'None'
[7.572s] Level 5:colcon.colcon_core.verb:set package 'odrive_demo_bringup' build argument 'cmake_target_skip_unavailable' from command line to 'False'
[7.572s] Level 5:colcon.colcon_core.verb:set package 'odrive_demo_bringup' build argument 'cmake_clean_cache' from command line to 'False'
[7.572s] Level 5:colcon.colcon_core.verb:set package 'odrive_demo_bringup' build argument 'cmake_clean_first' from command line to 'False'
[7.572s] Level 5:colcon.colcon_core.verb:set package 'odrive_demo_bringup' build argument 'cmake_force_configure' from command line to 'False'
[7.572s] Level 5:colcon.colcon_core.verb:set package 'odrive_demo_bringup' build argument 'ament_cmake_args' from command line to 'None'
[7.572s] Level 5:colcon.colcon_core.verb:set package 'odrive_demo_bringup' build argument 'catkin_cmake_args' from command line to 'None'
[7.572s] Level 5:colcon.colcon_core.verb:set package 'odrive_demo_bringup' build argument 'catkin_skip_building_tests' from command line to 'False'
[7.572s] DEBUG:colcon.colcon_core.verb:Building package 'odrive_demo_bringup' with the following arguments: {'ament_cmake_args': None, 'build_base': '/home/iris/RVI/build/odrive_demo_bringup', 'catkin_cmake_args': None, 'catkin_skip_building_tests': False, 'cmake_args': None, 'cmake_clean_cache': False, 'cmake_clean_first': False, 'cmake_force_configure': False, 'cmake_target': None, 'cmake_target_skip_unavailable': False, 'install_base': '/home/iris/RVI/install/odrive_demo_bringup', 'merge_install': False, 'path': '/home/iris/RVI/src/odrive_ros2_control/odrive_demo_bringup', 'symlink_install': False, 'test_result_base': None}
[7.657s] Level 5:colcon.colcon_core.verb:set package 'odrive_ros2_control' build argument 'cmake_args' from command line to 'None'
[7.658s] Level 5:colcon.colcon_core.verb:set package 'odrive_ros2_control' build argument 'cmake_target' from command line to 'None'
[7.658s] Level 5:colcon.colcon_core.verb:set package 'odrive_ros2_control' build argument 'cmake_target_skip_unavailable' from command line to 'False'
[7.658s] Level 5:colcon.colcon_core.verb:set package 'odrive_ros2_control' build argument 'cmake_clean_cache' from command line to 'False'
[7.658s] Level 5:colcon.colcon_core.verb:set package 'odrive_ros2_control' build argument 'cmake_clean_first' from command line to 'False'
[7.658s] Level 5:colcon.colcon_core.verb:set package 'odrive_ros2_control' build argument 'cmake_force_configure' from command line to 'False'
[7.658s] Level 5:colcon.colcon_core.verb:set package 'odrive_ros2_control' build argument 'ament_cmake_args' from command line to 'None'
[7.658s] Level 5:colcon.colcon_core.verb:set package 'odrive_ros2_control' build argument 'catkin_cmake_args' from command line to 'None'
[7.659s] Level 5:colcon.colcon_core.verb:set package 'odrive_ros2_control' build argument 'catkin_skip_building_tests' from command line to 'False'
[7.659s] DEBUG:colcon.colcon_core.verb:Building package 'odrive_ros2_control' with the following arguments: {'ament_cmake_args': None, 'build_base': '/home/iris/RVI/build/odrive_ros2_control', 'catkin_cmake_args': None, 'catkin_skip_building_tests': False, 'cmake_args': None, 'cmake_clean_cache': False, 'cmake_clean_first': False, 'cmake_force_configure': False, 'cmake_target': None, 'cmake_target_skip_unavailable': False, 'install_base': '/home/iris/RVI/install/odrive_ros2_control', 'merge_install': False, 'path': '/home/iris/RVI/src/odrive_ros2_control/odrive_ros2_control', 'symlink_install': False, 'test_result_base': None}
[7.742s] INFO:colcon.colcon_core.executor:Executing jobs using 'parallel' executor
[7.829s] DEBUG:colcon.colcon_parallel_executor.executor.parallel:run_until_complete
[7.830s] INFO:colcon.colcon_ros.task.ament_cmake.build:Building ROS package in '/home/iris/RVI/src/odrive_ros2_control/odrive_demo_description' with build type 'ament_cmake'
[7.831s] INFO:colcon.colcon_cmake.task.cmake.build:Building CMake package in '/home/iris/RVI/src/odrive_ros2_control/odrive_demo_description'
[7.931s] INFO:colcon.colcon_core.plugin_system:Skipping extension 'colcon_core.shell.bat': Not used on non-Windows systems
[7.933s] INFO:colcon.colcon_core.shell:Skip shell extension 'powershell' for command environment: Not usable outside of PowerShell
[7.933s] DEBUG:colcon.colcon_core.shell:Skip shell extension 'dsv' for command environment
[8.207s] INFO:colcon.colcon_ros.task.ament_cmake.build:Building ROS package in '/home/iris/RVI/src/odrive_ros2_control/odrive_hardware_interface' with build type 'ament_cmake'
[8.208s] INFO:colcon.colcon_cmake.task.cmake.build:Building CMake package in '/home/iris/RVI/src/odrive_ros2_control/odrive_hardware_interface'
[8.296s] INFO:colcon.colcon_core.shell:Skip shell extension 'powershell' for command environment: Not usable outside of PowerShell
[8.297s] DEBUG:colcon.colcon_core.shell:Skip shell extension 'dsv' for command environment
[8.591s] INFO:colcon.colcon_ros.task.ament_python.build:Building ROS package in '/home/iris/RVI/src/r6' with build type 'ament_python'
[8.591s] Level 1:colcon.colcon_core.shell:create_environment_hook('r6', 'ament_prefix_path')
[8.684s] INFO:colcon.colcon_core.shell:Creating environment hook '/home/iris/RVI/install/r6/share/r6/hook/ament_prefix_path.ps1'
[8.687s] INFO:colcon.colcon_core.shell:Creating environment descriptor '/home/iris/RVI/install/r6/share/r6/hook/ament_prefix_path.dsv'
[8.689s] INFO:colcon.colcon_core.shell:Creating environment hook '/home/iris/RVI/install/r6/share/r6/hook/ament_prefix_path.sh'
[8.778s] INFO:colcon.colcon_core.shell:Skip shell extension 'powershell' for command environment: Not usable outside of PowerShell
[8.779s] DEBUG:colcon.colcon_core.shell:Skip shell extension 'dsv' for command environment
[9.112s] DEBUG:colcon.colcon_core.event_handler.log_command:Invoking command in '/home/iris/RVI/build/odrive_demo_description': CMAKE_PREFIX_PATH=${CMAKE_PREFIX_PATH}:/home/iris/RVI/install/r6:/opt/ros/humble /usr/bin/cmake --build /home/iris/RVI/build/odrive_demo_description -- -j4 -l4
[9.135s] DEBUG:colcon.colcon_core.event_handler.log_command:Invoking command in '/home/iris/RVI/build/odrive_hardware_interface': CMAKE_PREFIX_PATH=${CMAKE_PREFIX_PATH}:/home/iris/RVI/install/r6:/opt/ros/humble /usr/bin/cmake --build /home/iris/RVI/build/odrive_hardware_interface -- -j4 -l4
[10.677s] INFO:colcon.colcon_core.task.python.build:Building Python package in '/home/iris/RVI/src/r6'
[10.779s] INFO:colcon.colcon_core.shell:Skip shell extension 'powershell' for command environment: Not usable outside of PowerShell
[10.779s] DEBUG:colcon.colcon_core.shell:Skip shell extension 'dsv' for command environment
[11.101s] DEBUG:colcon.colcon_core.event_handler.log_command:Invoked command in '/home/iris/RVI/build/odrive_demo_description' returned '0': CMAKE_PREFIX_PATH=${CMAKE_PREFIX_PATH}:/home/iris/RVI/install/r6:/opt/ros/humble /usr/bin/cmake --build /home/iris/RVI/build/odrive_demo_description -- -j4 -l4
[11.114s] DEBUG:colcon.colcon_core.event_handler.log_command:Invoked command in '/home/iris/RVI/build/odrive_hardware_interface' returned '0': CMAKE_PREFIX_PATH=${CMAKE_PREFIX_PATH}:/home/iris/RVI/install/r6:/opt/ros/humble /usr/bin/cmake --build /home/iris/RVI/build/odrive_hardware_interface -- -j4 -l4
[11.343s] DEBUG:colcon.colcon_core.event_handler.log_command:Invoking command in '/home/iris/RVI/build/odrive_demo_description': CMAKE_PREFIX_PATH=${CMAKE_PREFIX_PATH}:/home/iris/RVI/install/r6:/opt/ros/humble /usr/bin/cmake --install /home/iris/RVI/build/odrive_demo_description
[11.408s] DEBUG:colcon.colcon_core.event_handler.log_command:Invoking command in '/home/iris/RVI/build/odrive_hardware_interface': CMAKE_PREFIX_PATH=${CMAKE_PREFIX_PATH}:/home/iris/RVI/install/r6:/opt/ros/humble /usr/bin/cmake --install /home/iris/RVI/build/odrive_hardware_interface
[11.427s] Level 1:colcon.colcon_core.environment:create_environment_scripts_only(odrive_demo_description)
[11.470s] DEBUG:colcon.colcon_core.event_handler.log_command:Invoked command in '/home/iris/RVI/build/odrive_demo_description' returned '0': CMAKE_PREFIX_PATH=${CMAKE_PREFIX_PATH}:/home/iris/RVI/install/r6:/opt/ros/humble /usr/bin/cmake --install /home/iris/RVI/build/odrive_demo_description
[11.619s] Level 1:colcon.colcon_core.environment:checking '/home/iris/RVI/install/odrive_demo_description' for CMake module files
[11.622s] Level 1:colcon.colcon_core.environment:checking '/home/iris/RVI/install/odrive_demo_description' for CMake config files
[11.625s] Level 1:colcon.colcon_core.shell:create_environment_hook('odrive_demo_description', 'cmake_prefix_path')
[11.740s] INFO:colcon.colcon_core.shell:Creating environment hook '/home/iris/RVI/install/odrive_demo_description/share/odrive_demo_description/hook/cmake_prefix_path.ps1'
[11.744s] INFO:colcon.colcon_core.shell:Creating environment descriptor '/home/iris/RVI/install/odrive_demo_description/share/odrive_demo_description/hook/cmake_prefix_path.dsv'
[11.747s] INFO:colcon.colcon_core.shell:Creating environment hook '/home/iris/RVI/install/odrive_demo_description/share/odrive_demo_description/hook/cmake_prefix_path.sh'
[11.754s] Level 1:colcon.colcon_core.environment:checking '/home/iris/RVI/install/odrive_demo_description/bin'
[11.754s] Level 1:colcon.colcon_core.environment:checking '/home/iris/RVI/install/odrive_demo_description/lib/pkgconfig/odrive_demo_description.pc'
[11.756s] Level 1:colcon.colcon_core.environment:checking '/home/iris/RVI/install/odrive_demo_description/lib/python3.10/site-packages'
[11.758s] Level 1:colcon.colcon_core.environment:checking '/home/iris/RVI/install/odrive_demo_description/bin'
[11.880s] INFO:colcon.colcon_core.shell:Creating package script '/home/iris/RVI/install/odrive_demo_description/share/odrive_demo_description/package.ps1'
[11.885s] INFO:colcon.colcon_core.shell:Creating package descriptor '/home/iris/RVI/install/odrive_demo_description/share/odrive_demo_description/package.dsv'
[11.890s] INFO:colcon.colcon_core.shell:Creating package script '/home/iris/RVI/install/odrive_demo_description/share/odrive_demo_description/package.sh'
[11.896s] INFO:colcon.colcon_core.shell:Creating package script '/home/iris/RVI/install/odrive_demo_description/share/odrive_demo_description/package.bash'
[11.901s] INFO:colcon.colcon_core.shell:Creating package script '/home/iris/RVI/install/odrive_demo_description/share/odrive_demo_description/package.zsh'
[11.905s] Level 1:colcon.colcon_core.environment:create_file_with_runtime_dependencies(/home/iris/RVI/install/odrive_demo_description/share/colcon-core/packages/odrive_demo_description)
[11.915s] Level 1:colcon.colcon_core.environment:create_environment_scripts_only(odrive_hardware_interface)
[11.917s] DEBUG:colcon.colcon_core.event_handler.log_command:Invoked command in '/home/iris/RVI/build/odrive_hardware_interface' returned '0': CMAKE_PREFIX_PATH=${CMAKE_PREFIX_PATH}:/home/iris/RVI/install/r6:/opt/ros/humble /usr/bin/cmake --install /home/iris/RVI/build/odrive_hardware_interface
[12.138s] Level 1:colcon.colcon_core.environment:checking '/home/iris/RVI/install/odrive_hardware_interface' for CMake module files
[12.141s] Level 1:colcon.colcon_core.environment:checking '/home/iris/RVI/install/odrive_hardware_interface' for CMake config files
[12.144s] Level 1:colcon.colcon_core.shell:create_environment_hook('odrive_hardware_interface', 'cmake_prefix_path')
[12.256s] INFO:colcon.colcon_core.shell:Creating environment hook '/home/iris/RVI/install/odrive_hardware_interface/share/odrive_hardware_interface/hook/cmake_prefix_path.ps1'
[12.259s] INFO:colcon.colcon_core.shell:Creating environment descriptor '/home/iris/RVI/install/odrive_hardware_interface/share/odrive_hardware_interface/hook/cmake_prefix_path.dsv'
[12.261s] INFO:colcon.colcon_core.shell:Creating environment hook '/home/iris/RVI/install/odrive_hardware_interface/share/odrive_hardware_interface/hook/cmake_prefix_path.sh'
[12.266s] Level 1:colcon.colcon_core.environment:checking '/home/iris/RVI/install/odrive_hardware_interface/lib'
[12.267s] Level 1:colcon.colcon_core.shell:create_environment_hook('odrive_hardware_interface', 'ld_library_path_lib')
[12.367s] INFO:colcon.colcon_core.shell:Creating environment hook '/home/iris/RVI/install/odrive_hardware_interface/share/odrive_hardware_interface/hook/ld_library_path_lib.ps1'
[12.370s] INFO:colcon.colcon_core.shell:Creating environment descriptor '/home/iris/RVI/install/odrive_hardware_interface/share/odrive_hardware_interface/hook/ld_library_path_lib.dsv'
[12.374s] INFO:colcon.colcon_core.shell:Creating environment hook '/home/iris/RVI/install/odrive_hardware_interface/share/odrive_hardware_interface/hook/ld_library_path_lib.sh'
[12.377s] Level 1:colcon.colcon_core.environment:checking '/home/iris/RVI/install/odrive_hardware_interface/bin'
[12.378s] Level 1:colcon.colcon_core.environment:checking '/home/iris/RVI/install/odrive_hardware_interface/lib/pkgconfig/odrive_hardware_interface.pc'
[12.380s] Level 1:colcon.colcon_core.environment:checking '/home/iris/RVI/install/odrive_hardware_interface/lib/python3.10/site-packages'
[12.381s] Level 1:colcon.colcon_core.environment:checking '/home/iris/RVI/install/odrive_hardware_interface/bin'
[12.480s] INFO:colcon.colcon_core.shell:Creating package script '/home/iris/RVI/install/odrive_hardware_interface/share/odrive_hardware_interface/package.ps1'
[12.484s] INFO:colcon.colcon_core.shell:Creating package descriptor '/home/iris/RVI/install/odrive_hardware_interface/share/odrive_hardware_interface/package.dsv'
[12.488s] INFO:colcon.colcon_core.shell:Creating package script '/home/iris/RVI/install/odrive_hardware_interface/share/odrive_hardware_interface/package.sh'
[12.491s] INFO:colcon.colcon_core.shell:Creating package script '/home/iris/RVI/install/odrive_hardware_interface/share/odrive_hardware_interface/package.bash'
[12.495s] INFO:colcon.colcon_core.shell:Creating package script '/home/iris/RVI/install/odrive_hardware_interface/share/odrive_hardware_interface/package.zsh'
[12.499s] Level 1:colcon.colcon_core.environment:create_file_with_runtime_dependencies(/home/iris/RVI/install/odrive_hardware_interface/share/colcon-core/packages/odrive_hardware_interface)
[12.742s] Level 1:colcon.colcon_core.environment:create_environment_scripts_only(odrive_demo_description)
[12.865s] Level 1:colcon.colcon_core.environment:checking '/home/iris/RVI/install/odrive_demo_description' for CMake module files
[12.869s] Level 1:colcon.colcon_core.environment:checking '/home/iris/RVI/install/odrive_demo_description' for CMake config files
[12.873s] Level 1:colcon.colcon_core.shell:create_environment_hook('odrive_demo_description', 'cmake_prefix_path')
[13.001s] INFO:colcon.colcon_core.shell:Creating environment hook '/home/iris/RVI/install/odrive_demo_description/share/odrive_demo_description/hook/cmake_prefix_path.ps1'
[13.004s] INFO:colcon.colcon_core.shell:Creating environment descriptor '/home/iris/RVI/install/odrive_demo_description/share/odrive_demo_description/hook/cmake_prefix_path.dsv'
[13.007s] INFO:colcon.colcon_core.shell:Creating environment hook '/home/iris/RVI/install/odrive_demo_description/share/odrive_demo_description/hook/cmake_prefix_path.sh'
[13.013s] Level 1:colcon.colcon_core.environment:checking '/home/iris/RVI/install/odrive_demo_description/bin'
[13.014s] Level 1:colcon.colcon_core.environment:checking '/home/iris/RVI/install/odrive_demo_description/lib/pkgconfig/odrive_demo_description.pc'
[13.015s] Level 1:colcon.colcon_core.environment:checking '/home/iris/RVI/install/odrive_demo_description/lib/python3.10/site-packages'
[13.017s] Level 1:colcon.colcon_core.environment:checking '/home/iris/RVI/install/odrive_demo_description/bin'
[13.148s] INFO:colcon.colcon_core.shell:Creating package script '/home/iris/RVI/install/odrive_demo_description/share/odrive_demo_description/package.ps1'
[13.152s] INFO:colcon.colcon_core.shell:Creating package descriptor '/home/iris/RVI/install/odrive_demo_description/share/odrive_demo_description/package.dsv'
[13.157s] INFO:colcon.colcon_core.shell:Creating package script '/home/iris/RVI/install/odrive_demo_description/share/odrive_demo_description/package.sh'
[13.161s] INFO:colcon.colcon_core.shell:Creating package script '/home/iris/RVI/install/odrive_demo_description/share/odrive_demo_description/package.bash'
[13.165s] INFO:colcon.colcon_core.shell:Creating package script '/home/iris/RVI/install/odrive_demo_description/share/odrive_demo_description/package.zsh'
[13.169s] Level 1:colcon.colcon_core.environment:create_file_with_runtime_dependencies(/home/iris/RVI/install/odrive_demo_description/share/colcon-core/packages/odrive_demo_description)
[13.174s] INFO:colcon.colcon_ros.task.ament_cmake.build:Building ROS package in '/home/iris/RVI/src/odrive_ros2_control/odrive_demo_bringup' with build type 'ament_cmake'
[13.174s] INFO:colcon.colcon_cmake.task.cmake.build:Building CMake package in '/home/iris/RVI/src/odrive_ros2_control/odrive_demo_bringup'
[13.298s] INFO:colcon.colcon_core.shell:Skip shell extension 'powershell' for command environment: Not usable outside of PowerShell
[13.298s] DEBUG:colcon.colcon_core.shell:Skip shell extension 'dsv' for command environment
[13.879s] Level 1:colcon.colcon_core.environment:create_environment_scripts_only(odrive_hardware_interface)
[13.980s] Level 1:colcon.colcon_core.environment:checking '/home/iris/RVI/install/odrive_hardware_interface' for CMake module files
[13.984s] Level 1:colcon.colcon_core.environment:checking '/home/iris/RVI/install/odrive_hardware_interface' for CMake config files
[13.986s] Level 1:colcon.colcon_core.shell:create_environment_hook('odrive_hardware_interface', 'cmake_prefix_path')
[14.092s] INFO:colcon.colcon_core.shell:Creating environment hook '/home/iris/RVI/install/odrive_hardware_interface/share/odrive_hardware_interface/hook/cmake_prefix_path.ps1'
[14.095s] INFO:colcon.colcon_core.shell:Creating environment descriptor '/home/iris/RVI/install/odrive_hardware_interface/share/odrive_hardware_interface/hook/cmake_prefix_path.dsv'
[14.098s] INFO:colcon.colcon_core.shell:Creating environment hook '/home/iris/RVI/install/odrive_hardware_interface/share/odrive_hardware_interface/hook/cmake_prefix_path.sh'
[14.102s] Level 1:colcon.colcon_core.environment:checking '/home/iris/RVI/install/odrive_hardware_interface/lib'
[14.102s] Level 1:colcon.colcon_core.shell:create_environment_hook('odrive_hardware_interface', 'ld_library_path_lib')
[14.217s] INFO:colcon.colcon_core.shell:Creating environment hook '/home/iris/RVI/install/odrive_hardware_interface/share/odrive_hardware_interface/hook/ld_library_path_lib.ps1'
[14.220s] INFO:colcon.colcon_core.shell:Creating environment descriptor '/home/iris/RVI/install/odrive_hardware_interface/share/odrive_hardware_interface/hook/ld_library_path_lib.dsv'
[14.222s] INFO:colcon.colcon_core.shell:Creating environment hook '/home/iris/RVI/install/odrive_hardware_interface/share/odrive_hardware_interface/hook/ld_library_path_lib.sh'
[14.226s] Level 1:colcon.colcon_core.environment:checking '/home/iris/RVI/install/odrive_hardware_interface/bin'
[14.226s] Level 1:colcon.colcon_core.environment:checking '/home/iris/RVI/install/odrive_hardware_interface/lib/pkgconfig/odrive_hardware_interface.pc'
[14.228s] Level 1:colcon.colcon_core.environment:checking '/home/iris/RVI/install/odrive_hardware_interface/lib/python3.10/site-packages'
[14.229s] Level 1:colcon.colcon_core.environment:checking '/home/iris/RVI/install/odrive_hardware_interface/bin'
[14.347s] INFO:colcon.colcon_core.shell:Creating package script '/home/iris/RVI/install/odrive_hardware_interface/share/odrive_hardware_interface/package.ps1'
[14.350s] INFO:colcon.colcon_core.shell:Creating package descriptor '/home/iris/RVI/install/odrive_hardware_interface/share/odrive_hardware_interface/package.dsv'
[14.354s] INFO:colcon.colcon_core.shell:Creating package script '/home/iris/RVI/install/odrive_hardware_interface/share/odrive_hardware_interface/package.sh'
[14.357s] INFO:colcon.colcon_core.shell:Creating package script '/home/iris/RVI/install/odrive_hardware_interface/share/odrive_hardware_interface/package.bash'
[14.360s] INFO:colcon.colcon_core.shell:Creating package script '/home/iris/RVI/install/odrive_hardware_interface/share/odrive_hardware_interface/package.zsh'
[14.363s] Level 1:colcon.colcon_core.environment:create_file_with_runtime_dependencies(/home/iris/RVI/install/odrive_hardware_interface/share/colcon-core/packages/odrive_hardware_interface)
[14.378s] DEBUG:colcon.colcon_core.event_handler.log_command:Invoking command in '/home/iris/RVI/src/r6': PYTHONPATH=/home/iris/RVI/build/r6/prefix_override:/home/iris/RVI/install/r6/lib/python3.10/site-packages:${PYTHONPATH} /usr/bin/python3 setup.py egg_info --egg-base ../../build/r6 build --build-base /home/iris/RVI/build/r6/build install --record /home/iris/RVI/build/r6/install.log --single-version-externally-managed
[14.416s] DEBUG:colcon.colcon_core.event_handler.log_command:Invoking command in '/home/iris/RVI/build/odrive_demo_bringup': CMAKE_PREFIX_PATH=/home/iris/RVI/install/odrive_demo_description:/home/iris/RVI/install/odrive_ros2_control:/home/iris/RVI/install/odrive_hardware_interface:/home/iris/RVI/install/odrive_demo_bringup:/home/iris/RVI/install/r6:/opt/ros/humble /usr/bin/cmake --build /home/iris/RVI/build/odrive_demo_bringup -- -j4 -l4
[14.647s] DEBUG:colcon.colcon_core.event_handler.log_command:Invoked command in '/home/iris/RVI/build/odrive_demo_bringup' returned '0': CMAKE_PREFIX_PATH=/home/iris/RVI/install/odrive_demo_description:/home/iris/RVI/install/odrive_ros2_control:/home/iris/RVI/install/odrive_hardware_interface:/home/iris/RVI/install/odrive_demo_bringup:/home/iris/RVI/install/r6:/opt/ros/humble /usr/bin/cmake --build /home/iris/RVI/build/odrive_demo_bringup -- -j4 -l4
[14.832s] DEBUG:colcon.colcon_core.event_handler.log_command:Invoking command in '/home/iris/RVI/build/odrive_demo_bringup': CMAKE_PREFIX_PATH=/home/iris/RVI/install/odrive_demo_description:/home/iris/RVI/install/odrive_ros2_control:/home/iris/RVI/install/odrive_hardware_interface:/home/iris/RVI/install/odrive_demo_bringup:/home/iris/RVI/install/r6:/opt/ros/humble /usr/bin/cmake --install /home/iris/RVI/build/odrive_demo_bringup
[14.932s] Level 1:colcon.colcon_core.environment:create_environment_scripts_only(odrive_demo_bringup)
[14.968s] DEBUG:colcon.colcon_core.event_handler.log_command:Invoked command in '/home/iris/RVI/build/odrive_demo_bringup' returned '0': CMAKE_PREFIX_PATH=/home/iris/RVI/install/odrive_demo_description:/home/iris/RVI/install/odrive_ros2_control:/home/iris/RVI/install/odrive_hardware_interface:/home/iris/RVI/install/odrive_demo_bringup:/home/iris/RVI/install/r6:/opt/ros/humble /usr/bin/cmake --install /home/iris/RVI/build/odrive_demo_bringup
[15.102s] Level 1:colcon.colcon_core.environment:checking '/home/iris/RVI/install/odrive_demo_bringup' for CMake module files
[15.106s] Level 1:colcon.colcon_core.environment:checking '/home/iris/RVI/install/odrive_demo_bringup' for CMake config files
[15.110s] Level 1:colcon.colcon_core.shell:create_environment_hook('odrive_demo_bringup', 'cmake_prefix_path')
[15.221s] INFO:colcon.colcon_core.shell:Creating environment hook '/home/iris/RVI/install/odrive_demo_bringup/share/odrive_demo_bringup/hook/cmake_prefix_path.ps1'
[15.225s] INFO:colcon.colcon_core.shell:Creating environment descriptor '/home/iris/RVI/install/odrive_demo_bringup/share/odrive_demo_bringup/hook/cmake_prefix_path.dsv'
[15.228s] INFO:colcon.colcon_core.shell:Creating environment hook '/home/iris/RVI/install/odrive_demo_bringup/share/odrive_demo_bringup/hook/cmake_prefix_path.sh'
[15.232s] Level 1:colcon.colcon_core.environment:checking '/home/iris/RVI/install/odrive_demo_bringup/bin'
[15.233s] Level 1:colcon.colcon_core.environment:checking '/home/iris/RVI/install/odrive_demo_bringup/lib/pkgconfig/odrive_demo_bringup.pc'
[15.235s] Level 1:colcon.colcon_core.environment:checking '/home/iris/RVI/install/odrive_demo_bringup/lib/python3.10/site-packages'
[15.236s] Level 1:colcon.colcon_core.environment:checking '/home/iris/RVI/install/odrive_demo_bringup/bin'
[15.338s] INFO:colcon.colcon_core.shell:Creating package script '/home/iris/RVI/install/odrive_demo_bringup/share/odrive_demo_bringup/package.ps1'
[15.341s] INFO:colcon.colcon_core.shell:Creating package descriptor '/home/iris/RVI/install/odrive_demo_bringup/share/odrive_demo_bringup/package.dsv'
[15.345s] INFO:colcon.colcon_core.shell:Creating package script '/home/iris/RVI/install/odrive_demo_bringup/share/odrive_demo_bringup/package.sh'
[15.348s] INFO:colcon.colcon_core.shell:Creating package script '/home/iris/RVI/install/odrive_demo_bringup/share/odrive_demo_bringup/package.bash'
[15.352s] INFO:colcon.colcon_core.shell:Creating package script '/home/iris/RVI/install/odrive_demo_bringup/share/odrive_demo_bringup/package.zsh'
[15.355s] Level 1:colcon.colcon_core.environment:create_file_with_runtime_dependencies(/home/iris/RVI/install/odrive_demo_bringup/share/colcon-core/packages/odrive_demo_bringup)
[15.593s] Level 1:colcon.colcon_core.environment:create_environment_scripts_only(odrive_demo_bringup)
[15.693s] Level 1:colcon.colcon_core.environment:checking '/home/iris/RVI/install/odrive_demo_bringup' for CMake module files
[15.696s] Level 1:colcon.colcon_core.environment:checking '/home/iris/RVI/install/odrive_demo_bringup' for CMake config files
[15.700s] Level 1:colcon.colcon_core.shell:create_environment_hook('odrive_demo_bringup', 'cmake_prefix_path')
[15.811s] INFO:colcon.colcon_core.shell:Creating environment hook '/home/iris/RVI/install/odrive_demo_bringup/share/odrive_demo_bringup/hook/cmake_prefix_path.ps1'
[15.815s] INFO:colcon.colcon_core.shell:Creating environment descriptor '/home/iris/RVI/install/odrive_demo_bringup/share/odrive_demo_bringup/hook/cmake_prefix_path.dsv'
[15.819s] INFO:colcon.colcon_core.shell:Creating environment hook '/home/iris/RVI/install/odrive_demo_bringup/share/odrive_demo_bringup/hook/cmake_prefix_path.sh'
[15.824s] Level 1:colcon.colcon_core.environment:checking '/home/iris/RVI/install/odrive_demo_bringup/bin'
[15.825s] Level 1:colcon.colcon_core.environment:checking '/home/iris/RVI/install/odrive_demo_bringup/lib/pkgconfig/odrive_demo_bringup.pc'
[15.826s] Level 1:colcon.colcon_core.environment:checking '/home/iris/RVI/install/odrive_demo_bringup/lib/python3.10/site-packages'
[15.829s] Level 1:colcon.colcon_core.environment:checking '/home/iris/RVI/install/odrive_demo_bringup/bin'
[15.961s] INFO:colcon.colcon_core.shell:Creating package script '/home/iris/RVI/install/odrive_demo_bringup/share/odrive_demo_bringup/package.ps1'
[15.966s] INFO:colcon.colcon_core.shell:Creating package descriptor '/home/iris/RVI/install/odrive_demo_bringup/share/odrive_demo_bringup/package.dsv'
[15.970s] INFO:colcon.colcon_core.shell:Creating package script '/home/iris/RVI/install/odrive_demo_bringup/share/odrive_demo_bringup/package.sh'
[15.974s] INFO:colcon.colcon_core.shell:Creating package script '/home/iris/RVI/install/odrive_demo_bringup/share/odrive_demo_bringup/package.bash'
[15.979s] INFO:colcon.colcon_core.shell:Creating package script '/home/iris/RVI/install/odrive_demo_bringup/share/odrive_demo_bringup/package.zsh'
[15.982s] Level 1:colcon.colcon_core.environment:create_file_with_runtime_dependencies(/home/iris/RVI/install/odrive_demo_bringup/share/colcon-core/packages/odrive_demo_bringup)
[15.986s] INFO:colcon.colcon_ros.task.ament_cmake.build:Building ROS package in '/home/iris/RVI/src/odrive_ros2_control/odrive_ros2_control' with build type 'ament_cmake'
[15.992s] INFO:colcon.colcon_cmake.task.cmake.build:Building CMake package in '/home/iris/RVI/src/odrive_ros2_control/odrive_ros2_control'
[16.166s] INFO:colcon.colcon_core.shell:Skip shell extension 'powershell' for command environment: Not usable outside of PowerShell
[16.167s] DEBUG:colcon.colcon_core.shell:Skip shell extension 'dsv' for command environment
[16.618s] DEBUG:colcon.colcon_core.event_handler.log_command:Invoked command in '/home/iris/RVI/src/r6' returned '0': PYTHONPATH=/home/iris/RVI/build/r6/prefix_override:/home/iris/RVI/install/r6/lib/python3.10/site-packages:${PYTHONPATH} /usr/bin/python3 setup.py egg_info --egg-base ../../build/r6 build --build-base /home/iris/RVI/build/r6/build install --record /home/iris/RVI/build/r6/install.log --single-version-externally-managed
[16.725s] Level 1:colcon.colcon_core.environment:checking '/home/iris/RVI/install/r6' for CMake module files
[16.727s] Level 1:colcon.colcon_core.environment:checking '/home/iris/RVI/install/r6' for CMake config files
[16.731s] Level 1:colcon.colcon_core.environment:checking '/home/iris/RVI/install/r6/lib'
[16.731s] Level 1:colcon.colcon_core.environment:checking '/home/iris/RVI/install/r6/bin'
[16.732s] Level 1:colcon.colcon_core.environment:checking '/home/iris/RVI/install/r6/lib/pkgconfig/r6.pc'
[16.732s] Level 1:colcon.colcon_core.environment:checking '/home/iris/RVI/install/r6/lib/python3.10/site-packages'
[16.733s] Level 1:colcon.colcon_core.shell:create_environment_hook('r6', 'pythonpath')
[16.820s] INFO:colcon.colcon_core.shell:Creating environment hook '/home/iris/RVI/install/r6/share/r6/hook/pythonpath.ps1'
[16.822s] INFO:colcon.colcon_core.shell:Creating environment descriptor '/home/iris/RVI/install/r6/share/r6/hook/pythonpath.dsv'
[16.824s] INFO:colcon.colcon_core.shell:Creating environment hook '/home/iris/RVI/install/r6/share/r6/hook/pythonpath.sh'
[16.827s] Level 1:colcon.colcon_core.environment:checking '/home/iris/RVI/install/r6/bin'
[16.828s] Level 1:colcon.colcon_core.environment:create_environment_scripts_only(r6)
[16.914s] INFO:colcon.colcon_core.shell:Creating package script '/home/iris/RVI/install/r6/share/r6/package.ps1'
[16.917s] INFO:colcon.colcon_core.shell:Creating package descriptor '/home/iris/RVI/install/r6/share/r6/package.dsv'
[16.919s] INFO:colcon.colcon_core.shell:Creating package script '/home/iris/RVI/install/r6/share/r6/package.sh'
[16.922s] INFO:colcon.colcon_core.shell:Creating package script '/home/iris/RVI/install/r6/share/r6/package.bash'
[16.923s] INFO:colcon.colcon_core.shell:Creating package script '/home/iris/RVI/install/r6/share/r6/package.zsh'
[16.925s] Level 1:colcon.colcon_core.environment:create_file_with_runtime_dependencies(/home/iris/RVI/install/r6/share/colcon-core/packages/r6)
[16.948s] DEBUG:colcon.colcon_core.event_handler.log_command:Invoking command in '/home/iris/RVI/build/odrive_ros2_control': CMAKE_PREFIX_PATH=/home/iris/RVI/install/odrive_demo_bringup:/home/iris/RVI/install/odrive_hardware_interface:/home/iris/RVI/install/odrive_demo_description:/home/iris/RVI/install/odrive_ros2_control:/home/iris/RVI/install/r6:/opt/ros/humble /usr/bin/cmake --build /home/iris/RVI/build/odrive_ros2_control -- -j4 -l4
[17.102s] DEBUG:colcon.colcon_core.event_handler.log_command:Invoked command in '/home/iris/RVI/build/odrive_ros2_control' returned '0': CMAKE_PREFIX_PATH=/home/iris/RVI/install/odrive_demo_bringup:/home/iris/RVI/install/odrive_hardware_interface:/home/iris/RVI/install/odrive_demo_description:/home/iris/RVI/install/odrive_ros2_control:/home/iris/RVI/install/r6:/opt/ros/humble /usr/bin/cmake --build /home/iris/RVI/build/odrive_ros2_control -- -j4 -l4
[17.247s] DEBUG:colcon.colcon_core.event_handler.log_command:Invoking command in '/home/iris/RVI/build/odrive_ros2_control': CMAKE_PREFIX_PATH=/home/iris/RVI/install/odrive_demo_bringup:/home/iris/RVI/install/odrive_hardware_interface:/home/iris/RVI/install/odrive_demo_description:/home/iris/RVI/install/odrive_ros2_control:/home/iris/RVI/install/r6:/opt/ros/humble /usr/bin/cmake --install /home/iris/RVI/build/odrive_ros2_control
[17.293s] Level 1:colcon.colcon_core.environment:create_environment_scripts_only(odrive_ros2_control)
[17.299s] DEBUG:colcon.colcon_core.event_handler.log_command:Invoked command in '/home/iris/RVI/build/odrive_ros2_control' returned '0': CMAKE_PREFIX_PATH=/home/iris/RVI/install/odrive_demo_bringup:/home/iris/RVI/install/odrive_hardware_interface:/home/iris/RVI/install/odrive_demo_description:/home/iris/RVI/install/odrive_ros2_control:/home/iris/RVI/install/r6:/opt/ros/humble /usr/bin/cmake --install /home/iris/RVI/build/odrive_ros2_control
[17.385s] Level 1:colcon.colcon_core.environment:checking '/home/iris/RVI/install/odrive_ros2_control' for CMake module files
[17.388s] Level 1:colcon.colcon_core.environment:checking '/home/iris/RVI/install/odrive_ros2_control' for CMake config files
[17.390s] Level 1:colcon.colcon_core.shell:create_environment_hook('odrive_ros2_control', 'cmake_prefix_path')
[17.480s] INFO:colcon.colcon_core.shell:Creating environment hook '/home/iris/RVI/install/odrive_ros2_control/share/odrive_ros2_control/hook/cmake_prefix_path.ps1'
[17.483s] INFO:colcon.colcon_core.shell:Creating environment descriptor '/home/iris/RVI/install/odrive_ros2_control/share/odrive_ros2_control/hook/cmake_prefix_path.dsv'
[17.484s] INFO:colcon.colcon_core.shell:Creating environment hook '/home/iris/RVI/install/odrive_ros2_control/share/odrive_ros2_control/hook/cmake_prefix_path.sh'
[17.488s] Level 1:colcon.colcon_core.environment:checking '/home/iris/RVI/install/odrive_ros2_control/bin'
[17.488s] Level 1:colcon.colcon_core.environment:checking '/home/iris/RVI/install/odrive_ros2_control/lib/pkgconfig/odrive_ros2_control.pc'
[17.489s] Level 1:colcon.colcon_core.environment:checking '/home/iris/RVI/install/odrive_ros2_control/lib/python3.10/site-packages'
[17.490s] Level 1:colcon.colcon_core.environment:checking '/home/iris/RVI/install/odrive_ros2_control/bin'
[17.577s] INFO:colcon.colcon_core.shell:Creating package script '/home/iris/RVI/install/odrive_ros2_control/share/odrive_ros2_control/package.ps1'
[17.579s] INFO:colcon.colcon_core.shell:Creating package descriptor '/home/iris/RVI/install/odrive_ros2_control/share/odrive_ros2_control/package.dsv'
[17.581s] INFO:colcon.colcon_core.shell:Creating package script '/home/iris/RVI/install/odrive_ros2_control/share/odrive_ros2_control/package.sh'
[17.584s] INFO:colcon.colcon_core.shell:Creating package script '/home/iris/RVI/install/odrive_ros2_control/share/odrive_ros2_control/package.bash'
[17.586s] INFO:colcon.colcon_core.shell:Creating package script '/home/iris/RVI/install/odrive_ros2_control/share/odrive_ros2_control/package.zsh'
[17.589s] Level 1:colcon.colcon_core.environment:create_file_with_runtime_dependencies(/home/iris/RVI/install/odrive_ros2_control/share/colcon-core/packages/odrive_ros2_control)
[17.795s] Level 1:colcon.colcon_core.environment:create_environment_scripts_only(odrive_ros2_control)
[17.881s] Level 1:colcon.colcon_core.environment:checking '/home/iris/RVI/install/odrive_ros2_control' for CMake module files
[17.884s] Level 1:colcon.colcon_core.environment:checking '/home/iris/RVI/install/odrive_ros2_control' for CMake config files
[17.886s] Level 1:colcon.colcon_core.shell:create_environment_hook('odrive_ros2_control', 'cmake_prefix_path')
[17.974s] INFO:colcon.colcon_core.shell:Creating environment hook '/home/iris/RVI/install/odrive_ros2_control/share/odrive_ros2_control/hook/cmake_prefix_path.ps1'
[17.976s] INFO:colcon.colcon_core.shell:Creating environment descriptor '/home/iris/RVI/install/odrive_ros2_control/share/odrive_ros2_control/hook/cmake_prefix_path.dsv'
[17.978s] INFO:colcon.colcon_core.shell:Creating environment hook '/home/iris/RVI/install/odrive_ros2_control/share/odrive_ros2_control/hook/cmake_prefix_path.sh'
[17.981s] Level 1:colcon.colcon_core.environment:checking '/home/iris/RVI/install/odrive_ros2_control/bin'
[17.982s] Level 1:colcon.colcon_core.environment:checking '/home/iris/RVI/install/odrive_ros2_control/lib/pkgconfig/odrive_ros2_control.pc'
[17.983s] Level 1:colcon.colcon_core.environment:checking '/home/iris/RVI/install/odrive_ros2_control/lib/python3.10/site-packages'
[17.984s] Level 1:colcon.colcon_core.environment:checking '/home/iris/RVI/install/odrive_ros2_control/bin'
[18.072s] INFO:colcon.colcon_core.shell:Creating package script '/home/iris/RVI/install/odrive_ros2_control/share/odrive_ros2_control/package.ps1'
[18.076s] INFO:colcon.colcon_core.shell:Creating package descriptor '/home/iris/RVI/install/odrive_ros2_control/share/odrive_ros2_control/package.dsv'
[18.078s] INFO:colcon.colcon_core.shell:Creating package script '/home/iris/RVI/install/odrive_ros2_control/share/odrive_ros2_control/package.sh'
[18.081s] INFO:colcon.colcon_core.shell:Creating package script '/home/iris/RVI/install/odrive_ros2_control/share/odrive_ros2_control/package.bash'
[18.083s] INFO:colcon.colcon_core.shell:Creating package script '/home/iris/RVI/install/odrive_ros2_control/share/odrive_ros2_control/package.zsh'
[18.086s] Level 1:colcon.colcon_core.environment:create_file_with_runtime_dependencies(/home/iris/RVI/install/odrive_ros2_control/share/colcon-core/packages/odrive_ros2_control)
[18.087s] DEBUG:colcon.colcon_parallel_executor.executor.parallel:closing loop
[18.089s] DEBUG:colcon.colcon_parallel_executor.executor.parallel:loop closed
[18.090s] DEBUG:colcon.colcon_parallel_executor.executor.parallel:run_until_complete finished with '0'
[18.090s] DEBUG:colcon.colcon_core.event_reactor:joining thread
[18.200s] INFO:colcon.colcon_core.plugin_system:Skipping extension 'colcon_notification.desktop_notification.terminal_notifier': Not used on non-Darwin systems
[18.200s] INFO:colcon.colcon_core.plugin_system:Skipping extension 'colcon_notification.desktop_notification.win32': Not used on non-Windows systems
[18.201s] INFO:colcon.colcon_notification.desktop_notification:Sending desktop notification using 'notify2'
[18.249s] DEBUG:colcon.colcon_core.event_reactor:joined thread
[18.336s] INFO:colcon.colcon_core.shell:Creating prefix script '/home/iris/RVI/install/local_setup.ps1'
[18.340s] INFO:colcon.colcon_core.shell:Creating prefix util module '/home/iris/RVI/install/_local_setup_util_ps1.py'
[18.345s] INFO:colcon.colcon_core.shell:Creating prefix chain script '/home/iris/RVI/install/setup.ps1'
[18.437s] INFO:colcon.colcon_core.shell:Creating prefix script '/home/iris/RVI/install/local_setup.sh'
[18.440s] INFO:colcon.colcon_core.shell:Creating prefix util module '/home/iris/RVI/install/_local_setup_util_sh.py'
[18.442s] INFO:colcon.colcon_core.shell:Creating prefix chain script '/home/iris/RVI/install/setup.sh'
[18.532s] INFO:colcon.colcon_core.shell:Creating prefix script '/home/iris/RVI/install/local_setup.bash'
[18.534s] INFO:colcon.colcon_core.shell:Creating prefix chain script '/home/iris/RVI/install/setup.bash'
[18.623s] INFO:colcon.colcon_core.shell:Creating prefix script '/home/iris/RVI/install/local_setup.zsh'
[18.626s] INFO:colcon.colcon_core.shell:Creating prefix chain script '/home/iris/RVI/install/setup.zsh'
