running egg_info
writing ../../build/r6/r6.egg-info/PKG-INFO
writing dependency_links to ../../build/r6/r6.egg-info/dependency_links.txt
writing entry points to ../../build/r6/r6.egg-info/entry_points.txt
writing requirements to ../../build/r6/r6.egg-info/requires.txt
writing top-level names to ../../build/r6/r6.egg-info/top_level.txt
reading manifest file '../../build/r6/r6.egg-info/SOURCES.txt'
adding license file 'LICENSE'
writing manifest file '../../build/r6/r6.egg-info/SOURCES.txt'
running build
running build_py
running install
running install_lib
/usr/lib/python3/dist-packages/setuptools/command/install.py:34: SetuptoolsDeprecationWarning: setup.py install is deprecated. Use build and pip and other standards-based tools.
  warnings.warn(
running install_data
copying package.xml -> /home/iris/RVI/install/r6/share/r6
running install_egg_info
removing '/home/iris/RVI/install/r6/lib/python3.10/site-packages/r6-0.0.0-py3.10.egg-info' (and everything under it)
Copying ../../build/r6/r6.egg-info to /home/iris/RVI/install/r6/lib/python3.10/site-packages/r6-0.0.0-py3.10.egg-info
running install_scripts
writing list of installed files to '/home/iris/RVI/build/r6/install.log'
