[1.452s] Invoking command in '/home/iris/RVI/build/odrive_demo_description': CMAKE_PREFIX_PATH=${CMAKE_PREFIX_PATH}:/home/iris/RVI/install/r6:/opt/ros/humble /usr/bin/cmake --build /home/iris/RVI/build/odrive_demo_description -- -j4 -l4
[3.571s] Invoked command in '/home/iris/RVI/build/odrive_demo_description' returned '0': CMAKE_PREFIX_PATH=${CMAKE_PREFIX_PATH}:/home/iris/RVI/install/r6:/opt/ros/humble /usr/bin/cmake --build /home/iris/RVI/build/odrive_demo_description -- -j4 -l4
[3.870s] Invoking command in '/home/iris/RVI/build/odrive_demo_description': CMAKE_PREFIX_PATH=${CMAKE_PREFIX_PATH}:/home/iris/RVI/install/r6:/opt/ros/humble /usr/bin/cmake --install /home/iris/RVI/build/odrive_demo_description
[3.920s] -- Install configuration: ""
[3.925s] -- Up-to-date: /home/iris/RVI/install/odrive_demo_description/share/odrive_demo_description/urdf
[3.930s] -- Up-to-date: /home/iris/RVI/install/odrive_demo_description/share/odrive_demo_description/urdf/odrive.urdf.xacro
[3.935s] -- Up-to-date: /home/iris/RVI/install/odrive_demo_description/share/odrive_demo_description/urdf/odrive.ros2_control.xacro
[3.944s] -- Up-to-date: /home/iris/RVI/install/odrive_demo_description/share/odrive_demo_description/urdf/odrive_rrbot.urdf.xacro
[3.961s] -- Up-to-date: /home/iris/RVI/install/odrive_demo_description/share/odrive_demo_description/urdf/odrive_diffbot.urdf.xacro
[3.963s] -- Up-to-date: /home/iris/RVI/install/odrive_demo_description/share/ament_index/resource_index/package_run_dependencies/odrive_demo_description
[3.963s] -- Up-to-date: /home/iris/RVI/install/odrive_demo_description/share/ament_index/resource_index/parent_prefix_path/odrive_demo_description
[3.964s] -- Up-to-date: /home/iris/RVI/install/odrive_demo_description/share/odrive_demo_description/environment/ament_prefix_path.sh
[3.967s] -- Up-to-date: /home/iris/RVI/install/odrive_demo_description/share/odrive_demo_description/environment/ament_prefix_path.dsv
[3.968s] -- Up-to-date: /home/iris/RVI/install/odrive_demo_description/share/odrive_demo_description/environment/path.sh
[3.969s] -- Up-to-date: /home/iris/RVI/install/odrive_demo_description/share/odrive_demo_description/environment/path.dsv
[3.998s] -- Up-to-date: /home/iris/RVI/install/odrive_demo_description/share/odrive_demo_description/local_setup.bash
[4.001s] -- Up-to-date: /home/iris/RVI/install/odrive_demo_description/share/odrive_demo_description/local_setup.sh
[4.004s] -- Up-to-date: /home/iris/RVI/install/odrive_demo_description/share/odrive_demo_description/local_setup.zsh
[4.006s] -- Up-to-date: /home/iris/RVI/install/odrive_demo_description/share/odrive_demo_description/local_setup.dsv
[4.009s] -- Installing: /home/iris/RVI/install/odrive_demo_description/share/odrive_demo_description/package.dsv
[4.012s] -- Up-to-date: /home/iris/RVI/install/odrive_demo_description/share/ament_index/resource_index/packages/odrive_demo_description
[4.021s] -- Up-to-date: /home/iris/RVI/install/odrive_demo_description/share/odrive_demo_description/cmake/odrive_demo_descriptionConfig.cmake
[4.024s] -- Up-to-date: /home/iris/RVI/install/odrive_demo_description/share/odrive_demo_description/cmake/odrive_demo_descriptionConfig-version.cmake
[4.027s] -- Up-to-date: /home/iris/RVI/install/odrive_demo_description/share/odrive_demo_description/package.xml
[4.030s] Invoked command in '/home/iris/RVI/build/odrive_demo_description' returned '0': CMAKE_PREFIX_PATH=${CMAKE_PREFIX_PATH}:/home/iris/RVI/install/r6:/opt/ros/humble /usr/bin/cmake --install /home/iris/RVI/build/odrive_demo_description
