[0.330s] Invoking command in '/home/iris/RVI/build/r6': CMAKE_PREFIX_PATH=${CMAKE_PREFIX_PATH}:/opt/ros/humble /usr/bin/cmake --build /home/iris/RVI/build/r6 -- -j4 -l4
[0.484s] Invoked command in '/home/iris/RVI/build/r6' returned '0': CMAKE_PREFIX_PATH=${CMAKE_PREFIX_PATH}:/opt/ros/humble /usr/bin/cmake --build /home/iris/RVI/build/r6 -- -j4 -l4
[0.616s] Invoking command in '/home/iris/RVI/build/r6': CMAKE_PREFIX_PATH=${CMAKE_PREFIX_PATH}:/opt/ros/humble /usr/bin/cmake --install /home/iris/RVI/build/r6
[0.649s] -- Install configuration: ""
[0.661s] -- Execute custom install script
[0.671s] -- Up-to-date symlink: /home/iris/RVI/install/r6/share/r6/config/empty.yaml
[0.681s] -- Up-to-date symlink: /home/iris/RVI/install/r6/share/r6/description/inertial_macros.xacro
[0.685s] -- Up-to-date symlink: /home/iris/RVI/install/r6/share/r6/description/lidar.xacro
[0.691s] -- Symlinking: /home/iris/RVI/install/r6/share/r6/description/odrive.urdf.xacro
[0.698s] -- Up-to-date symlink: /home/iris/RVI/install/r6/share/r6/description/robot.urdf.xacro
[0.699s] -- Up-to-date symlink: /home/iris/RVI/install/r6/share/r6/description/robot_core.xacro
[0.700s] -- Up-to-date symlink: /home/iris/RVI/install/r6/share/r6/launch/rsp.launch.py
[0.700s] -- Up-to-date symlink: /home/iris/RVI/install/r6/share/r6/worlds/empty.world
[0.701s] -- Up-to-date symlink: /home/iris/RVI/install/r6/share/ament_index/resource_index/package_run_dependencies/r6
[0.702s] -- Up-to-date symlink: /home/iris/RVI/install/r6/share/ament_index/resource_index/parent_prefix_path/r6
[0.703s] -- Up-to-date symlink: /home/iris/RVI/install/r6/share/r6/environment/ament_prefix_path.sh
[0.704s] -- Up-to-date symlink: /home/iris/RVI/install/r6/share/r6/environment/ament_prefix_path.dsv
[0.704s] -- Up-to-date symlink: /home/iris/RVI/install/r6/share/r6/environment/path.sh
[0.705s] -- Up-to-date symlink: /home/iris/RVI/install/r6/share/r6/environment/path.dsv
[0.706s] -- Up-to-date symlink: /home/iris/RVI/install/r6/share/r6/local_setup.bash
[0.707s] -- Up-to-date symlink: /home/iris/RVI/install/r6/share/r6/local_setup.sh
[0.709s] -- Up-to-date symlink: /home/iris/RVI/install/r6/share/r6/local_setup.zsh
[0.711s] -- Up-to-date symlink: /home/iris/RVI/install/r6/share/r6/local_setup.dsv
[0.711s] -- Symlinking: /home/iris/RVI/install/r6/share/r6/package.dsv
[0.755s] -- Up-to-date symlink: /home/iris/RVI/install/r6/share/ament_index/resource_index/packages/r6
[0.756s] -- Up-to-date symlink: /home/iris/RVI/install/r6/share/r6/cmake/r6Config.cmake
[0.759s] -- Up-to-date symlink: /home/iris/RVI/install/r6/share/r6/cmake/r6Config-version.cmake
[0.760s] -- Up-to-date symlink: /home/iris/RVI/install/r6/share/r6/package.xml
[0.981s] Invoked command in '/home/iris/RVI/build/r6' returned '0': CMAKE_PREFIX_PATH=${CMAKE_PREFIX_PATH}:/opt/ros/humble /usr/bin/cmake --install /home/iris/RVI/build/r6
