[0.804s] Invoking command in '/home/iris/RVI/build/odrive_demo_description': CMAKE_PREFIX_PATH=${CMAKE_PREFIX_PATH}:/opt/ros/humble /usr/bin/cmake --build /home/iris/RVI/build/odrive_demo_description -- -j4 -l4
[0.965s] Invoked command in '/home/iris/RVI/build/odrive_demo_description' returned '0': CMAKE_PREFIX_PATH=${CMAKE_PREFIX_PATH}:/opt/ros/humble /usr/bin/cmake --build /home/iris/RVI/build/odrive_demo_description -- -j4 -l4
[1.109s] Invoking command in '/home/iris/RVI/build/odrive_demo_description': CMAKE_PREFIX_PATH=${CMAKE_PREFIX_PATH}:/opt/ros/humble /usr/bin/cmake --install /home/iris/RVI/build/odrive_demo_description
[1.142s] -- Install configuration: ""
[1.144s] -- Execute custom install script
[1.146s] -- Up-to-date symlink: /home/iris/RVI/install/odrive_demo_description/share/odrive_demo_description/urdf/odrive.ros2_control.xacro
[1.152s] -- Up-to-date symlink: /home/iris/RVI/install/odrive_demo_description/share/odrive_demo_description/urdf/odrive.urdf.xacro
[1.157s] -- Up-to-date symlink: /home/iris/RVI/install/odrive_demo_description/share/odrive_demo_description/urdf/odrive_diffbot.urdf.xacro
[1.162s] -- Up-to-date symlink: /home/iris/RVI/install/odrive_demo_description/share/odrive_demo_description/urdf/odrive_rrbot.urdf.xacro
[1.166s] -- Up-to-date symlink: /home/iris/RVI/install/odrive_demo_description/share/ament_index/resource_index/package_run_dependencies/odrive_demo_description
[1.170s] -- Up-to-date symlink: /home/iris/RVI/install/odrive_demo_description/share/ament_index/resource_index/parent_prefix_path/odrive_demo_description
[1.173s] -- Up-to-date symlink: /home/iris/RVI/install/odrive_demo_description/share/odrive_demo_description/environment/ament_prefix_path.sh
[1.180s] -- Up-to-date symlink: /home/iris/RVI/install/odrive_demo_description/share/odrive_demo_description/environment/ament_prefix_path.dsv
[1.183s] -- Up-to-date symlink: /home/iris/RVI/install/odrive_demo_description/share/odrive_demo_description/environment/path.sh
[1.187s] -- Up-to-date symlink: /home/iris/RVI/install/odrive_demo_description/share/odrive_demo_description/environment/path.dsv
[1.191s] -- Up-to-date symlink: /home/iris/RVI/install/odrive_demo_description/share/odrive_demo_description/local_setup.bash
[1.195s] -- Up-to-date symlink: /home/iris/RVI/install/odrive_demo_description/share/odrive_demo_description/local_setup.sh
[1.198s] -- Up-to-date symlink: /home/iris/RVI/install/odrive_demo_description/share/odrive_demo_description/local_setup.zsh
[1.203s] -- Up-to-date symlink: /home/iris/RVI/install/odrive_demo_description/share/odrive_demo_description/local_setup.dsv
[1.208s] -- Symlinking: /home/iris/RVI/install/odrive_demo_description/share/odrive_demo_description/package.dsv
[1.245s] -- Up-to-date symlink: /home/iris/RVI/install/odrive_demo_description/share/ament_index/resource_index/packages/odrive_demo_description
[1.246s] -- Up-to-date symlink: /home/iris/RVI/install/odrive_demo_description/share/odrive_demo_description/cmake/odrive_demo_descriptionConfig.cmake
[1.248s] -- Up-to-date symlink: /home/iris/RVI/install/odrive_demo_description/share/odrive_demo_description/cmake/odrive_demo_descriptionConfig-version.cmake
[1.251s] -- Up-to-date symlink: /home/iris/RVI/install/odrive_demo_description/share/odrive_demo_description/package.xml
[1.253s] Invoked command in '/home/iris/RVI/build/odrive_demo_description' returned '0': CMAKE_PREFIX_PATH=${CMAKE_PREFIX_PATH}:/opt/ros/humble /usr/bin/cmake --install /home/iris/RVI/build/odrive_demo_description
