-- Install configuration: ""
-- Execute custom install script
-- Up-to-date symlink: /home/iris/RVI/install/r6/share/r6/config/diffbot_controllers.yaml
-- Up-to-date symlink: /home/iris/RVI/install/r6/share/r6/description/inertial_macros.xacro
-- Up-to-date symlink: /home/iris/RVI/install/r6/share/r6/description/lidar.xacro
-- Up-to-date symlink: /home/iris/RVI/install/r6/share/r6/description/odrive.ros2_control.xacro
-- Up-to-date symlink: /home/iris/RVI/install/r6/share/r6/description/robot.urdf.xacro
-- Up-to-date symlink: /home/iris/RVI/install/r6/share/r6/description/robot_core.xacro
-- Symlinking: /home/iris/RVI/install/r6/share/r6/launch/launch_r6.launch.py
-- Up-to-date symlink: /home/iris/RVI/install/r6/share/r6/launch/rsp.launch.py
-- Up-to-date symlink: /home/iris/RVI/install/r6/share/r6/worlds/empty.world
-- Up-to-date symlink: /home/iris/RVI/install/r6/share/ament_index/resource_index/package_run_dependencies/r6
-- Up-to-date symlink: /home/iris/RVI/install/r6/share/ament_index/resource_index/parent_prefix_path/r6
-- Up-to-date symlink: /home/iris/RVI/install/r6/share/r6/environment/ament_prefix_path.sh
-- Up-to-date symlink: /home/iris/RVI/install/r6/share/r6/environment/ament_prefix_path.dsv
-- Up-to-date symlink: /home/iris/RVI/install/r6/share/r6/environment/path.sh
-- Up-to-date symlink: /home/iris/RVI/install/r6/share/r6/environment/path.dsv
-- Up-to-date symlink: /home/iris/RVI/install/r6/share/r6/local_setup.bash
-- Up-to-date symlink: /home/iris/RVI/install/r6/share/r6/local_setup.sh
-- Up-to-date symlink: /home/iris/RVI/install/r6/share/r6/local_setup.zsh
-- Up-to-date symlink: /home/iris/RVI/install/r6/share/r6/local_setup.dsv
-- Symlinking: /home/iris/RVI/install/r6/share/r6/package.dsv
-- Up-to-date symlink: /home/iris/RVI/install/r6/share/ament_index/resource_index/packages/r6
-- Up-to-date symlink: /home/iris/RVI/install/r6/share/r6/cmake/r6Config.cmake
-- Up-to-date symlink: /home/iris/RVI/install/r6/share/r6/cmake/r6Config-version.cmake
-- Up-to-date symlink: /home/iris/RVI/install/r6/share/r6/package.xml
