[0.325s] Invoking command in '/home/iris/RVI/build/r6': CMAKE_PREFIX_PATH=${CMAKE_PREFIX_PATH}:/opt/ros/humble /usr/bin/cmake --build /home/iris/RVI/build/r6 -- -j4 -l4
[0.479s] Invoked command in '/home/iris/RVI/build/r6' returned '0': CMAKE_PREFIX_PATH=${CMAKE_PREFIX_PATH}:/opt/ros/humble /usr/bin/cmake --build /home/iris/RVI/build/r6 -- -j4 -l4
[0.608s] Invoking command in '/home/iris/RVI/build/r6': CMAKE_PREFIX_PATH=${CMAKE_PREFIX_PATH}:/opt/ros/humble /usr/bin/cmake --install /home/iris/RVI/build/r6
[0.655s] -- Install configuration: ""
[0.659s] -- Up-to-date: /home/iris/RVI/install/r6/share/r6/config
[0.665s] -- Up-to-date: /home/iris/RVI/install/r6/share/r6/config/empty.yaml
[0.667s] -- Up-to-date: /home/iris/RVI/install/r6/share/r6/description
[0.672s] -- Installing: /home/iris/RVI/install/r6/share/r6/description/inertial_macros.xacro
[0.677s] -- Installing: /home/iris/RVI/install/r6/share/r6/description/robot.urdf.xacro
[0.681s] -- Installing: /home/iris/RVI/install/r6/share/r6/description/lidar.xacro
[0.683s] -- Installing: /home/iris/RVI/install/r6/share/r6/description/robot_core.xacro
[0.684s] -- Up-to-date: /home/iris/RVI/install/r6/share/r6/launch
[0.684s] -- Up-to-date: /home/iris/RVI/install/r6/share/r6/launch/rsp.launch.py
[0.685s] -- Up-to-date: /home/iris/RVI/install/r6/share/r6/worlds
[0.686s] -- Up-to-date: /home/iris/RVI/install/r6/share/r6/worlds/empty.world
[0.687s] -- Up-to-date: /home/iris/RVI/install/r6/share/ament_index/resource_index/package_run_dependencies/r6
[0.688s] -- Up-to-date: /home/iris/RVI/install/r6/share/ament_index/resource_index/parent_prefix_path/r6
[0.688s] -- Up-to-date: /home/iris/RVI/install/r6/share/r6/environment/ament_prefix_path.sh
[0.690s] -- Up-to-date: /home/iris/RVI/install/r6/share/r6/environment/ament_prefix_path.dsv
[0.692s] -- Up-to-date: /home/iris/RVI/install/r6/share/r6/environment/path.sh
[0.693s] -- Up-to-date: /home/iris/RVI/install/r6/share/r6/environment/path.dsv
[0.695s] -- Up-to-date: /home/iris/RVI/install/r6/share/r6/local_setup.bash
[0.696s] -- Up-to-date: /home/iris/RVI/install/r6/share/r6/local_setup.sh
[0.697s] -- Up-to-date: /home/iris/RVI/install/r6/share/r6/local_setup.zsh
[0.699s] -- Up-to-date: /home/iris/RVI/install/r6/share/r6/local_setup.dsv
[0.700s] -- Installing: /home/iris/RVI/install/r6/share/r6/package.dsv
[0.702s] -- Up-to-date: /home/iris/RVI/install/r6/share/ament_index/resource_index/packages/r6
[0.704s] -- Up-to-date: /home/iris/RVI/install/r6/share/r6/cmake/r6Config.cmake
[0.707s] -- Up-to-date: /home/iris/RVI/install/r6/share/r6/cmake/r6Config-version.cmake
[0.707s] -- Up-to-date: /home/iris/RVI/install/r6/share/r6/package.xml
[0.929s] Invoked command in '/home/iris/RVI/build/r6' returned '0': CMAKE_PREFIX_PATH=${CMAKE_PREFIX_PATH}:/opt/ros/humble /usr/bin/cmake --install /home/iris/RVI/build/r6
