[0.296s] Invoking command in '/home/iris/RVI/build/odrive_demo_bringup': AMENT_PREFIX_PATH=/home/iris/RVI/install/odrive_demo_description:${AMENT_PREFIX_PATH} CMAKE_PREFIX_PATH=/home/iris/RVI/install/odrive_demo_description:/opt/ros/humble /usr/bin/cmake --build /home/iris/RVI/build/odrive_demo_bringup -- -j4 -l4
[0.496s] Invoked command in '/home/iris/RVI/build/odrive_demo_bringup' returned '0': AMENT_PREFIX_PATH=/home/iris/RVI/install/odrive_demo_description:${AMENT_PREFIX_PATH} CMAKE_PREFIX_PATH=/home/iris/RVI/install/odrive_demo_description:/opt/ros/humble /usr/bin/cmake --build /home/iris/RVI/build/odrive_demo_bringup -- -j4 -l4
[0.951s] Invoking command in '/home/iris/RVI/build/odrive_demo_bringup': AMENT_PREFIX_PATH=/home/iris/RVI/install/odrive_demo_description:${AMENT_PREFIX_PATH} CMAKE_PREFIX_PATH=/home/iris/RVI/install/odrive_demo_description:/opt/ros/humble /usr/bin/cmake --install /home/iris/RVI/build/odrive_demo_bringup
[0.981s] -- Install configuration: ""
[0.982s] -- Up-to-date: /home/iris/RVI/install/odrive_demo_bringup/share/odrive_demo_bringup/config
[0.984s] -- Up-to-date: /home/iris/RVI/install/odrive_demo_bringup/share/odrive_demo_bringup/config/diffbot_controllers.yaml
[0.984s] -- Up-to-date: /home/iris/RVI/install/odrive_demo_bringup/share/odrive_demo_bringup/config/rrbot_controllers.yaml
[0.985s] -- Up-to-date: /home/iris/RVI/install/odrive_demo_bringup/share/odrive_demo_bringup/config/odrive_multi_interface_forward_controllers.yaml
[0.986s] -- Up-to-date: /home/iris/RVI/install/odrive_demo_bringup/share/odrive_demo_bringup/launch
[0.987s] -- Up-to-date: /home/iris/RVI/install/odrive_demo_bringup/share/odrive_demo_bringup/launch/odrive_multi_interface.launch.py
[0.988s] -- Up-to-date: /home/iris/RVI/install/odrive_demo_bringup/share/odrive_demo_bringup/launch/odrive_rrbot.launch.py
[0.989s] -- Up-to-date: /home/iris/RVI/install/odrive_demo_bringup/share/odrive_demo_bringup/launch/odrive_diffbot.launch.py
[0.990s] -- Up-to-date: /home/iris/RVI/install/odrive_demo_bringup/share/ament_index/resource_index/package_run_dependencies/odrive_demo_bringup
[0.991s] -- Up-to-date: /home/iris/RVI/install/odrive_demo_bringup/share/ament_index/resource_index/parent_prefix_path/odrive_demo_bringup
[0.991s] -- Up-to-date: /home/iris/RVI/install/odrive_demo_bringup/share/odrive_demo_bringup/environment/ament_prefix_path.sh
[0.992s] -- Up-to-date: /home/iris/RVI/install/odrive_demo_bringup/share/odrive_demo_bringup/environment/ament_prefix_path.dsv
[0.992s] -- Up-to-date: /home/iris/RVI/install/odrive_demo_bringup/share/odrive_demo_bringup/environment/path.sh
[0.992s] -- Up-to-date: /home/iris/RVI/install/odrive_demo_bringup/share/odrive_demo_bringup/environment/path.dsv
[0.993s] -- Up-to-date: /home/iris/RVI/install/odrive_demo_bringup/share/odrive_demo_bringup/local_setup.bash
[0.993s] -- Up-to-date: /home/iris/RVI/install/odrive_demo_bringup/share/odrive_demo_bringup/local_setup.sh
[0.994s] -- Up-to-date: /home/iris/RVI/install/odrive_demo_bringup/share/odrive_demo_bringup/local_setup.zsh
[0.994s] -- Up-to-date: /home/iris/RVI/install/odrive_demo_bringup/share/odrive_demo_bringup/local_setup.dsv
[0.995s] -- Installing: /home/iris/RVI/install/odrive_demo_bringup/share/odrive_demo_bringup/package.dsv
[0.996s] -- Up-to-date: /home/iris/RVI/install/odrive_demo_bringup/share/ament_index/resource_index/packages/odrive_demo_bringup
[0.997s] -- Up-to-date: /home/iris/RVI/install/odrive_demo_bringup/share/odrive_demo_bringup/cmake/odrive_demo_bringupConfig.cmake
[0.997s] -- Up-to-date: /home/iris/RVI/install/odrive_demo_bringup/share/odrive_demo_bringup/cmake/odrive_demo_bringupConfig-version.cmake
[0.998s] -- Up-to-date: /home/iris/RVI/install/odrive_demo_bringup/share/odrive_demo_bringup/package.xml
[1.009s] Invoked command in '/home/iris/RVI/build/odrive_demo_bringup' returned '0': AMENT_PREFIX_PATH=/home/iris/RVI/install/odrive_demo_description:${AMENT_PREFIX_PATH} CMAKE_PREFIX_PATH=/home/iris/RVI/install/odrive_demo_description:/opt/ros/humble /usr/bin/cmake --install /home/iris/RVI/build/odrive_demo_bringup
