-- Found ament_cmake: 1.3.7 (/opt/ros/humble/share/ament_cmake/cmake)
-- Override CMake install command with custom implementation using symlinks instead of copying resources
-- Found ament_lint_auto: 0.12.10 (/opt/ros/humble/share/ament_lint_auto/cmake)
-- Added test 'copyright' to check source files copyright and LICENSE
-- Added test 'flake8' to check Python code syntax and style conventions
-- Added test 'lint_cmake' to check CMake code style
-- Added test 'pep257' to check Python code against some of the docstring style conventions in PEP 257
-- Added test 'xmllint' to check XML markup files
-- Configuring done
-- Generating done
-- Build files have been written to: /home/iris/RVI/build/r6
-- Install configuration: ""
-- Execute custom install script
-- Symlinking: /home/iris/RVI/install/r6/share/r6/config/empty.yaml
-- Symlinking: /home/iris/RVI/install/r6/share/r6/description/inertial_macros.xacro
-- Symlinking: /home/iris/RVI/install/r6/share/r6/description/lidar.xacro
-- Symlinking: /home/iris/RVI/install/r6/share/r6/description/robot.urdf.xacro
-- Symlinking: /home/iris/RVI/install/r6/share/r6/description/robot_core.xacro
-- Symlinking: /home/iris/RVI/install/r6/share/r6/launch/rsp.launch.py
-- Symlinking: /home/iris/RVI/install/r6/share/r6/worlds/empty.world
-- Symlinking: /home/iris/RVI/install/r6/share/ament_index/resource_index/package_run_dependencies/r6
-- Symlinking: /home/iris/RVI/install/r6/share/ament_index/resource_index/parent_prefix_path/r6
-- Symlinking: /home/iris/RVI/install/r6/share/r6/environment/ament_prefix_path.sh
-- Symlinking: /home/iris/RVI/install/r6/share/r6/environment/ament_prefix_path.dsv
-- Symlinking: /home/iris/RVI/install/r6/share/r6/environment/path.sh
-- Symlinking: /home/iris/RVI/install/r6/share/r6/environment/path.dsv
-- Symlinking: /home/iris/RVI/install/r6/share/r6/local_setup.bash
-- Symlinking: /home/iris/RVI/install/r6/share/r6/local_setup.sh
-- Symlinking: /home/iris/RVI/install/r6/share/r6/local_setup.zsh
-- Symlinking: /home/iris/RVI/install/r6/share/r6/local_setup.dsv
-- Symlinking: /home/iris/RVI/install/r6/share/r6/package.dsv
-- Symlinking: /home/iris/RVI/install/r6/share/ament_index/resource_index/packages/r6
-- Symlinking: /home/iris/RVI/install/r6/share/r6/cmake/r6Config.cmake
-- Symlinking: /home/iris/RVI/install/r6/share/r6/cmake/r6Config-version.cmake
-- Symlinking: /home/iris/RVI/install/r6/share/r6/package.xml
