[0.335s] Invoking command in '/home/iris/RVI/build/r6': CMAKE_PREFIX_PATH=${CMAKE_PREFIX_PATH}:/opt/ros/humble /usr/bin/cmake /home/iris/RVI/src/r6 -DCMAKE_INSTALL_PREFIX=/home/iris/RVI/install/r6
[0.388s] -- Found ament_cmake: 1.3.7 (/opt/ros/humble/share/ament_cmake/cmake)
[1.176s] -- Override CMake install command with custom implementation using symlinks instead of copying resources
[1.223s] -- Found ament_lint_auto: 0.12.10 (/opt/ros/humble/share/ament_lint_auto/cmake)
[1.697s] -- Added test 'copyright' to check source files copyright and LICENSE
[1.737s] -- Added test 'cppcheck' to perform static code analysis on C / C++ code
[1.738s] -- Configured cppcheck include dirs: 
[1.739s] -- Configured cppcheck exclude dirs and/or files: 
[1.781s] -- Added test 'cpplint' to check C / C++ code against the Google style
[1.783s] -- Configured cpplint exclude dirs and/or files: 
[1.789s] -- Added test 'flake8' to check Python code syntax and style conventions
[1.800s] -- Added test 'lint_cmake' to check CMake code style
[1.806s] -- Added test 'pep257' to check Python code against some of the docstring style conventions in PEP 257
[1.863s] -- Added test 'uncrustify' to check C / C++ code style
[1.873s] -- Configured uncrustify additional arguments: 
[1.874s] -- Added test 'xmllint' to check XML markup files
[1.875s] -- Configuring done
[1.889s] -- Generating done
[1.890s] -- Build files have been written to: /home/iris/RVI/build/r6
[1.910s] Invoked command in '/home/iris/RVI/build/r6' returned '0': CMAKE_PREFIX_PATH=${CMAKE_PREFIX_PATH}:/opt/ros/humble /usr/bin/cmake /home/iris/RVI/src/r6 -DCMAKE_INSTALL_PREFIX=/home/iris/RVI/install/r6
[1.911s] Invoking command in '/home/iris/RVI/build/r6': CMAKE_PREFIX_PATH=${CMAKE_PREFIX_PATH}:/opt/ros/humble /usr/bin/cmake --build /home/iris/RVI/build/r6 -- -j4 -l4
[2.107s] Invoked command in '/home/iris/RVI/build/r6' returned '0': CMAKE_PREFIX_PATH=${CMAKE_PREFIX_PATH}:/opt/ros/humble /usr/bin/cmake --build /home/iris/RVI/build/r6 -- -j4 -l4
[2.429s] Invoking command in '/home/iris/RVI/build/r6': CMAKE_PREFIX_PATH=${CMAKE_PREFIX_PATH}:/opt/ros/humble /usr/bin/cmake --install /home/iris/RVI/build/r6
[2.462s] -- Install configuration: ""
[2.462s] -- Execute custom install script
[2.463s] -- Symlinking: /home/iris/RVI/install/r6/share/r6/config/my_controllers.yaml
[2.505s] -- Up-to-date symlink: /home/iris/RVI/install/r6/share/r6/description/inertial_macros.xacro
[2.509s] -- Up-to-date symlink: /home/iris/RVI/install/r6/share/r6/description/lidar.xacro
[2.512s] -- Up-to-date symlink: /home/iris/RVI/install/r6/share/r6/description/odrive.ros2_control.xacro
[2.515s] -- Up-to-date symlink: /home/iris/RVI/install/r6/share/r6/description/odrive.urdf.xacro
[2.518s] -- Up-to-date symlink: /home/iris/RVI/install/r6/share/r6/description/robot.urdf.xacro
[2.521s] -- Up-to-date symlink: /home/iris/RVI/install/r6/share/r6/description/robot_core.xacro
[2.524s] -- Up-to-date symlink: /home/iris/RVI/install/r6/share/r6/launch/launch_r6.launch.py
[2.527s] -- Symlinking: /home/iris/RVI/install/r6/share/r6/launch/launch_robot.launch.py
[2.558s] -- Up-to-date symlink: /home/iris/RVI/install/r6/share/r6/launch/rsp.launch.py
[2.562s] -- Up-to-date symlink: /home/iris/RVI/install/r6/share/r6/worlds/empty.world
[2.564s] -- Up-to-date symlink: /home/iris/RVI/install/r6/share/ament_index/resource_index/package_run_dependencies/r6
[2.565s] -- Up-to-date symlink: /home/iris/RVI/install/r6/share/ament_index/resource_index/parent_prefix_path/r6
[2.569s] -- Up-to-date symlink: /home/iris/RVI/install/r6/share/r6/environment/ament_prefix_path.sh
[2.572s] -- Up-to-date symlink: /home/iris/RVI/install/r6/share/r6/environment/ament_prefix_path.dsv
[2.578s] -- Up-to-date symlink: /home/iris/RVI/install/r6/share/r6/environment/path.sh
[2.579s] -- Up-to-date symlink: /home/iris/RVI/install/r6/share/r6/environment/path.dsv
[2.579s] -- Up-to-date symlink: /home/iris/RVI/install/r6/share/r6/local_setup.bash
[2.580s] -- Up-to-date symlink: /home/iris/RVI/install/r6/share/r6/local_setup.sh
[2.580s] -- Up-to-date symlink: /home/iris/RVI/install/r6/share/r6/local_setup.zsh
[2.580s] -- Up-to-date symlink: /home/iris/RVI/install/r6/share/r6/local_setup.dsv
[2.583s] -- Symlinking: /home/iris/RVI/install/r6/share/r6/package.dsv
[2.614s] -- Up-to-date symlink: /home/iris/RVI/install/r6/share/ament_index/resource_index/packages/r6
[2.615s] -- Up-to-date symlink: /home/iris/RVI/install/r6/share/r6/cmake/r6Config.cmake
[2.616s] -- Up-to-date symlink: /home/iris/RVI/install/r6/share/r6/cmake/r6Config-version.cmake
[2.617s] -- Up-to-date symlink: /home/iris/RVI/install/r6/share/r6/package.xml
[3.254s] Invoked command in '/home/iris/RVI/build/r6' returned '0': CMAKE_PREFIX_PATH=${CMAKE_PREFIX_PATH}:/opt/ros/humble /usr/bin/cmake --install /home/iris/RVI/build/r6
