[0.273s] Invoking command in '/home/iris/RVI/build/my_bot': CMAKE_PREFIX_PATH=/opt/ros/humble /usr/bin/cmake /home/iris/RVI/src/r6 -DCMAKE_INSTALL_PREFIX=/home/iris/RVI/install/my_bot
[1.221s] -- The C compiler identification is GNU 11.4.0
[2.023s] -- The CXX compiler identification is GNU 11.4.0
[2.070s] -- Detecting C compiler ABI info
[2.427s] -- Detecting C compiler ABI info - done
[2.459s] -- Check for working C compiler: /usr/bin/cc - skipped
[2.463s] -- Detecting C compile features
[2.464s] -- Detecting C compile features - done
[2.480s] -- Detecting CXX compiler ABI info
[2.880s] -- Detecting CXX compiler ABI info - done
[2.909s] -- Check for working CXX compiler: /usr/bin/c++ - skipped
[2.918s] -- Detecting CXX compile features
[2.918s] -- Detecting CXX compile features - done
[2.952s] -- Found ament_cmake: 1.3.7 (/opt/ros/humble/share/ament_cmake/cmake)
[3.722s] -- Found Python3: /usr/bin/python3.10 (found version "3.10.12") found components: Interpreter 
[4.371s] -- Found ament_lint_auto: 0.12.10 (/opt/ros/humble/share/ament_lint_auto/cmake)
[4.874s] -- Added test 'copyright' to check source files copyright and LICENSE
[4.945s] -- Added test 'flake8' to check Python code syntax and style conventions
[4.954s] -- Added test 'lint_cmake' to check CMake code style
[4.963s] -- Added test 'pep257' to check Python code against some of the docstring style conventions in PEP 257
[4.998s] -- Added test 'xmllint' to check XML markup files
[5.009s] -- Configuring done
[5.029s] -- Generating done
[5.034s] -- Build files have been written to: /home/iris/RVI/build/my_bot
[5.049s] Invoked command in '/home/iris/RVI/build/my_bot' returned '0': CMAKE_PREFIX_PATH=/opt/ros/humble /usr/bin/cmake /home/iris/RVI/src/r6 -DCMAKE_INSTALL_PREFIX=/home/iris/RVI/install/my_bot
[5.058s] Invoking command in '/home/iris/RVI/build/my_bot': CMAKE_PREFIX_PATH=/opt/ros/humble /usr/bin/cmake --build /home/iris/RVI/build/my_bot -- -j4 -l4
[5.198s] Invoked command in '/home/iris/RVI/build/my_bot' returned '0': CMAKE_PREFIX_PATH=/opt/ros/humble /usr/bin/cmake --build /home/iris/RVI/build/my_bot -- -j4 -l4
[5.308s] Invoking command in '/home/iris/RVI/build/my_bot': CMAKE_PREFIX_PATH=/opt/ros/humble /usr/bin/cmake --install /home/iris/RVI/build/my_bot
[5.334s] -- Install configuration: ""
[5.335s] -- Installing: /home/iris/RVI/install/my_bot/share/my_bot/config
[5.336s] -- Installing: /home/iris/RVI/install/my_bot/share/my_bot/config/empty.yaml
[5.336s] -- Installing: /home/iris/RVI/install/my_bot/share/my_bot/description
[5.337s] -- Installing: /home/iris/RVI/install/my_bot/share/my_bot/description/robot.urdf.xacro
[5.337s] -- Installing: /home/iris/RVI/install/my_bot/share/my_bot/launch
[5.338s] -- Installing: /home/iris/RVI/install/my_bot/share/my_bot/launch/rsp.launch.py
[5.339s] -- Installing: /home/iris/RVI/install/my_bot/share/my_bot/worlds
[5.339s] -- Installing: /home/iris/RVI/install/my_bot/share/my_bot/worlds/empty.world
[5.341s] -- Installing: /home/iris/RVI/install/my_bot/share/ament_index/resource_index/package_run_dependencies/my_bot
[5.342s] -- Installing: /home/iris/RVI/install/my_bot/share/ament_index/resource_index/parent_prefix_path/my_bot
[5.344s] -- Installing: /home/iris/RVI/install/my_bot/share/my_bot/environment/ament_prefix_path.sh
[5.345s] -- Installing: /home/iris/RVI/install/my_bot/share/my_bot/environment/ament_prefix_path.dsv
[5.346s] -- Installing: /home/iris/RVI/install/my_bot/share/my_bot/environment/path.sh
[5.347s] -- Installing: /home/iris/RVI/install/my_bot/share/my_bot/environment/path.dsv
[5.348s] -- Installing: /home/iris/RVI/install/my_bot/share/my_bot/local_setup.bash
[5.349s] -- Installing: /home/iris/RVI/install/my_bot/share/my_bot/local_setup.sh
[5.350s] -- Installing: /home/iris/RVI/install/my_bot/share/my_bot/local_setup.zsh
[5.351s] -- Installing: /home/iris/RVI/install/my_bot/share/my_bot/local_setup.dsv
[5.352s] -- Installing: /home/iris/RVI/install/my_bot/share/my_bot/package.dsv
[5.354s] -- Installing: /home/iris/RVI/install/my_bot/share/ament_index/resource_index/packages/my_bot
[5.355s] -- Installing: /home/iris/RVI/install/my_bot/share/my_bot/cmake/my_botConfig.cmake
[5.356s] -- Installing: /home/iris/RVI/install/my_bot/share/my_bot/cmake/my_botConfig-version.cmake
[5.357s] -- Installing: /home/iris/RVI/install/my_bot/share/my_bot/package.xml
[5.363s] Invoked command in '/home/iris/RVI/build/my_bot' returned '0': CMAKE_PREFIX_PATH=/opt/ros/humble /usr/bin/cmake --install /home/iris/RVI/build/my_bot
