[0.328s] Invoking command in '/home/iris/RVI/build/r6': CMAKE_PREFIX_PATH=${CMAKE_PREFIX_PATH}:/opt/ros/humble /usr/bin/cmake --build /home/iris/RVI/build/r6 -- -j4 -l4
[0.477s] Invoked command in '/home/iris/RVI/build/r6' returned '0': CMAKE_PREFIX_PATH=${CMAKE_PREFIX_PATH}:/opt/ros/humble /usr/bin/cmake --build /home/iris/RVI/build/r6 -- -j4 -l4
[0.610s] Invoking command in '/home/iris/RVI/build/r6': CMAKE_PREFIX_PATH=${CMAKE_PREFIX_PATH}:/opt/ros/humble /usr/bin/cmake --install /home/iris/RVI/build/r6
[0.645s] -- Install configuration: ""
[0.646s] -- Execute custom install script
[0.648s] -- Symlinking: /home/iris/RVI/install/r6/share/r6/config/diffbot_controllers.yaml
[0.677s] -- Up-to-date symlink: /home/iris/RVI/install/r6/share/r6/description/inertial_macros.xacro
[0.679s] -- Up-to-date symlink: /home/iris/RVI/install/r6/share/r6/description/lidar.xacro
[0.680s] -- Symlinking: /home/iris/RVI/install/r6/share/r6/description/odrive.ros2_control.xacro
[0.722s] -- Up-to-date symlink: /home/iris/RVI/install/r6/share/r6/description/robot.urdf.xacro
[0.731s] -- Up-to-date symlink: /home/iris/RVI/install/r6/share/r6/description/robot_core.xacro
[0.734s] -- Up-to-date symlink: /home/iris/RVI/install/r6/share/r6/launch/rsp.launch.py
[0.735s] -- Up-to-date symlink: /home/iris/RVI/install/r6/share/r6/worlds/empty.world
[0.737s] -- Up-to-date symlink: /home/iris/RVI/install/r6/share/ament_index/resource_index/package_run_dependencies/r6
[0.738s] -- Up-to-date symlink: /home/iris/RVI/install/r6/share/ament_index/resource_index/parent_prefix_path/r6
[0.739s] -- Up-to-date symlink: /home/iris/RVI/install/r6/share/r6/environment/ament_prefix_path.sh
[0.741s] -- Up-to-date symlink: /home/iris/RVI/install/r6/share/r6/environment/ament_prefix_path.dsv
[0.742s] -- Up-to-date symlink: /home/iris/RVI/install/r6/share/r6/environment/path.sh
[0.744s] -- Up-to-date symlink: /home/iris/RVI/install/r6/share/r6/environment/path.dsv
[0.745s] -- Up-to-date symlink: /home/iris/RVI/install/r6/share/r6/local_setup.bash
[0.746s] -- Up-to-date symlink: /home/iris/RVI/install/r6/share/r6/local_setup.sh
[0.748s] -- Up-to-date symlink: /home/iris/RVI/install/r6/share/r6/local_setup.zsh
[0.749s] -- Up-to-date symlink: /home/iris/RVI/install/r6/share/r6/local_setup.dsv
[0.752s] -- Symlinking: /home/iris/RVI/install/r6/share/r6/package.dsv
[0.771s] -- Up-to-date symlink: /home/iris/RVI/install/r6/share/ament_index/resource_index/packages/r6
[0.773s] -- Up-to-date symlink: /home/iris/RVI/install/r6/share/r6/cmake/r6Config.cmake
[0.776s] -- Up-to-date symlink: /home/iris/RVI/install/r6/share/r6/cmake/r6Config-version.cmake
[0.778s] -- Up-to-date symlink: /home/iris/RVI/install/r6/share/r6/package.xml
[1.019s] Invoked command in '/home/iris/RVI/build/r6' returned '0': CMAKE_PREFIX_PATH=${CMAKE_PREFIX_PATH}:/opt/ros/humble /usr/bin/cmake --install /home/iris/RVI/build/r6
