[0.910s] Invoking command in '/home/iris/RVI/build/odrive_ros2_control': CMAKE_PREFIX_PATH=/home/iris/RVI/install/odrive_demo_bringup:/home/iris/RVI/install/odrive_hardware_interface:/home/iris/RVI/install/odrive_demo_description:/home/iris/RVI/install/odrive_ros2_control:/home/iris/RVI/install/r6:/opt/ros/humble /usr/bin/cmake --build /home/iris/RVI/build/odrive_ros2_control -- -j4 -l4
[1.085s] Invoked command in '/home/iris/RVI/build/odrive_ros2_control' returned '0': CMAKE_PREFIX_PATH=/home/iris/RVI/install/odrive_demo_bringup:/home/iris/RVI/install/odrive_hardware_interface:/home/iris/RVI/install/odrive_demo_description:/home/iris/RVI/install/odrive_ros2_control:/home/iris/RVI/install/r6:/opt/ros/humble /usr/bin/cmake --build /home/iris/RVI/build/odrive_ros2_control -- -j4 -l4
[1.212s] Invoking command in '/home/iris/RVI/build/odrive_ros2_control': CMAKE_PREFIX_PATH=/home/iris/RVI/install/odrive_demo_bringup:/home/iris/RVI/install/odrive_hardware_interface:/home/iris/RVI/install/odrive_demo_description:/home/iris/RVI/install/odrive_ros2_control:/home/iris/RVI/install/r6:/opt/ros/humble /usr/bin/cmake --install /home/iris/RVI/build/odrive_ros2_control
[1.252s] -- Install configuration: ""
[1.252s] -- Up-to-date: /home/iris/RVI/install/odrive_ros2_control/share/ament_index/resource_index/package_run_dependencies/odrive_ros2_control
[1.253s] -- Up-to-date: /home/iris/RVI/install/odrive_ros2_control/share/ament_index/resource_index/parent_prefix_path/odrive_ros2_control
[1.254s] -- Up-to-date: /home/iris/RVI/install/odrive_ros2_control/share/odrive_ros2_control/environment/ament_prefix_path.sh
[1.256s] -- Up-to-date: /home/iris/RVI/install/odrive_ros2_control/share/odrive_ros2_control/environment/ament_prefix_path.dsv
[1.257s] -- Up-to-date: /home/iris/RVI/install/odrive_ros2_control/share/odrive_ros2_control/environment/path.sh
[1.257s] -- Up-to-date: /home/iris/RVI/install/odrive_ros2_control/share/odrive_ros2_control/environment/path.dsv
[1.258s] -- Up-to-date: /home/iris/RVI/install/odrive_ros2_control/share/odrive_ros2_control/local_setup.bash
[1.259s] -- Up-to-date: /home/iris/RVI/install/odrive_ros2_control/share/odrive_ros2_control/local_setup.sh
[1.260s] -- Up-to-date: /home/iris/RVI/install/odrive_ros2_control/share/odrive_ros2_control/local_setup.zsh
[1.261s] -- Up-to-date: /home/iris/RVI/install/odrive_ros2_control/share/odrive_ros2_control/local_setup.dsv
[1.265s] -- Installing: /home/iris/RVI/install/odrive_ros2_control/share/odrive_ros2_control/package.dsv
[1.267s] -- Up-to-date: /home/iris/RVI/install/odrive_ros2_control/share/ament_index/resource_index/packages/odrive_ros2_control
[1.268s] -- Up-to-date: /home/iris/RVI/install/odrive_ros2_control/share/odrive_ros2_control/cmake/odrive_ros2_controlConfig.cmake
[1.276s] -- Up-to-date: /home/iris/RVI/install/odrive_ros2_control/share/odrive_ros2_control/cmake/odrive_ros2_controlConfig-version.cmake
[1.277s] -- Up-to-date: /home/iris/RVI/install/odrive_ros2_control/share/odrive_ros2_control/package.xml
[1.278s] Invoked command in '/home/iris/RVI/build/odrive_ros2_control' returned '0': CMAKE_PREFIX_PATH=/home/iris/RVI/install/odrive_demo_bringup:/home/iris/RVI/install/odrive_hardware_interface:/home/iris/RVI/install/odrive_demo_description:/home/iris/RVI/install/odrive_ros2_control:/home/iris/RVI/install/r6:/opt/ros/humble /usr/bin/cmake --install /home/iris/RVI/build/odrive_ros2_control
