running egg_info
creating ../../build/r6/r6.egg-info
writing ../../build/r6/r6.egg-info/PKG-INFO
writing dependency_links to ../../build/r6/r6.egg-info/dependency_links.txt
writing entry points to ../../build/r6/r6.egg-info/entry_points.txt
writing requirements to ../../build/r6/r6.egg-info/requires.txt
writing top-level names to ../../build/r6/r6.egg-info/top_level.txt
writing manifest file '../../build/r6/r6.egg-info/SOURCES.txt'
reading manifest file '../../build/r6/r6.egg-info/SOURCES.txt'
adding license file 'LICENSE'
writing manifest file '../../build/r6/r6.egg-info/SOURCES.txt'
running build
running build_py
creating /home/iris/RVI/build/r6/build
creating /home/iris/RVI/build/r6/build/lib
creating /home/iris/RVI/build/r6/build/lib/r6
copying r6/__init__.py -> /home/iris/RVI/build/r6/build/lib/r6
running install
running install_lib
creating /home/iris/RVI/install/r6/lib/python3.10/site-packages/r6
copying /home/iris/RVI/build/r6/build/lib/r6/__init__.py -> /home/iris/RVI/install/r6/lib/python3.10/site-packages/r6
byte-compiling /home/iris/RVI/install/r6/lib/python3.10/site-packages/r6/__init__.py to __init__.cpython-310.pyc
running install_data
creating /home/iris/RVI/install/r6/share/ament_index
creating /home/iris/RVI/install/r6/share/ament_index/resource_index
creating /home/iris/RVI/install/r6/share/ament_index/resource_index/packages
copying resource/r6 -> /home/iris/RVI/install/r6/share/ament_index/resource_index/packages
copying package.xml -> /home/iris/RVI/install/r6/share/r6
running install_egg_info
Copying ../../build/r6/r6.egg-info to /home/iris/RVI/install/r6/lib/python3.10/site-packages/r6-0.0.0-py3.10.egg-info
running install_scripts
writing list of installed files to '/home/iris/RVI/build/r6/install.log'
