[0.892s] Invoking command in '/home/iris/RVI/build/odrive_ros2_control': AMENT_PREFIX_PATH=/home/iris/RVI/install/odrive_demo_bringup:/home/iris/RVI/install/odrive_hardware_interface:/home/iris/RVI/install/odrive_demo_description:${AMENT_PREFIX_PATH} CMAKE_PREFIX_PATH=/home/iris/RVI/install/odrive_demo_bringup:/home/iris/RVI/install/odrive_hardware_interface:/home/iris/RVI/install/odrive_demo_description:/opt/ros/humble LD_LIBRARY_PATH=/home/iris/RVI/install/odrive_hardware_interface/lib:${LD_LIBRARY_PATH} /usr/bin/cmake --build /home/iris/RVI/build/odrive_ros2_control -- -j4 -l4
[1.102s] Invoked command in '/home/iris/RVI/build/odrive_ros2_control' returned '0': AMENT_PREFIX_PATH=/home/iris/RVI/install/odrive_demo_bringup:/home/iris/RVI/install/odrive_hardware_interface:/home/iris/RVI/install/odrive_demo_description:${AMENT_PREFIX_PATH} CMAKE_PREFIX_PATH=/home/iris/RVI/install/odrive_demo_bringup:/home/iris/RVI/install/odrive_hardware_interface:/home/iris/RVI/install/odrive_demo_description:/opt/ros/humble LD_LIBRARY_PATH=/home/iris/RVI/install/odrive_hardware_interface/lib:${LD_LIBRARY_PATH} /usr/bin/cmake --build /home/iris/RVI/build/odrive_ros2_control -- -j4 -l4
[1.233s] Invoking command in '/home/iris/RVI/build/odrive_ros2_control': AMENT_PREFIX_PATH=/home/iris/RVI/install/odrive_demo_bringup:/home/iris/RVI/install/odrive_hardware_interface:/home/iris/RVI/install/odrive_demo_description:${AMENT_PREFIX_PATH} CMAKE_PREFIX_PATH=/home/iris/RVI/install/odrive_demo_bringup:/home/iris/RVI/install/odrive_hardware_interface:/home/iris/RVI/install/odrive_demo_description:/opt/ros/humble LD_LIBRARY_PATH=/home/iris/RVI/install/odrive_hardware_interface/lib:${LD_LIBRARY_PATH} /usr/bin/cmake --install /home/iris/RVI/build/odrive_ros2_control
[1.263s] -- Install configuration: ""
[1.264s] -- Up-to-date: /home/iris/RVI/install/odrive_ros2_control/share/ament_index/resource_index/package_run_dependencies/odrive_ros2_control
[1.265s] -- Up-to-date: /home/iris/RVI/install/odrive_ros2_control/share/ament_index/resource_index/parent_prefix_path/odrive_ros2_control
[1.266s] -- Up-to-date: /home/iris/RVI/install/odrive_ros2_control/share/odrive_ros2_control/environment/ament_prefix_path.sh
[1.266s] -- Up-to-date: /home/iris/RVI/install/odrive_ros2_control/share/odrive_ros2_control/environment/ament_prefix_path.dsv
[1.267s] -- Up-to-date: /home/iris/RVI/install/odrive_ros2_control/share/odrive_ros2_control/environment/path.sh
[1.267s] -- Up-to-date: /home/iris/RVI/install/odrive_ros2_control/share/odrive_ros2_control/environment/path.dsv
[1.270s] -- Up-to-date: /home/iris/RVI/install/odrive_ros2_control/share/odrive_ros2_control/local_setup.bash
[1.271s] -- Up-to-date: /home/iris/RVI/install/odrive_ros2_control/share/odrive_ros2_control/local_setup.sh
[1.273s] -- Up-to-date: /home/iris/RVI/install/odrive_ros2_control/share/odrive_ros2_control/local_setup.zsh
[1.274s] -- Up-to-date: /home/iris/RVI/install/odrive_ros2_control/share/odrive_ros2_control/local_setup.dsv
[1.275s] -- Installing: /home/iris/RVI/install/odrive_ros2_control/share/odrive_ros2_control/package.dsv
[1.278s] -- Up-to-date: /home/iris/RVI/install/odrive_ros2_control/share/ament_index/resource_index/packages/odrive_ros2_control
[1.279s] -- Up-to-date: /home/iris/RVI/install/odrive_ros2_control/share/odrive_ros2_control/cmake/odrive_ros2_controlConfig.cmake
[1.279s] -- Up-to-date: /home/iris/RVI/install/odrive_ros2_control/share/odrive_ros2_control/cmake/odrive_ros2_controlConfig-version.cmake
[1.280s] -- Up-to-date: /home/iris/RVI/install/odrive_ros2_control/share/odrive_ros2_control/package.xml
[1.293s] Invoked command in '/home/iris/RVI/build/odrive_ros2_control' returned '0': AMENT_PREFIX_PATH=/home/iris/RVI/install/odrive_demo_bringup:/home/iris/RVI/install/odrive_hardware_interface:/home/iris/RVI/install/odrive_demo_description:${AMENT_PREFIX_PATH} CMAKE_PREFIX_PATH=/home/iris/RVI/install/odrive_demo_bringup:/home/iris/RVI/install/odrive_hardware_interface:/home/iris/RVI/install/odrive_demo_description:/opt/ros/humble LD_LIBRARY_PATH=/home/iris/RVI/install/odrive_hardware_interface/lib:${LD_LIBRARY_PATH} /usr/bin/cmake --install /home/iris/RVI/build/odrive_ros2_control
