[0.568s] Invoking command in '/home/iris/RVI/build/odrive_demo_bringup': CMAKE_PREFIX_PATH=/home/iris/RVI/install/odrive_demo_description:/home/iris/RVI/install/r6:/home/iris/RVI/install/odrive_ros2_control:/home/iris/RVI/install/odrive_hardware_interface:/home/iris/RVI/install/odrive_demo_bringup:/home/iris/RVI/install/my_bot:/opt/ros/humble /usr/bin/cmake --build /home/iris/RVI/build/odrive_demo_bringup -- -j4 -l4
[0.961s] Invoked command in '/home/iris/RVI/build/odrive_demo_bringup' returned '0': CMAKE_PREFIX_PATH=/home/iris/RVI/install/odrive_demo_description:/home/iris/RVI/install/r6:/home/iris/RVI/install/odrive_ros2_control:/home/iris/RVI/install/odrive_hardware_interface:/home/iris/RVI/install/odrive_demo_bringup:/home/iris/RVI/install/my_bot:/opt/ros/humble /usr/bin/cmake --build /home/iris/RVI/build/odrive_demo_bringup -- -j4 -l4
[1.070s] Invoking command in '/home/iris/RVI/build/odrive_demo_bringup': CMAKE_PREFIX_PATH=/home/iris/RVI/install/odrive_demo_description:/home/iris/RVI/install/r6:/home/iris/RVI/install/odrive_ros2_control:/home/iris/RVI/install/odrive_hardware_interface:/home/iris/RVI/install/odrive_demo_bringup:/home/iris/RVI/install/my_bot:/opt/ros/humble /usr/bin/cmake --install /home/iris/RVI/build/odrive_demo_bringup
[1.098s] -- Install configuration: ""
[1.099s] -- Up-to-date: /home/iris/RVI/install/odrive_demo_bringup/share/odrive_demo_bringup/config
[1.106s] -- Up-to-date: /home/iris/RVI/install/odrive_demo_bringup/share/odrive_demo_bringup/config/diffbot_controllers.yaml
[1.107s] -- Up-to-date: /home/iris/RVI/install/odrive_demo_bringup/share/odrive_demo_bringup/config/rrbot_controllers.yaml
[1.107s] -- Up-to-date: /home/iris/RVI/install/odrive_demo_bringup/share/odrive_demo_bringup/config/odrive_multi_interface_forward_controllers.yaml
[1.108s] -- Up-to-date: /home/iris/RVI/install/odrive_demo_bringup/share/odrive_demo_bringup/launch
[1.109s] -- Up-to-date: /home/iris/RVI/install/odrive_demo_bringup/share/odrive_demo_bringup/launch/odrive_multi_interface.launch.py
[1.110s] -- Up-to-date: /home/iris/RVI/install/odrive_demo_bringup/share/odrive_demo_bringup/launch/odrive_rrbot.launch.py
[1.112s] -- Up-to-date: /home/iris/RVI/install/odrive_demo_bringup/share/odrive_demo_bringup/launch/odrive_diffbot.launch.py
[1.113s] -- Up-to-date: /home/iris/RVI/install/odrive_demo_bringup/share/ament_index/resource_index/package_run_dependencies/odrive_demo_bringup
[1.114s] -- Up-to-date: /home/iris/RVI/install/odrive_demo_bringup/share/ament_index/resource_index/parent_prefix_path/odrive_demo_bringup
[1.115s] -- Up-to-date: /home/iris/RVI/install/odrive_demo_bringup/share/odrive_demo_bringup/environment/ament_prefix_path.sh
[1.115s] -- Up-to-date: /home/iris/RVI/install/odrive_demo_bringup/share/odrive_demo_bringup/environment/ament_prefix_path.dsv
[1.117s] -- Up-to-date: /home/iris/RVI/install/odrive_demo_bringup/share/odrive_demo_bringup/environment/path.sh
[1.117s] -- Up-to-date: /home/iris/RVI/install/odrive_demo_bringup/share/odrive_demo_bringup/environment/path.dsv
[1.118s] -- Up-to-date: /home/iris/RVI/install/odrive_demo_bringup/share/odrive_demo_bringup/local_setup.bash
[1.119s] -- Up-to-date: /home/iris/RVI/install/odrive_demo_bringup/share/odrive_demo_bringup/local_setup.sh
[1.119s] -- Up-to-date: /home/iris/RVI/install/odrive_demo_bringup/share/odrive_demo_bringup/local_setup.zsh
[1.120s] -- Up-to-date: /home/iris/RVI/install/odrive_demo_bringup/share/odrive_demo_bringup/local_setup.dsv
[1.120s] -- Installing: /home/iris/RVI/install/odrive_demo_bringup/share/odrive_demo_bringup/package.dsv
[1.121s] -- Up-to-date: /home/iris/RVI/install/odrive_demo_bringup/share/ament_index/resource_index/packages/odrive_demo_bringup
[1.122s] -- Up-to-date: /home/iris/RVI/install/odrive_demo_bringup/share/odrive_demo_bringup/cmake/odrive_demo_bringupConfig.cmake
[1.123s] -- Up-to-date: /home/iris/RVI/install/odrive_demo_bringup/share/odrive_demo_bringup/cmake/odrive_demo_bringupConfig-version.cmake
[1.123s] -- Up-to-date: /home/iris/RVI/install/odrive_demo_bringup/share/odrive_demo_bringup/package.xml
[1.464s] Invoked command in '/home/iris/RVI/build/odrive_demo_bringup' returned '0': CMAKE_PREFIX_PATH=/home/iris/RVI/install/odrive_demo_description:/home/iris/RVI/install/r6:/home/iris/RVI/install/odrive_ros2_control:/home/iris/RVI/install/odrive_hardware_interface:/home/iris/RVI/install/odrive_demo_bringup:/home/iris/RVI/install/my_bot:/opt/ros/humble /usr/bin/cmake --install /home/iris/RVI/build/odrive_demo_bringup
