[0.250s] Invoking command in '/home/iris/RVI/build/odrive_hardware_interface': CMAKE_PREFIX_PATH=/opt/ros/humble /usr/bin/cmake /home/iris/RVI/src/odrive_ros2_control/odrive_hardware_interface -DCMAKE_INSTALL_PREFIX=/home/iris/RVI/install/odrive_hardware_interface
[0.943s] -- The C compiler identification is GNU 11.4.0
[1.231s] -- The CXX compiler identification is GNU 11.4.0
[1.271s] -- Detecting C compiler ABI info
[1.618s] -- Detecting C compiler ABI info - done
[1.643s] -- Check for working C compiler: /usr/bin/cc - skipped
[1.648s] -- Detecting C compile features
[1.650s] -- Detecting C compile features - done
[1.666s] -- Detecting CXX compiler ABI info
[2.031s] -- Detecting CXX compiler ABI info - done
[2.057s] -- Check for working CXX compiler: /usr/bin/c++ - skipped
[2.058s] -- Detecting CXX compile features
[2.060s] -- Detecting CXX compile features - done
[2.077s] -- Found ament_cmake_auto: 1.3.7 (/opt/ros/humble/share/ament_cmake_auto/cmake)
[2.932s] -- Found Python3: /usr/bin/python3.10 (found version "3.10.12") found components: Interpreter 
[4.160s] -- Found rosidl_generator_c: 3.1.5 (/opt/ros/humble/share/rosidl_generator_c/cmake)
[4.203s] -- Found rosidl_adapter: 3.1.5 (/opt/ros/humble/share/rosidl_adapter/cmake)
[4.260s] -- Found rosidl_generator_cpp: 3.1.5 (/opt/ros/humble/share/rosidl_generator_cpp/cmake)
[4.343s] -- Using all available rosidl_typesupport_c: rosidl_typesupport_fastrtps_c;rosidl_typesupport_introspection_c
[4.464s] -- Using all available rosidl_typesupport_cpp: rosidl_typesupport_fastrtps_cpp;rosidl_typesupport_introspection_cpp
[7.517s] -- Found rmw_implementation_cmake: 6.1.1 (/opt/ros/humble/share/rmw_implementation_cmake/cmake)
[7.536s] -- Found rmw_fastrtps_cpp: 6.2.6 (/opt/ros/humble/share/rmw_fastrtps_cpp/cmake)
[7.738s] -- Found TinyXML2 via Config file: TinyXML2_DIR-NOTFOUND
[7.995s] -- Found OpenSSL: /usr/lib/aarch64-linux-gnu/libcrypto.so (found version "3.0.2")  
[8.016s] -- Found TinyXML2 via Config file: TinyXML2_DIR-NOTFOUND
[8.089s] -- Found FastRTPS: /opt/ros/humble/include  
[8.129s] -- Found TinyXML2 via Config file: TinyXML2_DIR-NOTFOUND
[8.162s] -- Found TinyXML2 via Config file: TinyXML2_DIR-NOTFOUND
[8.199s] -- Using RMW implementation 'rmw_fastrtps_cpp' as default
[8.280s] -- Looking for pthread.h
[8.624s] -- Looking for pthread.h - found
[8.626s] -- Performing Test CMAKE_HAVE_LIBC_PTHREAD
[8.964s] -- Performing Test CMAKE_HAVE_LIBC_PTHREAD - Success
[8.968s] -- Found Threads: TRUE  
[9.637s] -- Found PkgConfig: /usr/bin/pkg-config (found version "0.29.2") 
[9.639s] -- Checking for one of the modules 'libusb-1.0'
[10.243s] -- Found ament_lint_auto: 0.12.10 (/opt/ros/humble/share/ament_lint_auto/cmake)
[10.410s] -- Added test 'copyright' to check source files copyright and LICENSE
[10.420s] -- Added test 'cppcheck' to perform static code analysis on C / C++ code
[10.421s] -- Configured cppcheck include dirs: /home/iris/RVI/src/odrive_ros2_control/odrive_hardware_interface/include
[10.422s] -- Configured cppcheck exclude dirs and/or files: 
[10.431s] -- Added test 'cpplint' to check C / C++ code against the Google style
[10.431s] -- Configured cpplint exclude dirs and/or files: 
[10.436s] -- Added test 'lint_cmake' to check CMake code style
[10.446s] -- Added test 'uncrustify' to check C / C++ code style
[10.447s] -- Configured uncrustify additional arguments: 
[10.449s] -- Added test 'xmllint' to check XML markup files
[10.466s] -- Configuring done
[10.722s] -- Generating done
[10.730s] -- Build files have been written to: /home/iris/RVI/build/odrive_hardware_interface
[10.775s] Invoked command in '/home/iris/RVI/build/odrive_hardware_interface' returned '0': CMAKE_PREFIX_PATH=/opt/ros/humble /usr/bin/cmake /home/iris/RVI/src/odrive_ros2_control/odrive_hardware_interface -DCMAKE_INSTALL_PREFIX=/home/iris/RVI/install/odrive_hardware_interface
[10.783s] Invoking command in '/home/iris/RVI/build/odrive_hardware_interface': CMAKE_PREFIX_PATH=/opt/ros/humble /usr/bin/cmake --build /home/iris/RVI/build/odrive_hardware_interface -- -j4 -l4
[10.988s] [ 25%] [32mBuilding CXX object CMakeFiles/odrive_usb.dir/src/odrive_usb.cpp.o[0m
[13.863s] [ 50%] [32m[1mLinking CXX shared library libodrive_usb.so[0m
[14.457s] [ 50%] Built target odrive_usb
[14.539s] [ 75%] [32mBuilding CXX object CMakeFiles/odrive_hardware_interface.dir/src/odrive_hardware_interface.cpp.o[0m
[30.414s] [100%] [32m[1mLinking CXX shared library libodrive_hardware_interface.so[0m
[31.435s] [100%] Built target odrive_hardware_interface
[31.472s] Invoked command in '/home/iris/RVI/build/odrive_hardware_interface' returned '0': CMAKE_PREFIX_PATH=/opt/ros/humble /usr/bin/cmake --build /home/iris/RVI/build/odrive_hardware_interface -- -j4 -l4
[31.613s] Invoking command in '/home/iris/RVI/build/odrive_hardware_interface': CMAKE_PREFIX_PATH=/opt/ros/humble /usr/bin/cmake --install /home/iris/RVI/build/odrive_hardware_interface
[31.640s] -- Install configuration: ""
[31.641s] -- Installing: /home/iris/RVI/install/odrive_hardware_interface/share/odrive_hardware_interface/odrive_hardware_interface.xml
[31.642s] -- Installing: /home/iris/RVI/install/odrive_hardware_interface/include
[31.643s] -- Installing: /home/iris/RVI/install/odrive_hardware_interface/include/odrive_hardware_interface
[31.643s] -- Installing: /home/iris/RVI/install/odrive_hardware_interface/include/odrive_hardware_interface/visibility_control.hpp
[31.645s] -- Installing: /home/iris/RVI/install/odrive_hardware_interface/include/odrive_hardware_interface/odrive_endpoints.hpp
[31.646s] -- Installing: /home/iris/RVI/install/odrive_hardware_interface/include/odrive_hardware_interface/odrive_hardware_interface.hpp
[31.648s] -- Installing: /home/iris/RVI/install/odrive_hardware_interface/include/odrive_hardware_interface/odrive_usb.hpp
[31.649s] -- Installing: /home/iris/RVI/install/odrive_hardware_interface/share/odrive_hardware_interface/environment/library_path.sh
[31.650s] -- Installing: /home/iris/RVI/install/odrive_hardware_interface/share/odrive_hardware_interface/environment/library_path.dsv
[31.652s] -- Installing: /home/iris/RVI/install/odrive_hardware_interface/lib/libodrive_usb.so
[31.656s] -- Set runtime path of "/home/iris/RVI/install/odrive_hardware_interface/lib/libodrive_usb.so" to ""
[31.657s] -- Installing: /home/iris/RVI/install/odrive_hardware_interface/lib/libodrive_hardware_interface.so
[31.664s] -- Set runtime path of "/home/iris/RVI/install/odrive_hardware_interface/lib/libodrive_hardware_interface.so" to ""
[31.665s] -- Installing: /home/iris/RVI/install/odrive_hardware_interface/share/ament_index/resource_index/package_run_dependencies/odrive_hardware_interface
[31.667s] -- Installing: /home/iris/RVI/install/odrive_hardware_interface/share/ament_index/resource_index/parent_prefix_path/odrive_hardware_interface
[31.668s] -- Installing: /home/iris/RVI/install/odrive_hardware_interface/share/odrive_hardware_interface/environment/ament_prefix_path.sh
[31.670s] -- Installing: /home/iris/RVI/install/odrive_hardware_interface/share/odrive_hardware_interface/environment/ament_prefix_path.dsv
[31.671s] -- Installing: /home/iris/RVI/install/odrive_hardware_interface/share/odrive_hardware_interface/environment/path.sh
[31.672s] -- Installing: /home/iris/RVI/install/odrive_hardware_interface/share/odrive_hardware_interface/environment/path.dsv
[31.673s] -- Installing: /home/iris/RVI/install/odrive_hardware_interface/share/odrive_hardware_interface/local_setup.bash
[31.674s] -- Installing: /home/iris/RVI/install/odrive_hardware_interface/share/odrive_hardware_interface/local_setup.sh
[31.676s] -- Installing: /home/iris/RVI/install/odrive_hardware_interface/share/odrive_hardware_interface/local_setup.zsh
[31.677s] -- Installing: /home/iris/RVI/install/odrive_hardware_interface/share/odrive_hardware_interface/local_setup.dsv
[31.678s] -- Installing: /home/iris/RVI/install/odrive_hardware_interface/share/odrive_hardware_interface/package.dsv
[31.680s] -- Installing: /home/iris/RVI/install/odrive_hardware_interface/share/ament_index/resource_index/packages/odrive_hardware_interface
[31.681s] -- Installing: /home/iris/RVI/install/odrive_hardware_interface/share/ament_index/resource_index/hardware_interface__pluginlib__plugin/odrive_hardware_interface
[31.683s] -- Installing: /home/iris/RVI/install/odrive_hardware_interface/share/odrive_hardware_interface/cmake/ament_cmake_export_dependencies-extras.cmake
[31.684s] -- Installing: /home/iris/RVI/install/odrive_hardware_interface/share/odrive_hardware_interface/cmake/ament_cmake_export_include_directories-extras.cmake
[31.686s] -- Installing: /home/iris/RVI/install/odrive_hardware_interface/share/odrive_hardware_interface/cmake/ament_cmake_export_libraries-extras.cmake
[31.687s] -- Installing: /home/iris/RVI/install/odrive_hardware_interface/share/odrive_hardware_interface/cmake/odrive_hardware_interfaceConfig.cmake
[31.688s] -- Installing: /home/iris/RVI/install/odrive_hardware_interface/share/odrive_hardware_interface/cmake/odrive_hardware_interfaceConfig-version.cmake
[31.689s] -- Installing: /home/iris/RVI/install/odrive_hardware_interface/share/odrive_hardware_interface/package.xml
[31.696s] Invoked command in '/home/iris/RVI/build/odrive_hardware_interface' returned '0': CMAKE_PREFIX_PATH=/opt/ros/humble /usr/bin/cmake --install /home/iris/RVI/build/odrive_hardware_interface
