[0.316s] Invoking command in '/home/iris/RVI/build/odrive_hardware_interface': CMAKE_PREFIX_PATH=${CMAKE_PREFIX_PATH}:/opt/ros/humble /usr/bin/cmake --build /home/iris/RVI/build/odrive_hardware_interface -- -j4 -l4
[0.538s] [ 50%] Built target odrive_usb
[0.658s] [100%] Built target odrive_hardware_interface
[0.888s] Invoked command in '/home/iris/RVI/build/odrive_hardware_interface' returned '0': CMAKE_PREFIX_PATH=${CMAKE_PREFIX_PATH}:/opt/ros/humble /usr/bin/cmake --build /home/iris/RVI/build/odrive_hardware_interface -- -j4 -l4
[1.537s] Invoking command in '/home/iris/RVI/build/odrive_hardware_interface': CMAKE_PREFIX_PATH=${CMAKE_PREFIX_PATH}:/opt/ros/humble /usr/bin/cmake --install /home/iris/RVI/build/odrive_hardware_interface
[1.568s] -- Install configuration: ""
[1.569s] -- Up-to-date: /home/iris/RVI/install/odrive_hardware_interface/share/odrive_hardware_interface/odrive_hardware_interface.xml
[1.569s] -- Up-to-date: /home/iris/RVI/install/odrive_hardware_interface/include
[1.570s] -- Up-to-date: /home/iris/RVI/install/odrive_hardware_interface/include/odrive_hardware_interface
[1.571s] -- Up-to-date: /home/iris/RVI/install/odrive_hardware_interface/include/odrive_hardware_interface/visibility_control.hpp
[1.572s] -- Up-to-date: /home/iris/RVI/install/odrive_hardware_interface/include/odrive_hardware_interface/odrive_endpoints.hpp
[1.572s] -- Up-to-date: /home/iris/RVI/install/odrive_hardware_interface/include/odrive_hardware_interface/odrive_hardware_interface.hpp
[1.573s] -- Up-to-date: /home/iris/RVI/install/odrive_hardware_interface/include/odrive_hardware_interface/odrive_usb.hpp
[1.573s] -- Up-to-date: /home/iris/RVI/install/odrive_hardware_interface/share/odrive_hardware_interface/environment/library_path.sh
[1.574s] -- Up-to-date: /home/iris/RVI/install/odrive_hardware_interface/share/odrive_hardware_interface/environment/library_path.dsv
[1.574s] -- Up-to-date: /home/iris/RVI/install/odrive_hardware_interface/lib/libodrive_usb.so
[1.575s] -- Up-to-date: /home/iris/RVI/install/odrive_hardware_interface/lib/libodrive_hardware_interface.so
[1.577s] -- Up-to-date: /home/iris/RVI/install/odrive_hardware_interface/share/ament_index/resource_index/package_run_dependencies/odrive_hardware_interface
[1.578s] -- Up-to-date: /home/iris/RVI/install/odrive_hardware_interface/share/ament_index/resource_index/parent_prefix_path/odrive_hardware_interface
[1.579s] -- Up-to-date: /home/iris/RVI/install/odrive_hardware_interface/share/odrive_hardware_interface/environment/ament_prefix_path.sh
[1.579s] -- Up-to-date: /home/iris/RVI/install/odrive_hardware_interface/share/odrive_hardware_interface/environment/ament_prefix_path.dsv
[1.580s] -- Up-to-date: /home/iris/RVI/install/odrive_hardware_interface/share/odrive_hardware_interface/environment/path.sh
[1.581s] -- Up-to-date: /home/iris/RVI/install/odrive_hardware_interface/share/odrive_hardware_interface/environment/path.dsv
[1.582s] -- Up-to-date: /home/iris/RVI/install/odrive_hardware_interface/share/odrive_hardware_interface/local_setup.bash
[1.583s] -- Up-to-date: /home/iris/RVI/install/odrive_hardware_interface/share/odrive_hardware_interface/local_setup.sh
[1.583s] -- Up-to-date: /home/iris/RVI/install/odrive_hardware_interface/share/odrive_hardware_interface/local_setup.zsh
[1.584s] -- Up-to-date: /home/iris/RVI/install/odrive_hardware_interface/share/odrive_hardware_interface/local_setup.dsv
[1.585s] -- Installing: /home/iris/RVI/install/odrive_hardware_interface/share/odrive_hardware_interface/package.dsv
[1.586s] -- Up-to-date: /home/iris/RVI/install/odrive_hardware_interface/share/ament_index/resource_index/packages/odrive_hardware_interface
[1.587s] -- Up-to-date: /home/iris/RVI/install/odrive_hardware_interface/share/ament_index/resource_index/hardware_interface__pluginlib__plugin/odrive_hardware_interface
[1.588s] -- Up-to-date: /home/iris/RVI/install/odrive_hardware_interface/share/odrive_hardware_interface/cmake/ament_cmake_export_dependencies-extras.cmake
[1.588s] -- Up-to-date: /home/iris/RVI/install/odrive_hardware_interface/share/odrive_hardware_interface/cmake/ament_cmake_export_include_directories-extras.cmake
[1.589s] -- Up-to-date: /home/iris/RVI/install/odrive_hardware_interface/share/odrive_hardware_interface/cmake/ament_cmake_export_libraries-extras.cmake
[1.590s] -- Up-to-date: /home/iris/RVI/install/odrive_hardware_interface/share/odrive_hardware_interface/cmake/odrive_hardware_interfaceConfig.cmake
[1.592s] -- Up-to-date: /home/iris/RVI/install/odrive_hardware_interface/share/odrive_hardware_interface/cmake/odrive_hardware_interfaceConfig-version.cmake
[1.593s] -- Up-to-date: /home/iris/RVI/install/odrive_hardware_interface/share/odrive_hardware_interface/package.xml
[1.597s] Invoked command in '/home/iris/RVI/build/odrive_hardware_interface' returned '0': CMAKE_PREFIX_PATH=${CMAKE_PREFIX_PATH}:/opt/ros/humble /usr/bin/cmake --install /home/iris/RVI/build/odrive_hardware_interface
