[4.087s] DEBUG:colcon:Command line arguments: ['/usr/bin/colcon', 'build', '--symlink-install']
[4.088s] DEBUG:colcon:Parsed command line arguments: Namespace(log_base=None, log_level=None, verb_name='build', build_base='build', install_base='install', merge_install=False, symlink_install=True, test_result_base=None, continue_on_error=False, executor='parallel', parallel_workers=4, event_handlers=None, ignore_user_meta=False, metas=['./colcon.meta'], base_paths=['.'], packages_ignore=None, packages_ignore_regex=None, paths=None, packages_up_to=None, packages_up_to_regex=None, packages_above=None, packages_above_and_dependencies=None, packages_above_depth=None, packages_select_by_dep=None, packages_skip_by_dep=None, packages_skip_up_to=None, packages_select_build_failed=False, packages_skip_build_finished=False, packages_select_test_failures=False, packages_skip_test_passed=False, packages_select=None, packages_skip=None, packages_select_regex=None, packages_skip_regex=None, packages_start=None, packages_end=None, allow_overriding=[], cmake_args=None, cmake_target=None, cmake_target_skip_unavailable=False, cmake_clean_cache=False, cmake_clean_first=False, cmake_force_configure=False, ament_cmake_args=None, catkin_cmake_args=None, catkin_skip_building_tests=False, verb_parser=<colcon_defaults.argument_parser.defaults.DefaultArgumentsDecorator object at 0xffffa8621180>, verb_extension=<colcon_core.verb.build.BuildVerb object at 0xffffa8b48400>, main=<bound method BuildVerb.main of <colcon_core.verb.build.BuildVerb object at 0xffffa8b48400>>)
[4.282s] Level 1:colcon.colcon_core.package_discovery:discover_packages(colcon_meta) check parameters
[4.282s] Level 1:colcon.colcon_core.package_discovery:discover_packages(recursive) check parameters
[4.282s] Level 1:colcon.colcon_core.package_discovery:discover_packages(ignore) check parameters
[4.283s] Level 1:colcon.colcon_core.package_discovery:discover_packages(path) check parameters
[4.283s] Level 1:colcon.colcon_core.package_discovery:discover_packages(colcon_meta) discover
[4.283s] Level 1:colcon.colcon_core.package_discovery:discover_packages(recursive) discover
[4.283s] INFO:colcon.colcon_core.package_discovery:Crawling recursively for packages in '/home/iris/RVI'
[4.284s] Level 1:colcon.colcon_core.package_identification:_identify(.) by extensions ['ignore', 'ignore_ament_install']
[4.284s] Level 1:colcon.colcon_core.package_identification:_identify(.) by extension 'ignore'
[4.284s] Level 1:colcon.colcon_core.package_identification:_identify(.) by extension 'ignore_ament_install'
[4.285s] Level 1:colcon.colcon_core.package_identification:_identify(.) by extensions ['colcon_pkg']
[4.285s] Level 1:colcon.colcon_core.package_identification:_identify(.) by extension 'colcon_pkg'
[4.285s] Level 1:colcon.colcon_core.package_identification:_identify(.) by extensions ['colcon_meta']
[4.285s] Level 1:colcon.colcon_core.package_identification:_identify(.) by extension 'colcon_meta'
[4.285s] Level 1:colcon.colcon_core.package_identification:_identify(.) by extensions ['ros']
[4.285s] Level 1:colcon.colcon_core.package_identification:_identify(.) by extension 'ros'
[4.330s] Level 1:colcon.colcon_core.package_identification:_identify(.) by extensions ['cmake', 'python']
[4.330s] Level 1:colcon.colcon_core.package_identification:_identify(.) by extension 'cmake'
[4.330s] Level 1:colcon.colcon_core.package_identification:_identify(.) by extension 'python'
[4.331s] Level 1:colcon.colcon_core.package_identification:_identify(.) by extensions ['python_setup_py']
[4.331s] Level 1:colcon.colcon_core.package_identification:_identify(.) by extension 'python_setup_py'
[4.331s] Level 1:colcon.colcon_core.package_identification:_identify(build) by extensions ['ignore', 'ignore_ament_install']
[4.332s] Level 1:colcon.colcon_core.package_identification:_identify(build) by extension 'ignore'
[4.332s] Level 1:colcon.colcon_core.package_identification:_identify(build) ignored
[4.333s] Level 1:colcon.colcon_core.package_identification:_identify(install) by extensions ['ignore', 'ignore_ament_install']
[4.333s] Level 1:colcon.colcon_core.package_identification:_identify(install) by extension 'ignore'
[4.333s] Level 1:colcon.colcon_core.package_identification:_identify(install) ignored
[4.334s] Level 1:colcon.colcon_core.package_identification:_identify(log) by extensions ['ignore', 'ignore_ament_install']
[4.334s] Level 1:colcon.colcon_core.package_identification:_identify(log) by extension 'ignore'
[4.334s] Level 1:colcon.colcon_core.package_identification:_identify(log) ignored
[4.335s] Level 1:colcon.colcon_core.package_identification:_identify(src) by extensions ['ignore', 'ignore_ament_install']
[4.335s] Level 1:colcon.colcon_core.package_identification:_identify(src) by extension 'ignore'
[4.335s] Level 1:colcon.colcon_core.package_identification:_identify(src) by extension 'ignore_ament_install'
[4.336s] Level 1:colcon.colcon_core.package_identification:_identify(src) by extensions ['colcon_pkg']
[4.336s] Level 1:colcon.colcon_core.package_identification:_identify(src) by extension 'colcon_pkg'
[4.336s] Level 1:colcon.colcon_core.package_identification:_identify(src) by extensions ['colcon_meta']
[4.336s] Level 1:colcon.colcon_core.package_identification:_identify(src) by extension 'colcon_meta'
[4.336s] Level 1:colcon.colcon_core.package_identification:_identify(src) by extensions ['ros']
[4.336s] Level 1:colcon.colcon_core.package_identification:_identify(src) by extension 'ros'
[4.337s] Level 1:colcon.colcon_core.package_identification:_identify(src) by extensions ['cmake', 'python']
[4.337s] Level 1:colcon.colcon_core.package_identification:_identify(src) by extension 'cmake'
[4.337s] Level 1:colcon.colcon_core.package_identification:_identify(src) by extension 'python'
[4.337s] Level 1:colcon.colcon_core.package_identification:_identify(src) by extensions ['python_setup_py']
[4.337s] Level 1:colcon.colcon_core.package_identification:_identify(src) by extension 'python_setup_py'
[4.338s] Level 1:colcon.colcon_core.package_identification:_identify(src/odrive_ros2_control) by extensions ['ignore', 'ignore_ament_install']
[4.338s] Level 1:colcon.colcon_core.package_identification:_identify(src/odrive_ros2_control) by extension 'ignore'
[4.338s] Level 1:colcon.colcon_core.package_identification:_identify(src/odrive_ros2_control) by extension 'ignore_ament_install'
[4.339s] Level 1:colcon.colcon_core.package_identification:_identify(src/odrive_ros2_control) by extensions ['colcon_pkg']
[4.339s] Level 1:colcon.colcon_core.package_identification:_identify(src/odrive_ros2_control) by extension 'colcon_pkg'
[4.339s] Level 1:colcon.colcon_core.package_identification:_identify(src/odrive_ros2_control) by extensions ['colcon_meta']
[4.339s] Level 1:colcon.colcon_core.package_identification:_identify(src/odrive_ros2_control) by extension 'colcon_meta'
[4.339s] Level 1:colcon.colcon_core.package_identification:_identify(src/odrive_ros2_control) by extensions ['ros']
[4.339s] Level 1:colcon.colcon_core.package_identification:_identify(src/odrive_ros2_control) by extension 'ros'
[4.340s] Level 1:colcon.colcon_core.package_identification:_identify(src/odrive_ros2_control) by extensions ['cmake', 'python']
[4.340s] Level 1:colcon.colcon_core.package_identification:_identify(src/odrive_ros2_control) by extension 'cmake'
[4.340s] Level 1:colcon.colcon_core.package_identification:_identify(src/odrive_ros2_control) by extension 'python'
[4.340s] Level 1:colcon.colcon_core.package_identification:_identify(src/odrive_ros2_control) by extensions ['python_setup_py']
[4.340s] Level 1:colcon.colcon_core.package_identification:_identify(src/odrive_ros2_control) by extension 'python_setup_py'
[4.341s] Level 1:colcon.colcon_core.package_identification:_identify(src/odrive_ros2_control/odrive_demo_bringup) by extensions ['ignore', 'ignore_ament_install']
[4.341s] Level 1:colcon.colcon_core.package_identification:_identify(src/odrive_ros2_control/odrive_demo_bringup) by extension 'ignore'
[4.342s] Level 1:colcon.colcon_core.package_identification:_identify(src/odrive_ros2_control/odrive_demo_bringup) by extension 'ignore_ament_install'
[4.342s] Level 1:colcon.colcon_core.package_identification:_identify(src/odrive_ros2_control/odrive_demo_bringup) by extensions ['colcon_pkg']
[4.342s] Level 1:colcon.colcon_core.package_identification:_identify(src/odrive_ros2_control/odrive_demo_bringup) by extension 'colcon_pkg'
[4.342s] Level 1:colcon.colcon_core.package_identification:_identify(src/odrive_ros2_control/odrive_demo_bringup) by extensions ['colcon_meta']
[4.342s] Level 1:colcon.colcon_core.package_identification:_identify(src/odrive_ros2_control/odrive_demo_bringup) by extension 'colcon_meta'
[4.343s] Level 1:colcon.colcon_core.package_identification:_identify(src/odrive_ros2_control/odrive_demo_bringup) by extensions ['ros']
[4.343s] Level 1:colcon.colcon_core.package_identification:_identify(src/odrive_ros2_control/odrive_demo_bringup) by extension 'ros'
[4.351s] DEBUG:colcon.colcon_core.package_identification:Package 'src/odrive_ros2_control/odrive_demo_bringup' with type 'ros.ament_cmake' and name 'odrive_demo_bringup'
[4.352s] Level 1:colcon.colcon_core.package_identification:_identify(src/odrive_ros2_control/odrive_demo_description) by extensions ['ignore', 'ignore_ament_install']
[4.352s] Level 1:colcon.colcon_core.package_identification:_identify(src/odrive_ros2_control/odrive_demo_description) by extension 'ignore'
[4.353s] Level 1:colcon.colcon_core.package_identification:_identify(src/odrive_ros2_control/odrive_demo_description) by extension 'ignore_ament_install'
[4.353s] Level 1:colcon.colcon_core.package_identification:_identify(src/odrive_ros2_control/odrive_demo_description) by extensions ['colcon_pkg']
[4.353s] Level 1:colcon.colcon_core.package_identification:_identify(src/odrive_ros2_control/odrive_demo_description) by extension 'colcon_pkg'
[4.353s] Level 1:colcon.colcon_core.package_identification:_identify(src/odrive_ros2_control/odrive_demo_description) by extensions ['colcon_meta']
[4.353s] Level 1:colcon.colcon_core.package_identification:_identify(src/odrive_ros2_control/odrive_demo_description) by extension 'colcon_meta'
[4.354s] Level 1:colcon.colcon_core.package_identification:_identify(src/odrive_ros2_control/odrive_demo_description) by extensions ['ros']
[4.354s] Level 1:colcon.colcon_core.package_identification:_identify(src/odrive_ros2_control/odrive_demo_description) by extension 'ros'
[4.355s] DEBUG:colcon.colcon_core.package_identification:Package 'src/odrive_ros2_control/odrive_demo_description' with type 'ros.ament_cmake' and name 'odrive_demo_description'
[4.356s] Level 1:colcon.colcon_core.package_identification:_identify(src/odrive_ros2_control/odrive_hardware_interface) by extensions ['ignore', 'ignore_ament_install']
[4.357s] Level 1:colcon.colcon_core.package_identification:_identify(src/odrive_ros2_control/odrive_hardware_interface) by extension 'ignore'
[4.357s] Level 1:colcon.colcon_core.package_identification:_identify(src/odrive_ros2_control/odrive_hardware_interface) by extension 'ignore_ament_install'
[4.357s] Level 1:colcon.colcon_core.package_identification:_identify(src/odrive_ros2_control/odrive_hardware_interface) by extensions ['colcon_pkg']
[4.357s] Level 1:colcon.colcon_core.package_identification:_identify(src/odrive_ros2_control/odrive_hardware_interface) by extension 'colcon_pkg'
[4.357s] Level 1:colcon.colcon_core.package_identification:_identify(src/odrive_ros2_control/odrive_hardware_interface) by extensions ['colcon_meta']
[4.358s] Level 1:colcon.colcon_core.package_identification:_identify(src/odrive_ros2_control/odrive_hardware_interface) by extension 'colcon_meta'
[4.358s] Level 1:colcon.colcon_core.package_identification:_identify(src/odrive_ros2_control/odrive_hardware_interface) by extensions ['ros']
[4.358s] Level 1:colcon.colcon_core.package_identification:_identify(src/odrive_ros2_control/odrive_hardware_interface) by extension 'ros'
[4.361s] DEBUG:colcon.colcon_core.package_identification:Package 'src/odrive_ros2_control/odrive_hardware_interface' with type 'ros.ament_cmake' and name 'odrive_hardware_interface'
[4.361s] Level 1:colcon.colcon_core.package_identification:_identify(src/odrive_ros2_control/odrive_ros2_control) by extensions ['ignore', 'ignore_ament_install']
[4.362s] Level 1:colcon.colcon_core.package_identification:_identify(src/odrive_ros2_control/odrive_ros2_control) by extension 'ignore'
[4.362s] Level 1:colcon.colcon_core.package_identification:_identify(src/odrive_ros2_control/odrive_ros2_control) by extension 'ignore_ament_install'
[4.362s] Level 1:colcon.colcon_core.package_identification:_identify(src/odrive_ros2_control/odrive_ros2_control) by extensions ['colcon_pkg']
[4.362s] Level 1:colcon.colcon_core.package_identification:_identify(src/odrive_ros2_control/odrive_ros2_control) by extension 'colcon_pkg'
[4.363s] Level 1:colcon.colcon_core.package_identification:_identify(src/odrive_ros2_control/odrive_ros2_control) by extensions ['colcon_meta']
[4.363s] Level 1:colcon.colcon_core.package_identification:_identify(src/odrive_ros2_control/odrive_ros2_control) by extension 'colcon_meta'
[4.363s] Level 1:colcon.colcon_core.package_identification:_identify(src/odrive_ros2_control/odrive_ros2_control) by extensions ['ros']
[4.363s] Level 1:colcon.colcon_core.package_identification:_identify(src/odrive_ros2_control/odrive_ros2_control) by extension 'ros'
[4.365s] DEBUG:colcon.colcon_core.package_identification:Package 'src/odrive_ros2_control/odrive_ros2_control' with type 'ros.ament_cmake' and name 'odrive_ros2_control'
[4.366s] Level 1:colcon.colcon_core.package_identification:_identify(src/r6) by extensions ['ignore', 'ignore_ament_install']
[4.366s] Level 1:colcon.colcon_core.package_identification:_identify(src/r6) by extension 'ignore'
[4.366s] Level 1:colcon.colcon_core.package_identification:_identify(src/r6) by extension 'ignore_ament_install'
[4.366s] Level 1:colcon.colcon_core.package_identification:_identify(src/r6) by extensions ['colcon_pkg']
[4.367s] Level 1:colcon.colcon_core.package_identification:_identify(src/r6) by extension 'colcon_pkg'
[4.367s] Level 1:colcon.colcon_core.package_identification:_identify(src/r6) by extensions ['colcon_meta']
[4.367s] Level 1:colcon.colcon_core.package_identification:_identify(src/r6) by extension 'colcon_meta'
[4.367s] Level 1:colcon.colcon_core.package_identification:_identify(src/r6) by extensions ['ros']
[4.367s] Level 1:colcon.colcon_core.package_identification:_identify(src/r6) by extension 'ros'
[4.369s] DEBUG:colcon.colcon_core.package_identification:Package 'src/r6' with type 'ros.ament_cmake' and name 'r6'
[4.369s] Level 1:colcon.colcon_core.package_discovery:discover_packages(recursive) using defaults
[4.369s] Level 1:colcon.colcon_core.package_discovery:discover_packages(ignore) discover
[4.370s] Level 1:colcon.colcon_core.package_discovery:discover_packages(ignore) using defaults
[4.370s] Level 1:colcon.colcon_core.package_discovery:discover_packages(path) discover
[4.370s] Level 1:colcon.colcon_core.package_discovery:discover_packages(path) using defaults
[4.732s] Level 1:colcon.colcon_core.package_discovery:discover_packages(prefix_path) check parameters
[4.733s] Level 1:colcon.colcon_core.package_discovery:discover_packages(prefix_path) discover
[4.856s] DEBUG:colcon.colcon_installed_package_information.package_discovery:Found 6 installed packages in /home/iris/RVI/install
[4.930s] DEBUG:colcon.colcon_installed_package_information.package_discovery:Found 240 installed packages in /opt/ros/humble
[4.936s] Level 1:colcon.colcon_core.package_discovery:discover_packages(prefix_path) using defaults
[5.266s] Level 5:colcon.colcon_core.verb:set package 'odrive_demo_description' build argument 'cmake_args' from command line to 'None'
[5.267s] Level 5:colcon.colcon_core.verb:set package 'odrive_demo_description' build argument 'cmake_target' from command line to 'None'
[5.267s] Level 5:colcon.colcon_core.verb:set package 'odrive_demo_description' build argument 'cmake_target_skip_unavailable' from command line to 'False'
[5.267s] Level 5:colcon.colcon_core.verb:set package 'odrive_demo_description' build argument 'cmake_clean_cache' from command line to 'False'
[5.267s] Level 5:colcon.colcon_core.verb:set package 'odrive_demo_description' build argument 'cmake_clean_first' from command line to 'False'
[5.267s] Level 5:colcon.colcon_core.verb:set package 'odrive_demo_description' build argument 'cmake_force_configure' from command line to 'False'
[5.267s] Level 5:colcon.colcon_core.verb:set package 'odrive_demo_description' build argument 'ament_cmake_args' from command line to 'None'
[5.267s] Level 5:colcon.colcon_core.verb:set package 'odrive_demo_description' build argument 'catkin_cmake_args' from command line to 'None'
[5.267s] Level 5:colcon.colcon_core.verb:set package 'odrive_demo_description' build argument 'catkin_skip_building_tests' from command line to 'False'
[5.268s] DEBUG:colcon.colcon_core.verb:Building package 'odrive_demo_description' with the following arguments: {'ament_cmake_args': None, 'build_base': '/home/iris/RVI/build/odrive_demo_description', 'catkin_cmake_args': None, 'catkin_skip_building_tests': False, 'cmake_args': None, 'cmake_clean_cache': False, 'cmake_clean_first': False, 'cmake_force_configure': False, 'cmake_target': None, 'cmake_target_skip_unavailable': False, 'install_base': '/home/iris/RVI/install/odrive_demo_description', 'merge_install': False, 'path': '/home/iris/RVI/src/odrive_ros2_control/odrive_demo_description', 'symlink_install': True, 'test_result_base': None}
[5.325s] Level 5:colcon.colcon_core.verb:set package 'odrive_hardware_interface' build argument 'cmake_args' from command line to 'None'
[5.326s] Level 5:colcon.colcon_core.verb:set package 'odrive_hardware_interface' build argument 'cmake_target' from command line to 'None'
[5.326s] Level 5:colcon.colcon_core.verb:set package 'odrive_hardware_interface' build argument 'cmake_target_skip_unavailable' from command line to 'False'
[5.326s] Level 5:colcon.colcon_core.verb:set package 'odrive_hardware_interface' build argument 'cmake_clean_cache' from command line to 'False'
[5.326s] Level 5:colcon.colcon_core.verb:set package 'odrive_hardware_interface' build argument 'cmake_clean_first' from command line to 'False'
[5.326s] Level 5:colcon.colcon_core.verb:set package 'odrive_hardware_interface' build argument 'cmake_force_configure' from command line to 'False'
[5.326s] Level 5:colcon.colcon_core.verb:set package 'odrive_hardware_interface' build argument 'ament_cmake_args' from command line to 'None'
[5.326s] Level 5:colcon.colcon_core.verb:set package 'odrive_hardware_interface' build argument 'catkin_cmake_args' from command line to 'None'
[5.326s] Level 5:colcon.colcon_core.verb:set package 'odrive_hardware_interface' build argument 'catkin_skip_building_tests' from command line to 'False'
[5.327s] DEBUG:colcon.colcon_core.verb:Building package 'odrive_hardware_interface' with the following arguments: {'ament_cmake_args': None, 'build_base': '/home/iris/RVI/build/odrive_hardware_interface', 'catkin_cmake_args': None, 'catkin_skip_building_tests': False, 'cmake_args': None, 'cmake_clean_cache': False, 'cmake_clean_first': False, 'cmake_force_configure': False, 'cmake_target': None, 'cmake_target_skip_unavailable': False, 'install_base': '/home/iris/RVI/install/odrive_hardware_interface', 'merge_install': False, 'path': '/home/iris/RVI/src/odrive_ros2_control/odrive_hardware_interface', 'symlink_install': True, 'test_result_base': None}
[5.384s] Level 5:colcon.colcon_core.verb:set package 'r6' build argument 'cmake_args' from command line to 'None'
[5.385s] Level 5:colcon.colcon_core.verb:set package 'r6' build argument 'cmake_target' from command line to 'None'
[5.385s] Level 5:colcon.colcon_core.verb:set package 'r6' build argument 'cmake_target_skip_unavailable' from command line to 'False'
[5.385s] Level 5:colcon.colcon_core.verb:set package 'r6' build argument 'cmake_clean_cache' from command line to 'False'
[5.385s] Level 5:colcon.colcon_core.verb:set package 'r6' build argument 'cmake_clean_first' from command line to 'False'
[5.385s] Level 5:colcon.colcon_core.verb:set package 'r6' build argument 'cmake_force_configure' from command line to 'False'
[5.385s] Level 5:colcon.colcon_core.verb:set package 'r6' build argument 'ament_cmake_args' from command line to 'None'
[5.385s] Level 5:colcon.colcon_core.verb:set package 'r6' build argument 'catkin_cmake_args' from command line to 'None'
[5.385s] Level 5:colcon.colcon_core.verb:set package 'r6' build argument 'catkin_skip_building_tests' from command line to 'False'
[5.386s] DEBUG:colcon.colcon_core.verb:Building package 'r6' with the following arguments: {'ament_cmake_args': None, 'build_base': '/home/iris/RVI/build/r6', 'catkin_cmake_args': None, 'catkin_skip_building_tests': False, 'cmake_args': None, 'cmake_clean_cache': False, 'cmake_clean_first': False, 'cmake_force_configure': False, 'cmake_target': None, 'cmake_target_skip_unavailable': False, 'install_base': '/home/iris/RVI/install/r6', 'merge_install': False, 'path': '/home/iris/RVI/src/r6', 'symlink_install': True, 'test_result_base': None}
[5.446s] Level 5:colcon.colcon_core.verb:set package 'odrive_demo_bringup' build argument 'cmake_args' from command line to 'None'
[5.446s] Level 5:colcon.colcon_core.verb:set package 'odrive_demo_bringup' build argument 'cmake_target' from command line to 'None'
[5.446s] Level 5:colcon.colcon_core.verb:set package 'odrive_demo_bringup' build argument 'cmake_target_skip_unavailable' from command line to 'False'
[5.446s] Level 5:colcon.colcon_core.verb:set package 'odrive_demo_bringup' build argument 'cmake_clean_cache' from command line to 'False'
[5.446s] Level 5:colcon.colcon_core.verb:set package 'odrive_demo_bringup' build argument 'cmake_clean_first' from command line to 'False'
[5.446s] Level 5:colcon.colcon_core.verb:set package 'odrive_demo_bringup' build argument 'cmake_force_configure' from command line to 'False'
[5.446s] Level 5:colcon.colcon_core.verb:set package 'odrive_demo_bringup' build argument 'ament_cmake_args' from command line to 'None'
[5.446s] Level 5:colcon.colcon_core.verb:set package 'odrive_demo_bringup' build argument 'catkin_cmake_args' from command line to 'None'
[5.447s] Level 5:colcon.colcon_core.verb:set package 'odrive_demo_bringup' build argument 'catkin_skip_building_tests' from command line to 'False'
[5.447s] DEBUG:colcon.colcon_core.verb:Building package 'odrive_demo_bringup' with the following arguments: {'ament_cmake_args': None, 'build_base': '/home/iris/RVI/build/odrive_demo_bringup', 'catkin_cmake_args': None, 'catkin_skip_building_tests': False, 'cmake_args': None, 'cmake_clean_cache': False, 'cmake_clean_first': False, 'cmake_force_configure': False, 'cmake_target': None, 'cmake_target_skip_unavailable': False, 'install_base': '/home/iris/RVI/install/odrive_demo_bringup', 'merge_install': False, 'path': '/home/iris/RVI/src/odrive_ros2_control/odrive_demo_bringup', 'symlink_install': True, 'test_result_base': None}
[5.505s] Level 5:colcon.colcon_core.verb:set package 'odrive_ros2_control' build argument 'cmake_args' from command line to 'None'
[5.505s] Level 5:colcon.colcon_core.verb:set package 'odrive_ros2_control' build argument 'cmake_target' from command line to 'None'
[5.505s] Level 5:colcon.colcon_core.verb:set package 'odrive_ros2_control' build argument 'cmake_target_skip_unavailable' from command line to 'False'
[5.506s] Level 5:colcon.colcon_core.verb:set package 'odrive_ros2_control' build argument 'cmake_clean_cache' from command line to 'False'
[5.506s] Level 5:colcon.colcon_core.verb:set package 'odrive_ros2_control' build argument 'cmake_clean_first' from command line to 'False'
[5.506s] Level 5:colcon.colcon_core.verb:set package 'odrive_ros2_control' build argument 'cmake_force_configure' from command line to 'False'
[5.506s] Level 5:colcon.colcon_core.verb:set package 'odrive_ros2_control' build argument 'ament_cmake_args' from command line to 'None'
[5.506s] Level 5:colcon.colcon_core.verb:set package 'odrive_ros2_control' build argument 'catkin_cmake_args' from command line to 'None'
[5.506s] Level 5:colcon.colcon_core.verb:set package 'odrive_ros2_control' build argument 'catkin_skip_building_tests' from command line to 'False'
[5.506s] DEBUG:colcon.colcon_core.verb:Building package 'odrive_ros2_control' with the following arguments: {'ament_cmake_args': None, 'build_base': '/home/iris/RVI/build/odrive_ros2_control', 'catkin_cmake_args': None, 'catkin_skip_building_tests': False, 'cmake_args': None, 'cmake_clean_cache': False, 'cmake_clean_first': False, 'cmake_force_configure': False, 'cmake_target': None, 'cmake_target_skip_unavailable': False, 'install_base': '/home/iris/RVI/install/odrive_ros2_control', 'merge_install': False, 'path': '/home/iris/RVI/src/odrive_ros2_control/odrive_ros2_control', 'symlink_install': True, 'test_result_base': None}
[5.565s] INFO:colcon.colcon_core.executor:Executing jobs using 'parallel' executor
[5.625s] DEBUG:colcon.colcon_parallel_executor.executor.parallel:run_until_complete
[5.626s] INFO:colcon.colcon_ros.task.ament_cmake.build:Building ROS package in '/home/iris/RVI/src/odrive_ros2_control/odrive_demo_description' with build type 'ament_cmake'
[5.627s] INFO:colcon.colcon_cmake.task.cmake.build:Building CMake package in '/home/iris/RVI/src/odrive_ros2_control/odrive_demo_description'
[5.696s] INFO:colcon.colcon_core.plugin_system:Skipping extension 'colcon_core.shell.bat': Not used on non-Windows systems
[5.697s] INFO:colcon.colcon_core.shell:Skip shell extension 'powershell' for command environment: Not usable outside of PowerShell
[5.698s] DEBUG:colcon.colcon_core.shell:Skip shell extension 'dsv' for command environment
[5.896s] INFO:colcon.colcon_ros.task.ament_cmake.build:Building ROS package in '/home/iris/RVI/src/odrive_ros2_control/odrive_hardware_interface' with build type 'ament_cmake'
[5.897s] INFO:colcon.colcon_cmake.task.cmake.build:Building CMake package in '/home/iris/RVI/src/odrive_ros2_control/odrive_hardware_interface'
[5.961s] INFO:colcon.colcon_core.shell:Skip shell extension 'powershell' for command environment: Not usable outside of PowerShell
[5.961s] DEBUG:colcon.colcon_core.shell:Skip shell extension 'dsv' for command environment
[6.157s] INFO:colcon.colcon_ros.task.ament_cmake.build:Building ROS package in '/home/iris/RVI/src/r6' with build type 'ament_cmake'
[6.157s] INFO:colcon.colcon_cmake.task.cmake.build:Building CMake package in '/home/iris/RVI/src/r6'
[6.219s] INFO:colcon.colcon_core.shell:Skip shell extension 'powershell' for command environment: Not usable outside of PowerShell
[6.219s] DEBUG:colcon.colcon_core.shell:Skip shell extension 'dsv' for command environment
[6.445s] DEBUG:colcon.colcon_core.event_handler.log_command:Invoking command in '/home/iris/RVI/build/odrive_demo_description': CMAKE_PREFIX_PATH=${CMAKE_PREFIX_PATH}:/opt/ros/humble /usr/bin/cmake --build /home/iris/RVI/build/odrive_demo_description -- -j4 -l4
[6.465s] DEBUG:colcon.colcon_core.event_handler.log_command:Invoking command in '/home/iris/RVI/build/odrive_hardware_interface': CMAKE_PREFIX_PATH=${CMAKE_PREFIX_PATH}:/opt/ros/humble /usr/bin/cmake --build /home/iris/RVI/build/odrive_hardware_interface -- -j4 -l4
[6.488s] DEBUG:colcon.colcon_core.event_handler.log_command:Invoking command in '/home/iris/RVI/build/r6': CMAKE_PREFIX_PATH=${CMAKE_PREFIX_PATH}:/opt/ros/humble /usr/bin/cmake --build /home/iris/RVI/build/r6 -- -j4 -l4
[6.602s] DEBUG:colcon.colcon_core.event_handler.log_command:Invoked command in '/home/iris/RVI/build/odrive_demo_description' returned '0': CMAKE_PREFIX_PATH=${CMAKE_PREFIX_PATH}:/opt/ros/humble /usr/bin/cmake --build /home/iris/RVI/build/odrive_demo_description -- -j4 -l4
[6.642s] DEBUG:colcon.colcon_core.event_handler.log_command:Invoked command in '/home/iris/RVI/build/r6' returned '0': CMAKE_PREFIX_PATH=${CMAKE_PREFIX_PATH}:/opt/ros/humble /usr/bin/cmake --build /home/iris/RVI/build/r6 -- -j4 -l4
[6.759s] DEBUG:colcon.colcon_core.event_handler.log_command:Invoking command in '/home/iris/RVI/build/odrive_demo_description': CMAKE_PREFIX_PATH=${CMAKE_PREFIX_PATH}:/opt/ros/humble /usr/bin/cmake --install /home/iris/RVI/build/odrive_demo_description
[6.775s] DEBUG:colcon.colcon_core.event_handler.log_command:Invoking command in '/home/iris/RVI/build/r6': CMAKE_PREFIX_PATH=${CMAKE_PREFIX_PATH}:/opt/ros/humble /usr/bin/cmake --install /home/iris/RVI/build/r6
[6.879s] Level 1:colcon.colcon_core.environment:create_environment_scripts_only(odrive_demo_description)
[6.891s] DEBUG:colcon.colcon_core.event_handler.log_command:Invoked command in '/home/iris/RVI/build/odrive_demo_description' returned '0': CMAKE_PREFIX_PATH=${CMAKE_PREFIX_PATH}:/opt/ros/humble /usr/bin/cmake --install /home/iris/RVI/build/odrive_demo_description
[6.972s] Level 1:colcon.colcon_core.environment:checking '/home/iris/RVI/install/odrive_demo_description' for CMake module files
[6.974s] Level 1:colcon.colcon_core.environment:checking '/home/iris/RVI/install/odrive_demo_description' for CMake config files
[6.977s] Level 1:colcon.colcon_core.shell:create_environment_hook('odrive_demo_description', 'cmake_prefix_path')
[7.036s] INFO:colcon.colcon_core.shell:Creating environment hook '/home/iris/RVI/install/odrive_demo_description/share/odrive_demo_description/hook/cmake_prefix_path.ps1'
[7.039s] INFO:colcon.colcon_core.shell:Creating environment descriptor '/home/iris/RVI/install/odrive_demo_description/share/odrive_demo_description/hook/cmake_prefix_path.dsv'
[7.041s] INFO:colcon.colcon_core.shell:Creating environment hook '/home/iris/RVI/install/odrive_demo_description/share/odrive_demo_description/hook/cmake_prefix_path.sh'
[7.045s] Level 1:colcon.colcon_core.environment:checking '/home/iris/RVI/install/odrive_demo_description/bin'
[7.045s] Level 1:colcon.colcon_core.environment:checking '/home/iris/RVI/install/odrive_demo_description/lib/pkgconfig/odrive_demo_description.pc'
[7.046s] Level 1:colcon.colcon_core.environment:checking '/home/iris/RVI/install/odrive_demo_description/lib/python3.10/site-packages'
[7.047s] Level 1:colcon.colcon_core.environment:checking '/home/iris/RVI/install/odrive_demo_description/bin'
[7.106s] INFO:colcon.colcon_core.shell:Creating package script '/home/iris/RVI/install/odrive_demo_description/share/odrive_demo_description/package.ps1'
[7.110s] INFO:colcon.colcon_core.shell:Creating package descriptor '/home/iris/RVI/install/odrive_demo_description/share/odrive_demo_description/package.dsv'
[7.112s] INFO:colcon.colcon_core.shell:Creating package script '/home/iris/RVI/install/odrive_demo_description/share/odrive_demo_description/package.sh'
[7.115s] INFO:colcon.colcon_core.shell:Creating package script '/home/iris/RVI/install/odrive_demo_description/share/odrive_demo_description/package.bash'
[7.119s] INFO:colcon.colcon_core.shell:Creating package script '/home/iris/RVI/install/odrive_demo_description/share/odrive_demo_description/package.zsh'
[7.122s] Level 1:colcon.colcon_core.environment:create_file_with_runtime_dependencies(/home/iris/RVI/install/odrive_demo_description/share/colcon-core/packages/odrive_demo_description)
[7.131s] DEBUG:colcon.colcon_core.event_handler.log_command:Invoked command in '/home/iris/RVI/build/odrive_hardware_interface' returned '0': CMAKE_PREFIX_PATH=${CMAKE_PREFIX_PATH}:/opt/ros/humble /usr/bin/cmake --build /home/iris/RVI/build/odrive_hardware_interface -- -j4 -l4
[7.137s] Level 1:colcon.colcon_core.environment:create_environment_scripts_only(r6)
[7.139s] DEBUG:colcon.colcon_core.event_handler.log_command:Invoked command in '/home/iris/RVI/build/r6' returned '0': CMAKE_PREFIX_PATH=${CMAKE_PREFIX_PATH}:/opt/ros/humble /usr/bin/cmake --install /home/iris/RVI/build/r6
[7.234s] Level 1:colcon.colcon_core.environment:checking '/home/iris/RVI/install/r6' for CMake module files
[7.238s] Level 1:colcon.colcon_core.environment:checking '/home/iris/RVI/install/r6' for CMake config files
[7.241s] Level 1:colcon.colcon_core.shell:create_environment_hook('r6', 'cmake_prefix_path')
[7.316s] INFO:colcon.colcon_core.shell:Creating environment hook '/home/iris/RVI/install/r6/share/r6/hook/cmake_prefix_path.ps1'
[7.318s] INFO:colcon.colcon_core.shell:Creating environment descriptor '/home/iris/RVI/install/r6/share/r6/hook/cmake_prefix_path.dsv'
[7.319s] INFO:colcon.colcon_core.shell:Creating environment hook '/home/iris/RVI/install/r6/share/r6/hook/cmake_prefix_path.sh'
[7.322s] Level 1:colcon.colcon_core.environment:checking '/home/iris/RVI/install/r6/bin'
[7.322s] Level 1:colcon.colcon_core.environment:checking '/home/iris/RVI/install/r6/lib/pkgconfig/r6.pc'
[7.323s] Level 1:colcon.colcon_core.environment:checking '/home/iris/RVI/install/r6/lib/python3.10/site-packages'
[7.324s] Level 1:colcon.colcon_core.environment:checking '/home/iris/RVI/install/r6/bin'
[7.384s] INFO:colcon.colcon_core.shell:Creating package script '/home/iris/RVI/install/r6/share/r6/package.ps1'
[7.387s] INFO:colcon.colcon_core.shell:Creating package descriptor '/home/iris/RVI/install/r6/share/r6/package.dsv'
[7.388s] INFO:colcon.colcon_core.shell:Creating package script '/home/iris/RVI/install/r6/share/r6/package.sh'
[7.390s] INFO:colcon.colcon_core.shell:Creating package script '/home/iris/RVI/install/r6/share/r6/package.bash'
[7.392s] INFO:colcon.colcon_core.shell:Creating package script '/home/iris/RVI/install/r6/share/r6/package.zsh'
[7.394s] Level 1:colcon.colcon_core.environment:create_file_with_runtime_dependencies(/home/iris/RVI/install/r6/share/colcon-core/packages/r6)
[7.478s] Level 1:colcon.colcon_core.environment:create_environment_scripts_only(odrive_demo_description)
[7.540s] Level 1:colcon.colcon_core.environment:checking '/home/iris/RVI/install/odrive_demo_description' for CMake module files
[7.543s] Level 1:colcon.colcon_core.environment:checking '/home/iris/RVI/install/odrive_demo_description' for CMake config files
[7.546s] Level 1:colcon.colcon_core.shell:create_environment_hook('odrive_demo_description', 'cmake_prefix_path')
[7.643s] INFO:colcon.colcon_core.shell:Creating environment hook '/home/iris/RVI/install/odrive_demo_description/share/odrive_demo_description/hook/cmake_prefix_path.ps1'
[7.645s] INFO:colcon.colcon_core.shell:Creating environment descriptor '/home/iris/RVI/install/odrive_demo_description/share/odrive_demo_description/hook/cmake_prefix_path.dsv'
[7.647s] INFO:colcon.colcon_core.shell:Creating environment hook '/home/iris/RVI/install/odrive_demo_description/share/odrive_demo_description/hook/cmake_prefix_path.sh'
[7.650s] Level 1:colcon.colcon_core.environment:checking '/home/iris/RVI/install/odrive_demo_description/bin'
[7.650s] Level 1:colcon.colcon_core.environment:checking '/home/iris/RVI/install/odrive_demo_description/lib/pkgconfig/odrive_demo_description.pc'
[7.652s] Level 1:colcon.colcon_core.environment:checking '/home/iris/RVI/install/odrive_demo_description/lib/python3.10/site-packages'
[7.653s] Level 1:colcon.colcon_core.environment:checking '/home/iris/RVI/install/odrive_demo_description/bin'
[7.712s] INFO:colcon.colcon_core.shell:Creating package script '/home/iris/RVI/install/odrive_demo_description/share/odrive_demo_description/package.ps1'
[7.714s] INFO:colcon.colcon_core.shell:Creating package descriptor '/home/iris/RVI/install/odrive_demo_description/share/odrive_demo_description/package.dsv'
[7.717s] INFO:colcon.colcon_core.shell:Creating package script '/home/iris/RVI/install/odrive_demo_description/share/odrive_demo_description/package.sh'
[7.719s] INFO:colcon.colcon_core.shell:Creating package script '/home/iris/RVI/install/odrive_demo_description/share/odrive_demo_description/package.bash'
[7.721s] INFO:colcon.colcon_core.shell:Creating package script '/home/iris/RVI/install/odrive_demo_description/share/odrive_demo_description/package.zsh'
[7.723s] Level 1:colcon.colcon_core.environment:create_file_with_runtime_dependencies(/home/iris/RVI/install/odrive_demo_description/share/colcon-core/packages/odrive_demo_description)
[7.735s] INFO:colcon.colcon_ros.task.ament_cmake.build:Building ROS package in '/home/iris/RVI/src/odrive_ros2_control/odrive_demo_bringup' with build type 'ament_cmake'
[7.736s] DEBUG:colcon.colcon_core.event_handler.log_command:Invoking command in '/home/iris/RVI/build/odrive_hardware_interface': CMAKE_PREFIX_PATH=${CMAKE_PREFIX_PATH}:/opt/ros/humble /usr/bin/cmake --install /home/iris/RVI/build/odrive_hardware_interface
[7.736s] INFO:colcon.colcon_cmake.task.cmake.build:Building CMake package in '/home/iris/RVI/src/odrive_ros2_control/odrive_demo_bringup'
[7.822s] INFO:colcon.colcon_core.shell:Skip shell extension 'powershell' for command environment: Not usable outside of PowerShell
[7.823s] DEBUG:colcon.colcon_core.shell:Skip shell extension 'dsv' for command environment
[8.167s] Level 1:colcon.colcon_core.environment:create_environment_scripts_only(r6)
[8.242s] Level 1:colcon.colcon_core.environment:checking '/home/iris/RVI/install/r6' for CMake module files
[8.245s] Level 1:colcon.colcon_core.environment:checking '/home/iris/RVI/install/r6' for CMake config files
[8.248s] Level 1:colcon.colcon_core.shell:create_environment_hook('r6', 'cmake_prefix_path')
[8.332s] INFO:colcon.colcon_core.shell:Creating environment hook '/home/iris/RVI/install/r6/share/r6/hook/cmake_prefix_path.ps1'
[8.334s] INFO:colcon.colcon_core.shell:Creating environment descriptor '/home/iris/RVI/install/r6/share/r6/hook/cmake_prefix_path.dsv'
[8.335s] INFO:colcon.colcon_core.shell:Creating environment hook '/home/iris/RVI/install/r6/share/r6/hook/cmake_prefix_path.sh'
[8.338s] Level 1:colcon.colcon_core.environment:checking '/home/iris/RVI/install/r6/bin'
[8.338s] Level 1:colcon.colcon_core.environment:checking '/home/iris/RVI/install/r6/lib/pkgconfig/r6.pc'
[8.339s] Level 1:colcon.colcon_core.environment:checking '/home/iris/RVI/install/r6/lib/python3.10/site-packages'
[8.340s] Level 1:colcon.colcon_core.environment:checking '/home/iris/RVI/install/r6/bin'
[8.410s] INFO:colcon.colcon_core.shell:Creating package script '/home/iris/RVI/install/r6/share/r6/package.ps1'
[8.412s] INFO:colcon.colcon_core.shell:Creating package descriptor '/home/iris/RVI/install/r6/share/r6/package.dsv'
[8.414s] INFO:colcon.colcon_core.shell:Creating package script '/home/iris/RVI/install/r6/share/r6/package.sh'
[8.417s] INFO:colcon.colcon_core.shell:Creating package script '/home/iris/RVI/install/r6/share/r6/package.bash'
[8.419s] INFO:colcon.colcon_core.shell:Creating package script '/home/iris/RVI/install/r6/share/r6/package.zsh'
[8.420s] Level 1:colcon.colcon_core.environment:create_file_with_runtime_dependencies(/home/iris/RVI/install/r6/share/colcon-core/packages/r6)
[8.424s] Level 1:colcon.colcon_core.environment:create_environment_scripts_only(odrive_hardware_interface)
[8.428s] DEBUG:colcon.colcon_core.event_handler.log_command:Invoked command in '/home/iris/RVI/build/odrive_hardware_interface' returned '0': CMAKE_PREFIX_PATH=${CMAKE_PREFIX_PATH}:/opt/ros/humble /usr/bin/cmake --install /home/iris/RVI/build/odrive_hardware_interface
[8.497s] Level 1:colcon.colcon_core.environment:checking '/home/iris/RVI/install/odrive_hardware_interface' for CMake module files
[8.500s] Level 1:colcon.colcon_core.environment:checking '/home/iris/RVI/install/odrive_hardware_interface' for CMake config files
[8.503s] Level 1:colcon.colcon_core.shell:create_environment_hook('odrive_hardware_interface', 'cmake_prefix_path')
[8.570s] INFO:colcon.colcon_core.shell:Creating environment hook '/home/iris/RVI/install/odrive_hardware_interface/share/odrive_hardware_interface/hook/cmake_prefix_path.ps1'
[8.572s] INFO:colcon.colcon_core.shell:Creating environment descriptor '/home/iris/RVI/install/odrive_hardware_interface/share/odrive_hardware_interface/hook/cmake_prefix_path.dsv'
[8.574s] INFO:colcon.colcon_core.shell:Creating environment hook '/home/iris/RVI/install/odrive_hardware_interface/share/odrive_hardware_interface/hook/cmake_prefix_path.sh'
[8.577s] Level 1:colcon.colcon_core.environment:checking '/home/iris/RVI/install/odrive_hardware_interface/lib'
[8.578s] Level 1:colcon.colcon_core.shell:create_environment_hook('odrive_hardware_interface', 'ld_library_path_lib')
[8.658s] INFO:colcon.colcon_core.shell:Creating environment hook '/home/iris/RVI/install/odrive_hardware_interface/share/odrive_hardware_interface/hook/ld_library_path_lib.ps1'
[8.660s] INFO:colcon.colcon_core.shell:Creating environment descriptor '/home/iris/RVI/install/odrive_hardware_interface/share/odrive_hardware_interface/hook/ld_library_path_lib.dsv'
[8.662s] INFO:colcon.colcon_core.shell:Creating environment hook '/home/iris/RVI/install/odrive_hardware_interface/share/odrive_hardware_interface/hook/ld_library_path_lib.sh'
[8.664s] Level 1:colcon.colcon_core.environment:checking '/home/iris/RVI/install/odrive_hardware_interface/bin'
[8.665s] Level 1:colcon.colcon_core.environment:checking '/home/iris/RVI/install/odrive_hardware_interface/lib/pkgconfig/odrive_hardware_interface.pc'
[8.666s] Level 1:colcon.colcon_core.environment:checking '/home/iris/RVI/install/odrive_hardware_interface/lib/python3.10/site-packages'
[8.668s] Level 1:colcon.colcon_core.environment:checking '/home/iris/RVI/install/odrive_hardware_interface/bin'
[8.753s] INFO:colcon.colcon_core.shell:Creating package script '/home/iris/RVI/install/odrive_hardware_interface/share/odrive_hardware_interface/package.ps1'
[8.756s] INFO:colcon.colcon_core.shell:Creating package descriptor '/home/iris/RVI/install/odrive_hardware_interface/share/odrive_hardware_interface/package.dsv'
[8.759s] INFO:colcon.colcon_core.shell:Creating package script '/home/iris/RVI/install/odrive_hardware_interface/share/odrive_hardware_interface/package.sh'
[8.762s] INFO:colcon.colcon_core.shell:Creating package script '/home/iris/RVI/install/odrive_hardware_interface/share/odrive_hardware_interface/package.bash'
[8.764s] INFO:colcon.colcon_core.shell:Creating package script '/home/iris/RVI/install/odrive_hardware_interface/share/odrive_hardware_interface/package.zsh'
[8.766s] Level 1:colcon.colcon_core.environment:create_file_with_runtime_dependencies(/home/iris/RVI/install/odrive_hardware_interface/share/colcon-core/packages/odrive_hardware_interface)
[8.812s] DEBUG:colcon.colcon_core.event_handler.log_command:Invoking command in '/home/iris/RVI/build/odrive_demo_bringup': CMAKE_PREFIX_PATH=/home/iris/RVI/install/odrive_demo_description:/home/iris/RVI/install/r6:/home/iris/RVI/install/odrive_ros2_control:/home/iris/RVI/install/odrive_hardware_interface:/home/iris/RVI/install/odrive_demo_bringup:/home/iris/RVI/install/my_bot:/opt/ros/humble /usr/bin/cmake --build /home/iris/RVI/build/odrive_demo_bringup -- -j4 -l4
[8.984s] DEBUG:colcon.colcon_core.event_handler.log_command:Invoked command in '/home/iris/RVI/build/odrive_demo_bringup' returned '0': CMAKE_PREFIX_PATH=/home/iris/RVI/install/odrive_demo_description:/home/iris/RVI/install/r6:/home/iris/RVI/install/odrive_ros2_control:/home/iris/RVI/install/odrive_hardware_interface:/home/iris/RVI/install/odrive_demo_bringup:/home/iris/RVI/install/my_bot:/opt/ros/humble /usr/bin/cmake --build /home/iris/RVI/build/odrive_demo_bringup -- -j4 -l4
[9.098s] Level 1:colcon.colcon_core.environment:create_environment_scripts_only(odrive_hardware_interface)
[9.178s] Level 1:colcon.colcon_core.environment:checking '/home/iris/RVI/install/odrive_hardware_interface' for CMake module files
[9.181s] Level 1:colcon.colcon_core.environment:checking '/home/iris/RVI/install/odrive_hardware_interface' for CMake config files
[9.184s] Level 1:colcon.colcon_core.shell:create_environment_hook('odrive_hardware_interface', 'cmake_prefix_path')
[9.244s] INFO:colcon.colcon_core.shell:Creating environment hook '/home/iris/RVI/install/odrive_hardware_interface/share/odrive_hardware_interface/hook/cmake_prefix_path.ps1'
[9.246s] INFO:colcon.colcon_core.shell:Creating environment descriptor '/home/iris/RVI/install/odrive_hardware_interface/share/odrive_hardware_interface/hook/cmake_prefix_path.dsv'
[9.248s] INFO:colcon.colcon_core.shell:Creating environment hook '/home/iris/RVI/install/odrive_hardware_interface/share/odrive_hardware_interface/hook/cmake_prefix_path.sh'
[9.251s] Level 1:colcon.colcon_core.environment:checking '/home/iris/RVI/install/odrive_hardware_interface/lib'
[9.251s] Level 1:colcon.colcon_core.shell:create_environment_hook('odrive_hardware_interface', 'ld_library_path_lib')
[9.312s] INFO:colcon.colcon_core.shell:Creating environment hook '/home/iris/RVI/install/odrive_hardware_interface/share/odrive_hardware_interface/hook/ld_library_path_lib.ps1'
[9.314s] INFO:colcon.colcon_core.shell:Creating environment descriptor '/home/iris/RVI/install/odrive_hardware_interface/share/odrive_hardware_interface/hook/ld_library_path_lib.dsv'
[9.315s] INFO:colcon.colcon_core.shell:Creating environment hook '/home/iris/RVI/install/odrive_hardware_interface/share/odrive_hardware_interface/hook/ld_library_path_lib.sh'
[9.317s] Level 1:colcon.colcon_core.environment:checking '/home/iris/RVI/install/odrive_hardware_interface/bin'
[9.318s] Level 1:colcon.colcon_core.environment:checking '/home/iris/RVI/install/odrive_hardware_interface/lib/pkgconfig/odrive_hardware_interface.pc'
[9.319s] Level 1:colcon.colcon_core.environment:checking '/home/iris/RVI/install/odrive_hardware_interface/lib/python3.10/site-packages'
[9.320s] Level 1:colcon.colcon_core.environment:checking '/home/iris/RVI/install/odrive_hardware_interface/bin'
[9.381s] INFO:colcon.colcon_core.shell:Creating package script '/home/iris/RVI/install/odrive_hardware_interface/share/odrive_hardware_interface/package.ps1'
[9.383s] INFO:colcon.colcon_core.shell:Creating package descriptor '/home/iris/RVI/install/odrive_hardware_interface/share/odrive_hardware_interface/package.dsv'
[9.386s] INFO:colcon.colcon_core.shell:Creating package script '/home/iris/RVI/install/odrive_hardware_interface/share/odrive_hardware_interface/package.sh'
[9.388s] INFO:colcon.colcon_core.shell:Creating package script '/home/iris/RVI/install/odrive_hardware_interface/share/odrive_hardware_interface/package.bash'
[9.390s] INFO:colcon.colcon_core.shell:Creating package script '/home/iris/RVI/install/odrive_hardware_interface/share/odrive_hardware_interface/package.zsh'
[9.392s] Level 1:colcon.colcon_core.environment:create_file_with_runtime_dependencies(/home/iris/RVI/install/odrive_hardware_interface/share/colcon-core/packages/odrive_hardware_interface)
[9.405s] DEBUG:colcon.colcon_core.event_handler.log_command:Invoking command in '/home/iris/RVI/build/odrive_demo_bringup': CMAKE_PREFIX_PATH=/home/iris/RVI/install/odrive_demo_description:/home/iris/RVI/install/r6:/home/iris/RVI/install/odrive_ros2_control:/home/iris/RVI/install/odrive_hardware_interface:/home/iris/RVI/install/odrive_demo_bringup:/home/iris/RVI/install/my_bot:/opt/ros/humble /usr/bin/cmake --install /home/iris/RVI/build/odrive_demo_bringup
[9.487s] Level 1:colcon.colcon_core.environment:create_environment_scripts_only(odrive_demo_bringup)
[9.489s] DEBUG:colcon.colcon_core.event_handler.log_command:Invoked command in '/home/iris/RVI/build/odrive_demo_bringup' returned '0': CMAKE_PREFIX_PATH=/home/iris/RVI/install/odrive_demo_description:/home/iris/RVI/install/r6:/home/iris/RVI/install/odrive_ros2_control:/home/iris/RVI/install/odrive_hardware_interface:/home/iris/RVI/install/odrive_demo_bringup:/home/iris/RVI/install/my_bot:/opt/ros/humble /usr/bin/cmake --install /home/iris/RVI/build/odrive_demo_bringup
[9.550s] Level 1:colcon.colcon_core.environment:checking '/home/iris/RVI/install/odrive_demo_bringup' for CMake module files
[9.553s] Level 1:colcon.colcon_core.environment:checking '/home/iris/RVI/install/odrive_demo_bringup' for CMake config files
[9.556s] Level 1:colcon.colcon_core.shell:create_environment_hook('odrive_demo_bringup', 'cmake_prefix_path')
[9.616s] INFO:colcon.colcon_core.shell:Creating environment hook '/home/iris/RVI/install/odrive_demo_bringup/share/odrive_demo_bringup/hook/cmake_prefix_path.ps1'
[9.618s] INFO:colcon.colcon_core.shell:Creating environment descriptor '/home/iris/RVI/install/odrive_demo_bringup/share/odrive_demo_bringup/hook/cmake_prefix_path.dsv'
[9.620s] INFO:colcon.colcon_core.shell:Creating environment hook '/home/iris/RVI/install/odrive_demo_bringup/share/odrive_demo_bringup/hook/cmake_prefix_path.sh'
[9.623s] Level 1:colcon.colcon_core.environment:checking '/home/iris/RVI/install/odrive_demo_bringup/bin'
[9.623s] Level 1:colcon.colcon_core.environment:checking '/home/iris/RVI/install/odrive_demo_bringup/lib/pkgconfig/odrive_demo_bringup.pc'
[9.624s] Level 1:colcon.colcon_core.environment:checking '/home/iris/RVI/install/odrive_demo_bringup/lib/python3.10/site-packages'
[9.625s] Level 1:colcon.colcon_core.environment:checking '/home/iris/RVI/install/odrive_demo_bringup/bin'
[9.690s] INFO:colcon.colcon_core.shell:Creating package script '/home/iris/RVI/install/odrive_demo_bringup/share/odrive_demo_bringup/package.ps1'
[9.692s] INFO:colcon.colcon_core.shell:Creating package descriptor '/home/iris/RVI/install/odrive_demo_bringup/share/odrive_demo_bringup/package.dsv'
[9.694s] INFO:colcon.colcon_core.shell:Creating package script '/home/iris/RVI/install/odrive_demo_bringup/share/odrive_demo_bringup/package.sh'
[9.696s] INFO:colcon.colcon_core.shell:Creating package script '/home/iris/RVI/install/odrive_demo_bringup/share/odrive_demo_bringup/package.bash'
[9.698s] INFO:colcon.colcon_core.shell:Creating package script '/home/iris/RVI/install/odrive_demo_bringup/share/odrive_demo_bringup/package.zsh'
[9.699s] Level 1:colcon.colcon_core.environment:create_file_with_runtime_dependencies(/home/iris/RVI/install/odrive_demo_bringup/share/colcon-core/packages/odrive_demo_bringup)
[9.870s] Level 1:colcon.colcon_core.environment:create_environment_scripts_only(odrive_demo_bringup)
[9.931s] Level 1:colcon.colcon_core.environment:checking '/home/iris/RVI/install/odrive_demo_bringup' for CMake module files
[9.934s] Level 1:colcon.colcon_core.environment:checking '/home/iris/RVI/install/odrive_demo_bringup' for CMake config files
[9.936s] Level 1:colcon.colcon_core.shell:create_environment_hook('odrive_demo_bringup', 'cmake_prefix_path')
[10.004s] INFO:colcon.colcon_core.shell:Creating environment hook '/home/iris/RVI/install/odrive_demo_bringup/share/odrive_demo_bringup/hook/cmake_prefix_path.ps1'
[10.006s] INFO:colcon.colcon_core.shell:Creating environment descriptor '/home/iris/RVI/install/odrive_demo_bringup/share/odrive_demo_bringup/hook/cmake_prefix_path.dsv'
[10.009s] INFO:colcon.colcon_core.shell:Creating environment hook '/home/iris/RVI/install/odrive_demo_bringup/share/odrive_demo_bringup/hook/cmake_prefix_path.sh'
[10.012s] Level 1:colcon.colcon_core.environment:checking '/home/iris/RVI/install/odrive_demo_bringup/bin'
[10.012s] Level 1:colcon.colcon_core.environment:checking '/home/iris/RVI/install/odrive_demo_bringup/lib/pkgconfig/odrive_demo_bringup.pc'
[10.013s] Level 1:colcon.colcon_core.environment:checking '/home/iris/RVI/install/odrive_demo_bringup/lib/python3.10/site-packages'
[10.014s] Level 1:colcon.colcon_core.environment:checking '/home/iris/RVI/install/odrive_demo_bringup/bin'
[10.073s] INFO:colcon.colcon_core.shell:Creating package script '/home/iris/RVI/install/odrive_demo_bringup/share/odrive_demo_bringup/package.ps1'
[10.076s] INFO:colcon.colcon_core.shell:Creating package descriptor '/home/iris/RVI/install/odrive_demo_bringup/share/odrive_demo_bringup/package.dsv'
[10.079s] INFO:colcon.colcon_core.shell:Creating package script '/home/iris/RVI/install/odrive_demo_bringup/share/odrive_demo_bringup/package.sh'
[10.081s] INFO:colcon.colcon_core.shell:Creating package script '/home/iris/RVI/install/odrive_demo_bringup/share/odrive_demo_bringup/package.bash'
[10.083s] INFO:colcon.colcon_core.shell:Creating package script '/home/iris/RVI/install/odrive_demo_bringup/share/odrive_demo_bringup/package.zsh'
[10.086s] Level 1:colcon.colcon_core.environment:create_file_with_runtime_dependencies(/home/iris/RVI/install/odrive_demo_bringup/share/colcon-core/packages/odrive_demo_bringup)
[10.087s] INFO:colcon.colcon_ros.task.ament_cmake.build:Building ROS package in '/home/iris/RVI/src/odrive_ros2_control/odrive_ros2_control' with build type 'ament_cmake'
[10.088s] INFO:colcon.colcon_cmake.task.cmake.build:Building CMake package in '/home/iris/RVI/src/odrive_ros2_control/odrive_ros2_control'
[10.158s] INFO:colcon.colcon_core.shell:Skip shell extension 'powershell' for command environment: Not usable outside of PowerShell
[10.158s] DEBUG:colcon.colcon_core.shell:Skip shell extension 'dsv' for command environment
[10.441s] DEBUG:colcon.colcon_core.event_handler.log_command:Invoking command in '/home/iris/RVI/build/odrive_ros2_control': CMAKE_PREFIX_PATH=/home/iris/RVI/install/odrive_demo_bringup:/home/iris/RVI/install/odrive_hardware_interface:/home/iris/RVI/install/odrive_demo_description:/home/iris/RVI/install/r6:/home/iris/RVI/install/odrive_ros2_control:/home/iris/RVI/install/my_bot:/opt/ros/humble /usr/bin/cmake --build /home/iris/RVI/build/odrive_ros2_control -- -j4 -l4
[10.575s] DEBUG:colcon.colcon_core.event_handler.log_command:Invoked command in '/home/iris/RVI/build/odrive_ros2_control' returned '0': CMAKE_PREFIX_PATH=/home/iris/RVI/install/odrive_demo_bringup:/home/iris/RVI/install/odrive_hardware_interface:/home/iris/RVI/install/odrive_demo_description:/home/iris/RVI/install/r6:/home/iris/RVI/install/odrive_ros2_control:/home/iris/RVI/install/my_bot:/opt/ros/humble /usr/bin/cmake --build /home/iris/RVI/build/odrive_ros2_control -- -j4 -l4
[10.692s] DEBUG:colcon.colcon_core.event_handler.log_command:Invoking command in '/home/iris/RVI/build/odrive_ros2_control': CMAKE_PREFIX_PATH=/home/iris/RVI/install/odrive_demo_bringup:/home/iris/RVI/install/odrive_hardware_interface:/home/iris/RVI/install/odrive_demo_description:/home/iris/RVI/install/r6:/home/iris/RVI/install/odrive_ros2_control:/home/iris/RVI/install/my_bot:/opt/ros/humble /usr/bin/cmake --install /home/iris/RVI/build/odrive_ros2_control
[10.773s] Level 1:colcon.colcon_core.environment:create_environment_scripts_only(odrive_ros2_control)
[10.775s] DEBUG:colcon.colcon_core.event_handler.log_command:Invoked command in '/home/iris/RVI/build/odrive_ros2_control' returned '0': CMAKE_PREFIX_PATH=/home/iris/RVI/install/odrive_demo_bringup:/home/iris/RVI/install/odrive_hardware_interface:/home/iris/RVI/install/odrive_demo_description:/home/iris/RVI/install/r6:/home/iris/RVI/install/odrive_ros2_control:/home/iris/RVI/install/my_bot:/opt/ros/humble /usr/bin/cmake --install /home/iris/RVI/build/odrive_ros2_control
[10.838s] Level 1:colcon.colcon_core.environment:checking '/home/iris/RVI/install/odrive_ros2_control' for CMake module files
[10.841s] Level 1:colcon.colcon_core.environment:checking '/home/iris/RVI/install/odrive_ros2_control' for CMake config files
[10.843s] Level 1:colcon.colcon_core.shell:create_environment_hook('odrive_ros2_control', 'cmake_prefix_path')
[10.903s] INFO:colcon.colcon_core.shell:Creating environment hook '/home/iris/RVI/install/odrive_ros2_control/share/odrive_ros2_control/hook/cmake_prefix_path.ps1'
[10.906s] INFO:colcon.colcon_core.shell:Creating environment descriptor '/home/iris/RVI/install/odrive_ros2_control/share/odrive_ros2_control/hook/cmake_prefix_path.dsv'
[10.907s] INFO:colcon.colcon_core.shell:Creating environment hook '/home/iris/RVI/install/odrive_ros2_control/share/odrive_ros2_control/hook/cmake_prefix_path.sh'
[10.910s] Level 1:colcon.colcon_core.environment:checking '/home/iris/RVI/install/odrive_ros2_control/bin'
[10.911s] Level 1:colcon.colcon_core.environment:checking '/home/iris/RVI/install/odrive_ros2_control/lib/pkgconfig/odrive_ros2_control.pc'
[10.912s] Level 1:colcon.colcon_core.environment:checking '/home/iris/RVI/install/odrive_ros2_control/lib/python3.10/site-packages'
[10.913s] Level 1:colcon.colcon_core.environment:checking '/home/iris/RVI/install/odrive_ros2_control/bin'
[10.973s] INFO:colcon.colcon_core.shell:Creating package script '/home/iris/RVI/install/odrive_ros2_control/share/odrive_ros2_control/package.ps1'
[10.975s] INFO:colcon.colcon_core.shell:Creating package descriptor '/home/iris/RVI/install/odrive_ros2_control/share/odrive_ros2_control/package.dsv'
[10.977s] INFO:colcon.colcon_core.shell:Creating package script '/home/iris/RVI/install/odrive_ros2_control/share/odrive_ros2_control/package.sh'
[10.979s] INFO:colcon.colcon_core.shell:Creating package script '/home/iris/RVI/install/odrive_ros2_control/share/odrive_ros2_control/package.bash'
[10.981s] INFO:colcon.colcon_core.shell:Creating package script '/home/iris/RVI/install/odrive_ros2_control/share/odrive_ros2_control/package.zsh'
[10.983s] Level 1:colcon.colcon_core.environment:create_file_with_runtime_dependencies(/home/iris/RVI/install/odrive_ros2_control/share/colcon-core/packages/odrive_ros2_control)
[11.150s] Level 1:colcon.colcon_core.environment:create_environment_scripts_only(odrive_ros2_control)
[11.210s] Level 1:colcon.colcon_core.environment:checking '/home/iris/RVI/install/odrive_ros2_control' for CMake module files
[11.213s] Level 1:colcon.colcon_core.environment:checking '/home/iris/RVI/install/odrive_ros2_control' for CMake config files
[11.215s] Level 1:colcon.colcon_core.shell:create_environment_hook('odrive_ros2_control', 'cmake_prefix_path')
[11.274s] INFO:colcon.colcon_core.shell:Creating environment hook '/home/iris/RVI/install/odrive_ros2_control/share/odrive_ros2_control/hook/cmake_prefix_path.ps1'
[11.276s] INFO:colcon.colcon_core.shell:Creating environment descriptor '/home/iris/RVI/install/odrive_ros2_control/share/odrive_ros2_control/hook/cmake_prefix_path.dsv'
[11.278s] INFO:colcon.colcon_core.shell:Creating environment hook '/home/iris/RVI/install/odrive_ros2_control/share/odrive_ros2_control/hook/cmake_prefix_path.sh'
[11.281s] Level 1:colcon.colcon_core.environment:checking '/home/iris/RVI/install/odrive_ros2_control/bin'
[11.282s] Level 1:colcon.colcon_core.environment:checking '/home/iris/RVI/install/odrive_ros2_control/lib/pkgconfig/odrive_ros2_control.pc'
[11.283s] Level 1:colcon.colcon_core.environment:checking '/home/iris/RVI/install/odrive_ros2_control/lib/python3.10/site-packages'
[11.284s] Level 1:colcon.colcon_core.environment:checking '/home/iris/RVI/install/odrive_ros2_control/bin'
[11.350s] INFO:colcon.colcon_core.shell:Creating package script '/home/iris/RVI/install/odrive_ros2_control/share/odrive_ros2_control/package.ps1'
[11.352s] INFO:colcon.colcon_core.shell:Creating package descriptor '/home/iris/RVI/install/odrive_ros2_control/share/odrive_ros2_control/package.dsv'
[11.355s] INFO:colcon.colcon_core.shell:Creating package script '/home/iris/RVI/install/odrive_ros2_control/share/odrive_ros2_control/package.sh'
[11.357s] INFO:colcon.colcon_core.shell:Creating package script '/home/iris/RVI/install/odrive_ros2_control/share/odrive_ros2_control/package.bash'
[11.360s] INFO:colcon.colcon_core.shell:Creating package script '/home/iris/RVI/install/odrive_ros2_control/share/odrive_ros2_control/package.zsh'
[11.362s] Level 1:colcon.colcon_core.environment:create_file_with_runtime_dependencies(/home/iris/RVI/install/odrive_ros2_control/share/colcon-core/packages/odrive_ros2_control)
[11.363s] DEBUG:colcon.colcon_parallel_executor.executor.parallel:closing loop
[11.364s] DEBUG:colcon.colcon_parallel_executor.executor.parallel:loop closed
[11.364s] DEBUG:colcon.colcon_parallel_executor.executor.parallel:run_until_complete finished with '0'
[11.365s] DEBUG:colcon.colcon_core.event_reactor:joining thread
[11.445s] INFO:colcon.colcon_core.plugin_system:Skipping extension 'colcon_notification.desktop_notification.terminal_notifier': Not used on non-Darwin systems
[11.445s] INFO:colcon.colcon_core.plugin_system:Skipping extension 'colcon_notification.desktop_notification.win32': Not used on non-Windows systems
[11.446s] INFO:colcon.colcon_notification.desktop_notification:Sending desktop notification using 'notify2'
[11.486s] DEBUG:colcon.colcon_core.event_reactor:joined thread
[11.550s] INFO:colcon.colcon_core.shell:Creating prefix script '/home/iris/RVI/install/local_setup.ps1'
[11.553s] INFO:colcon.colcon_core.shell:Creating prefix util module '/home/iris/RVI/install/_local_setup_util_ps1.py'
[11.559s] INFO:colcon.colcon_core.shell:Creating prefix chain script '/home/iris/RVI/install/setup.ps1'
[11.622s] INFO:colcon.colcon_core.shell:Creating prefix script '/home/iris/RVI/install/local_setup.sh'
[11.625s] INFO:colcon.colcon_core.shell:Creating prefix util module '/home/iris/RVI/install/_local_setup_util_sh.py'
[11.627s] INFO:colcon.colcon_core.shell:Creating prefix chain script '/home/iris/RVI/install/setup.sh'
[11.691s] INFO:colcon.colcon_core.shell:Creating prefix script '/home/iris/RVI/install/local_setup.bash'
[11.694s] INFO:colcon.colcon_core.shell:Creating prefix chain script '/home/iris/RVI/install/setup.bash'
[11.758s] INFO:colcon.colcon_core.shell:Creating prefix script '/home/iris/RVI/install/local_setup.zsh'
[11.760s] INFO:colcon.colcon_core.shell:Creating prefix chain script '/home/iris/RVI/install/setup.zsh'
